[2024-04-17T02:08:52.013+0000] {local_task_job_runner.py:120} INFO - ::group::Pre task execution logs
[2024-04-17T02:08:52.058+0000] {taskinstance.py:2073} INFO - Dependencies all met for dep_context=non-requeueable deps ti=<TaskInstance: financial_data_pipeline.extract_data scheduled__2024-04-16T00:00:00+00:00 [queued]>
[2024-04-17T02:08:52.067+0000] {taskinstance.py:2073} INFO - Dependencies all met for dep_context=requeueable deps ti=<TaskInstance: financial_data_pipeline.extract_data scheduled__2024-04-16T00:00:00+00:00 [queued]>
[2024-04-17T02:08:52.068+0000] {taskinstance.py:2303} INFO - Starting attempt 1 of 2
[2024-04-17T02:08:52.081+0000] {taskinstance.py:2327} INFO - Executing <Task(PythonOperator): extract_data> on 2024-04-16 00:00:00+00:00
[2024-04-17T02:08:52.093+0000] {warnings.py:110} WARNING - /home/***/.local/lib/python3.12/site-packages/***/task/task_runner/standard_task_runner.py:61: DeprecationWarning: This process (pid=74) is multi-threaded, use of fork() may lead to deadlocks in the child.
  pid = os.fork()

[2024-04-17T02:08:52.098+0000] {standard_task_runner.py:90} INFO - Running: ['***', 'tasks', 'run', 'financial_data_pipeline', 'extract_data', 'scheduled__2024-04-16T00:00:00+00:00', '--job-id', '80', '--raw', '--subdir', 'DAGS_FOLDER/financial_data_pipeline.py', '--cfg-path', '/tmp/tmp9hbu2ijg']
[2024-04-17T02:08:52.118+0000] {standard_task_runner.py:63} INFO - Started process 89 to run task
[2024-04-17T02:08:52.118+0000] {standard_task_runner.py:91} INFO - Job 80: Subtask extract_data
[2024-04-17T02:08:52.476+0000] {task_command.py:426} INFO - Running <TaskInstance: financial_data_pipeline.extract_data scheduled__2024-04-16T00:00:00+00:00 [running]> on host ca14a7f50ef7
[2024-04-17T02:08:52.674+0000] {taskinstance.py:2644} INFO - Exporting env vars: AIRFLOW_CTX_DAG_OWNER='***' AIRFLOW_CTX_DAG_ID='financial_data_pipeline' AIRFLOW_CTX_TASK_ID='extract_data' AIRFLOW_CTX_EXECUTION_DATE='2024-04-16T00:00:00+00:00' AIRFLOW_CTX_TRY_NUMBER='1' AIRFLOW_CTX_DAG_RUN_ID='scheduled__2024-04-16T00:00:00+00:00'
[2024-04-17T02:08:52.675+0000] {taskinstance.py:430} INFO - ::endgroup::
[2024-04-17T02:08:53.010+0000] {logging_mixin.py:188} INFO - Data for AAPL saved successfully.
[2024-04-17T02:08:53.013+0000] {python.py:237} INFO - Done. Returned value was: None
[2024-04-17T02:08:53.015+0000] {taskinstance.py:441} INFO - ::group::Post task execution logs
[2024-04-17T02:08:53.036+0000] {taskinstance.py:1205} INFO - Marking task as SUCCESS. dag_id=financial_data_pipeline, task_id=extract_data, execution_date=20240416T000000, start_date=20240417T020852, end_date=20240417T020853
[2024-04-17T02:08:53.073+0000] {local_task_job_runner.py:240} INFO - Task exited with return code 0
[2024-04-17T02:08:53.103+0000] {taskinstance.py:3482} INFO - 1 downstream tasks scheduled from follow-on schedule check
[2024-04-17T02:08:53.105+0000] {local_task_job_runner.py:222} INFO - ::endgroup::
