[2024-04-20T00:32:57.667+0000] {local_task_job_runner.py:120} INFO - ::group::Pre task execution logs
[2024-04-20T00:32:57.690+0000] {taskinstance.py:2073} INFO - Dependencies all met for dep_context=non-requeueable deps ti=<TaskInstance: financial_data_pipeline.extract_data scheduled__2024-04-17T00:00:00+00:00 [queued]>
[2024-04-20T00:32:57.698+0000] {taskinstance.py:2073} INFO - Dependencies all met for dep_context=requeueable deps ti=<TaskInstance: financial_data_pipeline.extract_data scheduled__2024-04-17T00:00:00+00:00 [queued]>
[2024-04-20T00:32:57.698+0000] {taskinstance.py:2303} INFO - Starting attempt 1 of 2
[2024-04-20T00:32:57.709+0000] {taskinstance.py:2327} INFO - Executing <Task(PythonOperator): extract_data> on 2024-04-17 00:00:00+00:00
[2024-04-20T00:32:57.719+0000] {warnings.py:110} WARNING - /home/***/.local/lib/python3.12/site-packages/***/task/task_runner/standard_task_runner.py:61: DeprecationWarning: This process (pid=62) is multi-threaded, use of fork() may lead to deadlocks in the child.
  pid = os.fork()

[2024-04-20T00:32:57.720+0000] {standard_task_runner.py:90} INFO - Running: ['***', 'tasks', 'run', 'financial_data_pipeline', 'extract_data', 'scheduled__2024-04-17T00:00:00+00:00', '--job-id', '117', '--raw', '--subdir', 'DAGS_FOLDER/financial_data_pipeline.py', '--cfg-path', '/tmp/tmpidpa9_gp']
[2024-04-20T00:32:57.729+0000] {standard_task_runner.py:63} INFO - Started process 74 to run task
[2024-04-20T00:32:57.729+0000] {standard_task_runner.py:91} INFO - Job 117: Subtask extract_data
[2024-04-20T00:32:57.789+0000] {task_command.py:426} INFO - Running <TaskInstance: financial_data_pipeline.extract_data scheduled__2024-04-17T00:00:00+00:00 [running]> on host 8f675f011065
[2024-04-20T00:32:57.879+0000] {taskinstance.py:2644} INFO - Exporting env vars: AIRFLOW_CTX_DAG_OWNER='***' AIRFLOW_CTX_DAG_ID='financial_data_pipeline' AIRFLOW_CTX_TASK_ID='extract_data' AIRFLOW_CTX_EXECUTION_DATE='2024-04-17T00:00:00+00:00' AIRFLOW_CTX_TRY_NUMBER='1' AIRFLOW_CTX_DAG_RUN_ID='scheduled__2024-04-17T00:00:00+00:00'
[2024-04-20T00:32:57.881+0000] {taskinstance.py:430} INFO - ::endgroup::
[2024-04-20T00:32:59.815+0000] {logging_mixin.py:188} INFO - Data for AAPL saved successfully.
[2024-04-20T00:32:59.817+0000] {python.py:237} INFO - Done. Returned value was: None
[2024-04-20T00:32:59.818+0000] {taskinstance.py:441} INFO - ::group::Post task execution logs
[2024-04-20T00:32:59.827+0000] {taskinstance.py:1205} INFO - Marking task as SUCCESS. dag_id=financial_data_pipeline, task_id=extract_data, execution_date=20240417T000000, start_date=20240420T003257, end_date=20240420T003259
[2024-04-20T00:32:59.871+0000] {local_task_job_runner.py:240} INFO - Task exited with return code 0
[2024-04-20T00:32:59.891+0000] {taskinstance.py:3482} INFO - 1 downstream tasks scheduled from follow-on schedule check
[2024-04-20T00:32:59.892+0000] {local_task_job_runner.py:222} INFO - ::endgroup::
