[2024-04-17T02:08:55.140+0000] {local_task_job_runner.py:120} INFO - ::group::Pre task execution logs
[2024-04-17T02:08:55.168+0000] {taskinstance.py:2073} INFO - Dependencies all met for dep_context=non-requeueable deps ti=<TaskInstance: financial_data_pipeline.clean_and_transform_data scheduled__2024-04-16T00:00:00+00:00 [queued]>
[2024-04-17T02:08:55.181+0000] {taskinstance.py:2073} INFO - Dependencies all met for dep_context=requeueable deps ti=<TaskInstance: financial_data_pipeline.clean_and_transform_data scheduled__2024-04-16T00:00:00+00:00 [queued]>
[2024-04-17T02:08:55.182+0000] {taskinstance.py:2303} INFO - Starting attempt 1 of 2
[2024-04-17T02:08:55.197+0000] {taskinstance.py:2327} INFO - Executing <Task(PythonOperator): clean_and_transform_data> on 2024-04-16 00:00:00+00:00
[2024-04-17T02:08:55.212+0000] {warnings.py:110} WARNING - /home/***/.local/lib/python3.12/site-packages/***/task/task_runner/standard_task_runner.py:61: DeprecationWarning: This process (pid=95) is multi-threaded, use of fork() may lead to deadlocks in the child.
  pid = os.fork()

[2024-04-17T02:08:55.216+0000] {standard_task_runner.py:63} INFO - Started process 124 to run task
[2024-04-17T02:08:55.215+0000] {standard_task_runner.py:90} INFO - Running: ['***', 'tasks', 'run', 'financial_data_pipeline', 'clean_and_transform_data', 'scheduled__2024-04-16T00:00:00+00:00', '--job-id', '87', '--raw', '--subdir', 'DAGS_FOLDER/financial_data_pipeline.py', '--cfg-path', '/tmp/tmpluc7ynab']
[2024-04-17T02:08:55.224+0000] {standard_task_runner.py:91} INFO - Job 87: Subtask clean_and_transform_data
[2024-04-17T02:08:55.391+0000] {task_command.py:426} INFO - Running <TaskInstance: financial_data_pipeline.clean_and_transform_data scheduled__2024-04-16T00:00:00+00:00 [running]> on host ca14a7f50ef7
[2024-04-17T02:08:55.543+0000] {taskinstance.py:2644} INFO - Exporting env vars: AIRFLOW_CTX_DAG_OWNER='***' AIRFLOW_CTX_DAG_ID='financial_data_pipeline' AIRFLOW_CTX_TASK_ID='clean_and_transform_data' AIRFLOW_CTX_EXECUTION_DATE='2024-04-16T00:00:00+00:00' AIRFLOW_CTX_TRY_NUMBER='1' AIRFLOW_CTX_DAG_RUN_ID='scheduled__2024-04-16T00:00:00+00:00'
[2024-04-17T02:08:55.546+0000] {taskinstance.py:430} INFO - ::endgroup::
[2024-04-17T02:08:55.576+0000] {logging_mixin.py:188} INFO - No missing values detected.
[2024-04-17T02:08:55.585+0000] {logging_mixin.py:188} INFO - Data cleaning and transformation completed successfully. Cleaned data saved to dags/AAPL_daily_cleaned.csv
[2024-04-17T02:08:55.586+0000] {python.py:237} INFO - Done. Returned value was: None
[2024-04-17T02:08:55.587+0000] {taskinstance.py:441} INFO - ::group::Post task execution logs
[2024-04-17T02:08:55.594+0000] {taskinstance.py:1205} INFO - Marking task as SUCCESS. dag_id=financial_data_pipeline, task_id=clean_and_transform_data, execution_date=20240416T000000, start_date=20240417T020855, end_date=20240417T020855
[2024-04-17T02:08:55.635+0000] {local_task_job_runner.py:240} INFO - Task exited with return code 0
[2024-04-17T02:08:55.657+0000] {taskinstance.py:3482} INFO - 1 downstream tasks scheduled from follow-on schedule check
[2024-04-17T02:08:55.660+0000] {local_task_job_runner.py:222} INFO - ::endgroup::
