[2024-03-05T01:42:51.135+0000] {processor.py:161} INFO - Started process (PID=47) to work on /home/airflow/.local/lib/python3.11/site-packages/airflow/example_dags/example_params_trigger_ui.py
[2024-03-05T01:42:51.137+0000] {processor.py:830} INFO - Processing file /home/airflow/.local/lib/python3.11/site-packages/airflow/example_dags/example_params_trigger_ui.py for tasks to queue
[2024-03-05T01:42:51.140+0000] {logging_mixin.py:188} INFO - [2024-03-05T01:42:51.140+0000] {dagbag.py:540} INFO - Filling up the DagBag from /home/airflow/.local/lib/python3.11/site-packages/airflow/example_dags/example_params_trigger_ui.py
[2024-03-05T01:42:51.165+0000] {processor.py:840} INFO - DAG(s) 'example_params_trigger_ui' retrieved from /home/airflow/.local/lib/python3.11/site-packages/airflow/example_dags/example_params_trigger_ui.py
[2024-03-05T01:42:51.178+0000] {logging_mixin.py:188} INFO - [2024-03-05T01:42:51.178+0000] {dag.py:3047} INFO - Sync 1 DAGs
[2024-03-05T01:42:51.189+0000] {logging_mixin.py:188} INFO - [2024-03-05T01:42:51.188+0000] {dag.py:3834} INFO - Setting next_dagrun for example_params_trigger_ui to None, run_after=None
[2024-03-05T01:42:51.206+0000] {processor.py:183} INFO - Processing /home/airflow/.local/lib/python3.11/site-packages/airflow/example_dags/example_params_trigger_ui.py took 0.075 seconds
[2024-03-05T01:43:21.824+0000] {processor.py:161} INFO - Started process (PID=102) to work on /home/airflow/.local/lib/python3.11/site-packages/airflow/example_dags/example_params_trigger_ui.py
[2024-03-05T01:43:21.825+0000] {processor.py:830} INFO - Processing file /home/airflow/.local/lib/python3.11/site-packages/airflow/example_dags/example_params_trigger_ui.py for tasks to queue
[2024-03-05T01:43:21.828+0000] {logging_mixin.py:188} INFO - [2024-03-05T01:43:21.827+0000] {dagbag.py:540} INFO - Filling up the DagBag from /home/airflow/.local/lib/python3.11/site-packages/airflow/example_dags/example_params_trigger_ui.py
[2024-03-05T01:43:21.849+0000] {processor.py:840} INFO - DAG(s) 'example_params_trigger_ui' retrieved from /home/airflow/.local/lib/python3.11/site-packages/airflow/example_dags/example_params_trigger_ui.py
[2024-03-05T01:43:21.940+0000] {logging_mixin.py:188} INFO - [2024-03-05T01:43:21.940+0000] {dag.py:3047} INFO - Sync 1 DAGs
[2024-03-05T01:43:21.948+0000] {logging_mixin.py:188} INFO - [2024-03-05T01:43:21.948+0000] {dag.py:3834} INFO - Setting next_dagrun for example_params_trigger_ui to None, run_after=None
[2024-03-05T01:43:21.967+0000] {processor.py:183} INFO - Processing /home/airflow/.local/lib/python3.11/site-packages/airflow/example_dags/example_params_trigger_ui.py took 0.146 seconds
[2024-03-05T01:43:52.856+0000] {processor.py:161} INFO - Started process (PID=157) to work on /home/airflow/.local/lib/python3.11/site-packages/airflow/example_dags/example_params_trigger_ui.py
[2024-03-05T01:43:52.857+0000] {processor.py:830} INFO - Processing file /home/airflow/.local/lib/python3.11/site-packages/airflow/example_dags/example_params_trigger_ui.py for tasks to queue
[2024-03-05T01:43:52.859+0000] {logging_mixin.py:188} INFO - [2024-03-05T01:43:52.859+0000] {dagbag.py:540} INFO - Filling up the DagBag from /home/airflow/.local/lib/python3.11/site-packages/airflow/example_dags/example_params_trigger_ui.py
[2024-03-05T01:43:52.869+0000] {processor.py:840} INFO - DAG(s) 'example_params_trigger_ui' retrieved from /home/airflow/.local/lib/python3.11/site-packages/airflow/example_dags/example_params_trigger_ui.py
[2024-03-05T01:43:52.897+0000] {logging_mixin.py:188} INFO - [2024-03-05T01:43:52.897+0000] {dag.py:3047} INFO - Sync 1 DAGs
[2024-03-05T01:43:52.906+0000] {logging_mixin.py:188} INFO - [2024-03-05T01:43:52.906+0000] {dag.py:3834} INFO - Setting next_dagrun for example_params_trigger_ui to None, run_after=None
[2024-03-05T01:43:52.922+0000] {processor.py:183} INFO - Processing /home/airflow/.local/lib/python3.11/site-packages/airflow/example_dags/example_params_trigger_ui.py took 0.069 seconds
[2024-03-05T01:44:23.692+0000] {processor.py:161} INFO - Started process (PID=212) to work on /home/airflow/.local/lib/python3.11/site-packages/airflow/example_dags/example_params_trigger_ui.py
[2024-03-05T01:44:23.693+0000] {processor.py:830} INFO - Processing file /home/airflow/.local/lib/python3.11/site-packages/airflow/example_dags/example_params_trigger_ui.py for tasks to queue
[2024-03-05T01:44:23.695+0000] {logging_mixin.py:188} INFO - [2024-03-05T01:44:23.695+0000] {dagbag.py:540} INFO - Filling up the DagBag from /home/airflow/.local/lib/python3.11/site-packages/airflow/example_dags/example_params_trigger_ui.py
[2024-03-05T01:44:23.705+0000] {processor.py:840} INFO - DAG(s) 'example_params_trigger_ui' retrieved from /home/airflow/.local/lib/python3.11/site-packages/airflow/example_dags/example_params_trigger_ui.py
[2024-03-05T01:44:23.734+0000] {logging_mixin.py:188} INFO - [2024-03-05T01:44:23.734+0000] {dag.py:3047} INFO - Sync 1 DAGs
[2024-03-05T01:44:23.743+0000] {logging_mixin.py:188} INFO - [2024-03-05T01:44:23.743+0000] {dag.py:3834} INFO - Setting next_dagrun for example_params_trigger_ui to None, run_after=None
[2024-03-05T01:44:23.760+0000] {processor.py:183} INFO - Processing /home/airflow/.local/lib/python3.11/site-packages/airflow/example_dags/example_params_trigger_ui.py took 0.071 seconds
[2024-03-05T01:44:54.509+0000] {processor.py:161} INFO - Started process (PID=267) to work on /home/airflow/.local/lib/python3.11/site-packages/airflow/example_dags/example_params_trigger_ui.py
[2024-03-05T01:44:54.510+0000] {processor.py:830} INFO - Processing file /home/airflow/.local/lib/python3.11/site-packages/airflow/example_dags/example_params_trigger_ui.py for tasks to queue
[2024-03-05T01:44:54.515+0000] {logging_mixin.py:188} INFO - [2024-03-05T01:44:54.515+0000] {dagbag.py:540} INFO - Filling up the DagBag from /home/airflow/.local/lib/python3.11/site-packages/airflow/example_dags/example_params_trigger_ui.py
[2024-03-05T01:44:54.525+0000] {processor.py:840} INFO - DAG(s) 'example_params_trigger_ui' retrieved from /home/airflow/.local/lib/python3.11/site-packages/airflow/example_dags/example_params_trigger_ui.py
[2024-03-05T01:44:54.554+0000] {logging_mixin.py:188} INFO - [2024-03-05T01:44:54.553+0000] {dag.py:3047} INFO - Sync 1 DAGs
[2024-03-05T01:44:54.562+0000] {logging_mixin.py:188} INFO - [2024-03-05T01:44:54.562+0000] {dag.py:3834} INFO - Setting next_dagrun for example_params_trigger_ui to None, run_after=None
[2024-03-05T01:44:54.578+0000] {processor.py:183} INFO - Processing /home/airflow/.local/lib/python3.11/site-packages/airflow/example_dags/example_params_trigger_ui.py took 0.071 seconds
[2024-03-05T01:45:24.963+0000] {processor.py:161} INFO - Started process (PID=322) to work on /home/airflow/.local/lib/python3.11/site-packages/airflow/example_dags/example_params_trigger_ui.py
[2024-03-05T01:45:24.964+0000] {processor.py:830} INFO - Processing file /home/airflow/.local/lib/python3.11/site-packages/airflow/example_dags/example_params_trigger_ui.py for tasks to queue
[2024-03-05T01:45:24.966+0000] {logging_mixin.py:188} INFO - [2024-03-05T01:45:24.965+0000] {dagbag.py:540} INFO - Filling up the DagBag from /home/airflow/.local/lib/python3.11/site-packages/airflow/example_dags/example_params_trigger_ui.py
[2024-03-05T01:45:24.975+0000] {processor.py:840} INFO - DAG(s) 'example_params_trigger_ui' retrieved from /home/airflow/.local/lib/python3.11/site-packages/airflow/example_dags/example_params_trigger_ui.py
[2024-03-05T01:45:25.003+0000] {logging_mixin.py:188} INFO - [2024-03-05T01:45:25.003+0000] {dag.py:3047} INFO - Sync 1 DAGs
[2024-03-05T01:45:25.012+0000] {logging_mixin.py:188} INFO - [2024-03-05T01:45:25.012+0000] {dag.py:3834} INFO - Setting next_dagrun for example_params_trigger_ui to None, run_after=None
[2024-03-05T01:45:25.024+0000] {processor.py:183} INFO - Processing /home/airflow/.local/lib/python3.11/site-packages/airflow/example_dags/example_params_trigger_ui.py took 0.066 seconds
[2024-03-05T01:45:55.526+0000] {processor.py:161} INFO - Started process (PID=377) to work on /home/airflow/.local/lib/python3.11/site-packages/airflow/example_dags/example_params_trigger_ui.py
[2024-03-05T01:45:55.528+0000] {processor.py:830} INFO - Processing file /home/airflow/.local/lib/python3.11/site-packages/airflow/example_dags/example_params_trigger_ui.py for tasks to queue
[2024-03-05T01:45:55.529+0000] {logging_mixin.py:188} INFO - [2024-03-05T01:45:55.529+0000] {dagbag.py:540} INFO - Filling up the DagBag from /home/airflow/.local/lib/python3.11/site-packages/airflow/example_dags/example_params_trigger_ui.py
[2024-03-05T01:45:55.540+0000] {processor.py:840} INFO - DAG(s) 'example_params_trigger_ui' retrieved from /home/airflow/.local/lib/python3.11/site-packages/airflow/example_dags/example_params_trigger_ui.py
[2024-03-05T01:45:55.568+0000] {logging_mixin.py:188} INFO - [2024-03-05T01:45:55.568+0000] {dag.py:3047} INFO - Sync 1 DAGs
[2024-03-05T01:45:55.577+0000] {logging_mixin.py:188} INFO - [2024-03-05T01:45:55.576+0000] {dag.py:3834} INFO - Setting next_dagrun for example_params_trigger_ui to None, run_after=None
[2024-03-05T01:45:55.591+0000] {processor.py:183} INFO - Processing /home/airflow/.local/lib/python3.11/site-packages/airflow/example_dags/example_params_trigger_ui.py took 0.067 seconds
[2024-03-05T01:46:25.683+0000] {processor.py:161} INFO - Started process (PID=432) to work on /home/airflow/.local/lib/python3.11/site-packages/airflow/example_dags/example_params_trigger_ui.py
[2024-03-05T01:46:25.684+0000] {processor.py:830} INFO - Processing file /home/airflow/.local/lib/python3.11/site-packages/airflow/example_dags/example_params_trigger_ui.py for tasks to queue
[2024-03-05T01:46:25.686+0000] {logging_mixin.py:188} INFO - [2024-03-05T01:46:25.685+0000] {dagbag.py:540} INFO - Filling up the DagBag from /home/airflow/.local/lib/python3.11/site-packages/airflow/example_dags/example_params_trigger_ui.py
[2024-03-05T01:46:25.696+0000] {processor.py:840} INFO - DAG(s) 'example_params_trigger_ui' retrieved from /home/airflow/.local/lib/python3.11/site-packages/airflow/example_dags/example_params_trigger_ui.py
[2024-03-05T01:46:25.726+0000] {logging_mixin.py:188} INFO - [2024-03-05T01:46:25.726+0000] {dag.py:3047} INFO - Sync 1 DAGs
[2024-03-05T01:46:25.737+0000] {logging_mixin.py:188} INFO - [2024-03-05T01:46:25.737+0000] {dag.py:3834} INFO - Setting next_dagrun for example_params_trigger_ui to None, run_after=None
[2024-03-05T01:46:25.752+0000] {processor.py:183} INFO - Processing /home/airflow/.local/lib/python3.11/site-packages/airflow/example_dags/example_params_trigger_ui.py took 0.072 seconds
