[2024-03-05T01:42:53.104+0000] {processor.py:161} INFO - Started process (PID=84) to work on /home/airflow/.local/lib/python3.11/site-packages/airflow/example_dags/example_trigger_controller_dag.py
[2024-03-05T01:42:53.106+0000] {processor.py:830} INFO - Processing file /home/airflow/.local/lib/python3.11/site-packages/airflow/example_dags/example_trigger_controller_dag.py for tasks to queue
[2024-03-05T01:42:53.108+0000] {logging_mixin.py:188} INFO - [2024-03-05T01:42:53.107+0000] {dagbag.py:540} INFO - Filling up the DagBag from /home/airflow/.local/lib/python3.11/site-packages/airflow/example_dags/example_trigger_controller_dag.py
[2024-03-05T01:42:53.113+0000] {processor.py:840} INFO - DAG(s) 'example_trigger_controller_dag' retrieved from /home/airflow/.local/lib/python3.11/site-packages/airflow/example_dags/example_trigger_controller_dag.py
[2024-03-05T01:42:53.125+0000] {logging_mixin.py:188} INFO - [2024-03-05T01:42:53.125+0000] {dag.py:3047} INFO - Sync 1 DAGs
[2024-03-05T01:42:53.143+0000] {logging_mixin.py:188} INFO - [2024-03-05T01:42:53.143+0000] {dag.py:3834} INFO - Setting next_dagrun for example_trigger_controller_dag to 2021-01-01 00:00:00+00:00, run_after=2021-01-01 00:00:00+00:00
[2024-03-05T01:42:53.162+0000] {processor.py:183} INFO - Processing /home/airflow/.local/lib/python3.11/site-packages/airflow/example_dags/example_trigger_controller_dag.py took 0.060 seconds
[2024-03-05T01:43:25.165+0000] {processor.py:161} INFO - Started process (PID=139) to work on /home/airflow/.local/lib/python3.11/site-packages/airflow/example_dags/example_trigger_controller_dag.py
[2024-03-05T01:43:25.165+0000] {processor.py:830} INFO - Processing file /home/airflow/.local/lib/python3.11/site-packages/airflow/example_dags/example_trigger_controller_dag.py for tasks to queue
[2024-03-05T01:43:25.167+0000] {logging_mixin.py:188} INFO - [2024-03-05T01:43:25.167+0000] {dagbag.py:540} INFO - Filling up the DagBag from /home/airflow/.local/lib/python3.11/site-packages/airflow/example_dags/example_trigger_controller_dag.py
[2024-03-05T01:43:25.174+0000] {processor.py:840} INFO - DAG(s) 'example_trigger_controller_dag' retrieved from /home/airflow/.local/lib/python3.11/site-packages/airflow/example_dags/example_trigger_controller_dag.py
[2024-03-05T01:43:25.268+0000] {logging_mixin.py:188} INFO - [2024-03-05T01:43:25.268+0000] {dag.py:3047} INFO - Sync 1 DAGs
[2024-03-05T01:43:25.283+0000] {logging_mixin.py:188} INFO - [2024-03-05T01:43:25.283+0000] {dag.py:3834} INFO - Setting next_dagrun for example_trigger_controller_dag to 2021-01-01 00:00:00+00:00, run_after=2021-01-01 00:00:00+00:00
[2024-03-05T01:43:25.298+0000] {processor.py:183} INFO - Processing /home/airflow/.local/lib/python3.11/site-packages/airflow/example_dags/example_trigger_controller_dag.py took 0.136 seconds
[2024-03-05T01:43:56.009+0000] {processor.py:161} INFO - Started process (PID=194) to work on /home/airflow/.local/lib/python3.11/site-packages/airflow/example_dags/example_trigger_controller_dag.py
[2024-03-05T01:43:56.010+0000] {processor.py:830} INFO - Processing file /home/airflow/.local/lib/python3.11/site-packages/airflow/example_dags/example_trigger_controller_dag.py for tasks to queue
[2024-03-05T01:43:56.012+0000] {logging_mixin.py:188} INFO - [2024-03-05T01:43:56.012+0000] {dagbag.py:540} INFO - Filling up the DagBag from /home/airflow/.local/lib/python3.11/site-packages/airflow/example_dags/example_trigger_controller_dag.py
[2024-03-05T01:43:56.016+0000] {processor.py:840} INFO - DAG(s) 'example_trigger_controller_dag' retrieved from /home/airflow/.local/lib/python3.11/site-packages/airflow/example_dags/example_trigger_controller_dag.py
[2024-03-05T01:43:56.030+0000] {logging_mixin.py:188} INFO - [2024-03-05T01:43:56.030+0000] {dag.py:3047} INFO - Sync 1 DAGs
[2024-03-05T01:43:56.043+0000] {logging_mixin.py:188} INFO - [2024-03-05T01:43:56.043+0000] {dag.py:3834} INFO - Setting next_dagrun for example_trigger_controller_dag to 2021-01-01 00:00:00+00:00, run_after=2021-01-01 00:00:00+00:00
[2024-03-05T01:43:56.058+0000] {processor.py:183} INFO - Processing /home/airflow/.local/lib/python3.11/site-packages/airflow/example_dags/example_trigger_controller_dag.py took 0.051 seconds
[2024-03-05T01:44:26.891+0000] {processor.py:161} INFO - Started process (PID=249) to work on /home/airflow/.local/lib/python3.11/site-packages/airflow/example_dags/example_trigger_controller_dag.py
[2024-03-05T01:44:26.892+0000] {processor.py:830} INFO - Processing file /home/airflow/.local/lib/python3.11/site-packages/airflow/example_dags/example_trigger_controller_dag.py for tasks to queue
[2024-03-05T01:44:26.894+0000] {logging_mixin.py:188} INFO - [2024-03-05T01:44:26.894+0000] {dagbag.py:540} INFO - Filling up the DagBag from /home/airflow/.local/lib/python3.11/site-packages/airflow/example_dags/example_trigger_controller_dag.py
[2024-03-05T01:44:26.897+0000] {processor.py:840} INFO - DAG(s) 'example_trigger_controller_dag' retrieved from /home/airflow/.local/lib/python3.11/site-packages/airflow/example_dags/example_trigger_controller_dag.py
[2024-03-05T01:44:26.911+0000] {logging_mixin.py:188} INFO - [2024-03-05T01:44:26.911+0000] {dag.py:3047} INFO - Sync 1 DAGs
[2024-03-05T01:44:26.925+0000] {logging_mixin.py:188} INFO - [2024-03-05T01:44:26.925+0000] {dag.py:3834} INFO - Setting next_dagrun for example_trigger_controller_dag to 2021-01-01 00:00:00+00:00, run_after=2021-01-01 00:00:00+00:00
[2024-03-05T01:44:26.939+0000] {processor.py:183} INFO - Processing /home/airflow/.local/lib/python3.11/site-packages/airflow/example_dags/example_trigger_controller_dag.py took 0.050 seconds
[2024-03-05T01:44:57.413+0000] {processor.py:161} INFO - Started process (PID=304) to work on /home/airflow/.local/lib/python3.11/site-packages/airflow/example_dags/example_trigger_controller_dag.py
[2024-03-05T01:44:57.414+0000] {processor.py:830} INFO - Processing file /home/airflow/.local/lib/python3.11/site-packages/airflow/example_dags/example_trigger_controller_dag.py for tasks to queue
[2024-03-05T01:44:57.416+0000] {logging_mixin.py:188} INFO - [2024-03-05T01:44:57.416+0000] {dagbag.py:540} INFO - Filling up the DagBag from /home/airflow/.local/lib/python3.11/site-packages/airflow/example_dags/example_trigger_controller_dag.py
[2024-03-05T01:44:57.419+0000] {processor.py:840} INFO - DAG(s) 'example_trigger_controller_dag' retrieved from /home/airflow/.local/lib/python3.11/site-packages/airflow/example_dags/example_trigger_controller_dag.py
[2024-03-05T01:44:57.434+0000] {logging_mixin.py:188} INFO - [2024-03-05T01:44:57.434+0000] {dag.py:3047} INFO - Sync 1 DAGs
[2024-03-05T01:44:57.449+0000] {logging_mixin.py:188} INFO - [2024-03-05T01:44:57.448+0000] {dag.py:3834} INFO - Setting next_dagrun for example_trigger_controller_dag to 2021-01-01 00:00:00+00:00, run_after=2021-01-01 00:00:00+00:00
[2024-03-05T01:44:57.464+0000] {processor.py:183} INFO - Processing /home/airflow/.local/lib/python3.11/site-packages/airflow/example_dags/example_trigger_controller_dag.py took 0.053 seconds
[2024-03-05T01:45:27.993+0000] {processor.py:161} INFO - Started process (PID=359) to work on /home/airflow/.local/lib/python3.11/site-packages/airflow/example_dags/example_trigger_controller_dag.py
[2024-03-05T01:45:27.994+0000] {processor.py:830} INFO - Processing file /home/airflow/.local/lib/python3.11/site-packages/airflow/example_dags/example_trigger_controller_dag.py for tasks to queue
[2024-03-05T01:45:27.996+0000] {logging_mixin.py:188} INFO - [2024-03-05T01:45:27.996+0000] {dagbag.py:540} INFO - Filling up the DagBag from /home/airflow/.local/lib/python3.11/site-packages/airflow/example_dags/example_trigger_controller_dag.py
[2024-03-05T01:45:28.000+0000] {processor.py:840} INFO - DAG(s) 'example_trigger_controller_dag' retrieved from /home/airflow/.local/lib/python3.11/site-packages/airflow/example_dags/example_trigger_controller_dag.py
[2024-03-05T01:45:28.017+0000] {logging_mixin.py:188} INFO - [2024-03-05T01:45:28.016+0000] {dag.py:3047} INFO - Sync 1 DAGs
[2024-03-05T01:45:28.033+0000] {logging_mixin.py:188} INFO - [2024-03-05T01:45:28.033+0000] {dag.py:3834} INFO - Setting next_dagrun for example_trigger_controller_dag to 2021-01-01 00:00:00+00:00, run_after=2021-01-01 00:00:00+00:00
[2024-03-05T01:45:28.048+0000] {processor.py:183} INFO - Processing /home/airflow/.local/lib/python3.11/site-packages/airflow/example_dags/example_trigger_controller_dag.py took 0.057 seconds
[2024-03-05T01:45:59.026+0000] {processor.py:161} INFO - Started process (PID=414) to work on /home/airflow/.local/lib/python3.11/site-packages/airflow/example_dags/example_trigger_controller_dag.py
[2024-03-05T01:45:59.027+0000] {processor.py:830} INFO - Processing file /home/airflow/.local/lib/python3.11/site-packages/airflow/example_dags/example_trigger_controller_dag.py for tasks to queue
[2024-03-05T01:45:59.029+0000] {logging_mixin.py:188} INFO - [2024-03-05T01:45:59.029+0000] {dagbag.py:540} INFO - Filling up the DagBag from /home/airflow/.local/lib/python3.11/site-packages/airflow/example_dags/example_trigger_controller_dag.py
[2024-03-05T01:45:59.033+0000] {processor.py:840} INFO - DAG(s) 'example_trigger_controller_dag' retrieved from /home/airflow/.local/lib/python3.11/site-packages/airflow/example_dags/example_trigger_controller_dag.py
[2024-03-05T01:45:59.047+0000] {logging_mixin.py:188} INFO - [2024-03-05T01:45:59.047+0000] {dag.py:3047} INFO - Sync 1 DAGs
[2024-03-05T01:45:59.062+0000] {logging_mixin.py:188} INFO - [2024-03-05T01:45:59.062+0000] {dag.py:3834} INFO - Setting next_dagrun for example_trigger_controller_dag to 2021-01-01 00:00:00+00:00, run_after=2021-01-01 00:00:00+00:00
[2024-03-05T01:45:59.076+0000] {processor.py:183} INFO - Processing /home/airflow/.local/lib/python3.11/site-packages/airflow/example_dags/example_trigger_controller_dag.py took 0.052 seconds
[2024-03-05T01:46:29.289+0000] {processor.py:161} INFO - Started process (PID=469) to work on /home/airflow/.local/lib/python3.11/site-packages/airflow/example_dags/example_trigger_controller_dag.py
[2024-03-05T01:46:29.290+0000] {processor.py:830} INFO - Processing file /home/airflow/.local/lib/python3.11/site-packages/airflow/example_dags/example_trigger_controller_dag.py for tasks to queue
[2024-03-05T01:46:29.292+0000] {logging_mixin.py:188} INFO - [2024-03-05T01:46:29.291+0000] {dagbag.py:540} INFO - Filling up the DagBag from /home/airflow/.local/lib/python3.11/site-packages/airflow/example_dags/example_trigger_controller_dag.py
[2024-03-05T01:46:29.296+0000] {processor.py:840} INFO - DAG(s) 'example_trigger_controller_dag' retrieved from /home/airflow/.local/lib/python3.11/site-packages/airflow/example_dags/example_trigger_controller_dag.py
[2024-03-05T01:46:29.311+0000] {logging_mixin.py:188} INFO - [2024-03-05T01:46:29.310+0000] {dag.py:3047} INFO - Sync 1 DAGs
[2024-03-05T01:46:29.327+0000] {logging_mixin.py:188} INFO - [2024-03-05T01:46:29.327+0000] {dag.py:3834} INFO - Setting next_dagrun for example_trigger_controller_dag to 2021-01-01 00:00:00+00:00, run_after=2021-01-01 00:00:00+00:00
[2024-03-05T01:46:29.343+0000] {processor.py:183} INFO - Processing /home/airflow/.local/lib/python3.11/site-packages/airflow/example_dags/example_trigger_controller_dag.py took 0.056 seconds
