[2024-03-05T01:42:52.292+0000] {processor.py:161} INFO - Started process (PID=69) to work on /home/airflow/.local/lib/python3.11/site-packages/airflow/example_dags/example_branch_python_dop_operator_3.py
[2024-03-05T01:42:52.293+0000] {processor.py:830} INFO - Processing file /home/airflow/.local/lib/python3.11/site-packages/airflow/example_dags/example_branch_python_dop_operator_3.py for tasks to queue
[2024-03-05T01:42:52.295+0000] {logging_mixin.py:188} INFO - [2024-03-05T01:42:52.295+0000] {dagbag.py:540} INFO - Filling up the DagBag from /home/airflow/.local/lib/python3.11/site-packages/airflow/example_dags/example_branch_python_dop_operator_3.py
[2024-03-05T01:42:52.305+0000] {processor.py:840} INFO - DAG(s) 'example_branch_dop_operator_v3' retrieved from /home/airflow/.local/lib/python3.11/site-packages/airflow/example_dags/example_branch_python_dop_operator_3.py
[2024-03-05T01:42:52.321+0000] {logging_mixin.py:188} INFO - [2024-03-05T01:42:52.321+0000] {dag.py:3047} INFO - Sync 1 DAGs
[2024-03-05T01:42:52.346+0000] {logging_mixin.py:188} INFO - [2024-03-05T01:42:52.346+0000] {dag.py:3834} INFO - Setting next_dagrun for example_branch_dop_operator_v3 to 2024-03-05 01:41:00+00:00, run_after=2024-03-05 01:42:00+00:00
[2024-03-05T01:42:52.362+0000] {processor.py:183} INFO - Processing /home/airflow/.local/lib/python3.11/site-packages/airflow/example_dags/example_branch_python_dop_operator_3.py took 0.073 seconds
[2024-03-05T01:43:23.674+0000] {processor.py:161} INFO - Started process (PID=124) to work on /home/airflow/.local/lib/python3.11/site-packages/airflow/example_dags/example_branch_python_dop_operator_3.py
[2024-03-05T01:43:23.675+0000] {processor.py:830} INFO - Processing file /home/airflow/.local/lib/python3.11/site-packages/airflow/example_dags/example_branch_python_dop_operator_3.py for tasks to queue
[2024-03-05T01:43:23.677+0000] {logging_mixin.py:188} INFO - [2024-03-05T01:43:23.677+0000] {dagbag.py:540} INFO - Filling up the DagBag from /home/airflow/.local/lib/python3.11/site-packages/airflow/example_dags/example_branch_python_dop_operator_3.py
[2024-03-05T01:43:23.684+0000] {processor.py:840} INFO - DAG(s) 'example_branch_dop_operator_v3' retrieved from /home/airflow/.local/lib/python3.11/site-packages/airflow/example_dags/example_branch_python_dop_operator_3.py
[2024-03-05T01:43:23.757+0000] {logging_mixin.py:188} INFO - [2024-03-05T01:43:23.757+0000] {dag.py:3047} INFO - Sync 1 DAGs
[2024-03-05T01:43:23.775+0000] {logging_mixin.py:188} INFO - [2024-03-05T01:43:23.775+0000] {dag.py:3834} INFO - Setting next_dagrun for example_branch_dop_operator_v3 to 2024-03-05 01:42:00+00:00, run_after=2024-03-05 01:43:00+00:00
[2024-03-05T01:43:23.793+0000] {processor.py:183} INFO - Processing /home/airflow/.local/lib/python3.11/site-packages/airflow/example_dags/example_branch_python_dop_operator_3.py took 0.121 seconds
[2024-03-05T01:43:54.292+0000] {processor.py:161} INFO - Started process (PID=179) to work on /home/airflow/.local/lib/python3.11/site-packages/airflow/example_dags/example_branch_python_dop_operator_3.py
[2024-03-05T01:43:54.293+0000] {processor.py:830} INFO - Processing file /home/airflow/.local/lib/python3.11/site-packages/airflow/example_dags/example_branch_python_dop_operator_3.py for tasks to queue
[2024-03-05T01:43:54.295+0000] {logging_mixin.py:188} INFO - [2024-03-05T01:43:54.294+0000] {dagbag.py:540} INFO - Filling up the DagBag from /home/airflow/.local/lib/python3.11/site-packages/airflow/example_dags/example_branch_python_dop_operator_3.py
[2024-03-05T01:43:54.301+0000] {processor.py:840} INFO - DAG(s) 'example_branch_dop_operator_v3' retrieved from /home/airflow/.local/lib/python3.11/site-packages/airflow/example_dags/example_branch_python_dop_operator_3.py
[2024-03-05T01:43:54.316+0000] {logging_mixin.py:188} INFO - [2024-03-05T01:43:54.316+0000] {dag.py:3047} INFO - Sync 1 DAGs
[2024-03-05T01:43:54.332+0000] {logging_mixin.py:188} INFO - [2024-03-05T01:43:54.332+0000] {dag.py:3834} INFO - Setting next_dagrun for example_branch_dop_operator_v3 to 2024-03-05 01:42:00+00:00, run_after=2024-03-05 01:43:00+00:00
[2024-03-05T01:43:54.347+0000] {processor.py:183} INFO - Processing /home/airflow/.local/lib/python3.11/site-packages/airflow/example_dags/example_branch_python_dop_operator_3.py took 0.058 seconds
[2024-03-05T01:44:25.101+0000] {processor.py:161} INFO - Started process (PID=234) to work on /home/airflow/.local/lib/python3.11/site-packages/airflow/example_dags/example_branch_python_dop_operator_3.py
[2024-03-05T01:44:25.102+0000] {processor.py:830} INFO - Processing file /home/airflow/.local/lib/python3.11/site-packages/airflow/example_dags/example_branch_python_dop_operator_3.py for tasks to queue
[2024-03-05T01:44:25.104+0000] {logging_mixin.py:188} INFO - [2024-03-05T01:44:25.103+0000] {dagbag.py:540} INFO - Filling up the DagBag from /home/airflow/.local/lib/python3.11/site-packages/airflow/example_dags/example_branch_python_dop_operator_3.py
[2024-03-05T01:44:25.110+0000] {processor.py:840} INFO - DAG(s) 'example_branch_dop_operator_v3' retrieved from /home/airflow/.local/lib/python3.11/site-packages/airflow/example_dags/example_branch_python_dop_operator_3.py
[2024-03-05T01:44:25.126+0000] {logging_mixin.py:188} INFO - [2024-03-05T01:44:25.125+0000] {dag.py:3047} INFO - Sync 1 DAGs
[2024-03-05T01:44:25.142+0000] {logging_mixin.py:188} INFO - [2024-03-05T01:44:25.141+0000] {dag.py:3834} INFO - Setting next_dagrun for example_branch_dop_operator_v3 to 2024-03-05 01:43:00+00:00, run_after=2024-03-05 01:44:00+00:00
[2024-03-05T01:44:25.157+0000] {processor.py:183} INFO - Processing /home/airflow/.local/lib/python3.11/site-packages/airflow/example_dags/example_branch_python_dop_operator_3.py took 0.059 seconds
[2024-03-05T01:44:55.663+0000] {processor.py:161} INFO - Started process (PID=289) to work on /home/airflow/.local/lib/python3.11/site-packages/airflow/example_dags/example_branch_python_dop_operator_3.py
[2024-03-05T01:44:55.664+0000] {processor.py:830} INFO - Processing file /home/airflow/.local/lib/python3.11/site-packages/airflow/example_dags/example_branch_python_dop_operator_3.py for tasks to queue
[2024-03-05T01:44:55.666+0000] {logging_mixin.py:188} INFO - [2024-03-05T01:44:55.666+0000] {dagbag.py:540} INFO - Filling up the DagBag from /home/airflow/.local/lib/python3.11/site-packages/airflow/example_dags/example_branch_python_dop_operator_3.py
[2024-03-05T01:44:55.672+0000] {processor.py:840} INFO - DAG(s) 'example_branch_dop_operator_v3' retrieved from /home/airflow/.local/lib/python3.11/site-packages/airflow/example_dags/example_branch_python_dop_operator_3.py
[2024-03-05T01:44:55.686+0000] {logging_mixin.py:188} INFO - [2024-03-05T01:44:55.686+0000] {dag.py:3047} INFO - Sync 1 DAGs
[2024-03-05T01:44:55.704+0000] {logging_mixin.py:188} INFO - [2024-03-05T01:44:55.704+0000] {dag.py:3834} INFO - Setting next_dagrun for example_branch_dop_operator_v3 to 2024-03-05 01:43:00+00:00, run_after=2024-03-05 01:44:00+00:00
[2024-03-05T01:44:55.716+0000] {processor.py:183} INFO - Processing /home/airflow/.local/lib/python3.11/site-packages/airflow/example_dags/example_branch_python_dop_operator_3.py took 0.055 seconds
[2024-03-05T01:45:26.290+0000] {processor.py:161} INFO - Started process (PID=344) to work on /home/airflow/.local/lib/python3.11/site-packages/airflow/example_dags/example_branch_python_dop_operator_3.py
[2024-03-05T01:45:26.291+0000] {processor.py:830} INFO - Processing file /home/airflow/.local/lib/python3.11/site-packages/airflow/example_dags/example_branch_python_dop_operator_3.py for tasks to queue
[2024-03-05T01:45:26.292+0000] {logging_mixin.py:188} INFO - [2024-03-05T01:45:26.292+0000] {dagbag.py:540} INFO - Filling up the DagBag from /home/airflow/.local/lib/python3.11/site-packages/airflow/example_dags/example_branch_python_dop_operator_3.py
[2024-03-05T01:45:26.299+0000] {processor.py:840} INFO - DAG(s) 'example_branch_dop_operator_v3' retrieved from /home/airflow/.local/lib/python3.11/site-packages/airflow/example_dags/example_branch_python_dop_operator_3.py
[2024-03-05T01:45:26.319+0000] {logging_mixin.py:188} INFO - [2024-03-05T01:45:26.319+0000] {dag.py:3047} INFO - Sync 1 DAGs
[2024-03-05T01:45:26.339+0000] {logging_mixin.py:188} INFO - [2024-03-05T01:45:26.338+0000] {dag.py:3834} INFO - Setting next_dagrun for example_branch_dop_operator_v3 to 2024-03-05 01:44:00+00:00, run_after=2024-03-05 01:45:00+00:00
[2024-03-05T01:45:26.351+0000] {processor.py:183} INFO - Processing /home/airflow/.local/lib/python3.11/site-packages/airflow/example_dags/example_branch_python_dop_operator_3.py took 0.064 seconds
[2024-03-05T01:45:57.185+0000] {processor.py:161} INFO - Started process (PID=399) to work on /home/airflow/.local/lib/python3.11/site-packages/airflow/example_dags/example_branch_python_dop_operator_3.py
[2024-03-05T01:45:57.187+0000] {processor.py:830} INFO - Processing file /home/airflow/.local/lib/python3.11/site-packages/airflow/example_dags/example_branch_python_dop_operator_3.py for tasks to queue
[2024-03-05T01:45:57.189+0000] {logging_mixin.py:188} INFO - [2024-03-05T01:45:57.188+0000] {dagbag.py:540} INFO - Filling up the DagBag from /home/airflow/.local/lib/python3.11/site-packages/airflow/example_dags/example_branch_python_dop_operator_3.py
[2024-03-05T01:45:57.196+0000] {processor.py:840} INFO - DAG(s) 'example_branch_dop_operator_v3' retrieved from /home/airflow/.local/lib/python3.11/site-packages/airflow/example_dags/example_branch_python_dop_operator_3.py
[2024-03-05T01:45:57.215+0000] {logging_mixin.py:188} INFO - [2024-03-05T01:45:57.214+0000] {dag.py:3047} INFO - Sync 1 DAGs
[2024-03-05T01:45:57.233+0000] {logging_mixin.py:188} INFO - [2024-03-05T01:45:57.233+0000] {dag.py:3834} INFO - Setting next_dagrun for example_branch_dop_operator_v3 to 2024-03-05 01:44:00+00:00, run_after=2024-03-05 01:45:00+00:00
[2024-03-05T01:45:57.249+0000] {processor.py:183} INFO - Processing /home/airflow/.local/lib/python3.11/site-packages/airflow/example_dags/example_branch_python_dop_operator_3.py took 0.067 seconds
[2024-03-05T01:46:27.396+0000] {processor.py:161} INFO - Started process (PID=454) to work on /home/airflow/.local/lib/python3.11/site-packages/airflow/example_dags/example_branch_python_dop_operator_3.py
[2024-03-05T01:46:27.398+0000] {processor.py:830} INFO - Processing file /home/airflow/.local/lib/python3.11/site-packages/airflow/example_dags/example_branch_python_dop_operator_3.py for tasks to queue
[2024-03-05T01:46:27.399+0000] {logging_mixin.py:188} INFO - [2024-03-05T01:46:27.399+0000] {dagbag.py:540} INFO - Filling up the DagBag from /home/airflow/.local/lib/python3.11/site-packages/airflow/example_dags/example_branch_python_dop_operator_3.py
[2024-03-05T01:46:27.407+0000] {processor.py:840} INFO - DAG(s) 'example_branch_dop_operator_v3' retrieved from /home/airflow/.local/lib/python3.11/site-packages/airflow/example_dags/example_branch_python_dop_operator_3.py
[2024-03-05T01:46:27.423+0000] {logging_mixin.py:188} INFO - [2024-03-05T01:46:27.423+0000] {dag.py:3047} INFO - Sync 1 DAGs
[2024-03-05T01:46:27.441+0000] {logging_mixin.py:188} INFO - [2024-03-05T01:46:27.440+0000] {dag.py:3834} INFO - Setting next_dagrun for example_branch_dop_operator_v3 to 2024-03-05 01:45:00+00:00, run_after=2024-03-05 01:46:00+00:00
[2024-03-05T01:46:27.458+0000] {processor.py:183} INFO - Processing /home/airflow/.local/lib/python3.11/site-packages/airflow/example_dags/example_branch_python_dop_operator_3.py took 0.064 seconds
