[2024-03-05T01:42:51.266+0000] {processor.py:161} INFO - Started process (PID=49) to work on /home/airflow/.local/lib/python3.11/site-packages/airflow/example_dags/example_task_group.py
[2024-03-05T01:42:51.267+0000] {processor.py:830} INFO - Processing file /home/airflow/.local/lib/python3.11/site-packages/airflow/example_dags/example_task_group.py for tasks to queue
[2024-03-05T01:42:51.269+0000] {logging_mixin.py:188} INFO - [2024-03-05T01:42:51.269+0000] {dagbag.py:540} INFO - Filling up the DagBag from /home/airflow/.local/lib/python3.11/site-packages/airflow/example_dags/example_task_group.py
[2024-03-05T01:42:51.281+0000] {processor.py:840} INFO - DAG(s) 'example_task_group' retrieved from /home/airflow/.local/lib/python3.11/site-packages/airflow/example_dags/example_task_group.py
[2024-03-05T01:42:51.303+0000] {logging_mixin.py:188} INFO - [2024-03-05T01:42:51.303+0000] {dag.py:3047} INFO - Sync 1 DAGs
[2024-03-05T01:42:51.325+0000] {logging_mixin.py:188} INFO - [2024-03-05T01:42:51.325+0000] {dag.py:3834} INFO - Setting next_dagrun for example_task_group to 2024-03-04 00:00:00+00:00, run_after=2024-03-05 00:00:00+00:00
[2024-03-05T01:42:51.342+0000] {processor.py:183} INFO - Processing /home/airflow/.local/lib/python3.11/site-packages/airflow/example_dags/example_task_group.py took 0.079 seconds
[2024-03-05T01:43:21.999+0000] {processor.py:161} INFO - Started process (PID=104) to work on /home/airflow/.local/lib/python3.11/site-packages/airflow/example_dags/example_task_group.py
[2024-03-05T01:43:22.000+0000] {processor.py:830} INFO - Processing file /home/airflow/.local/lib/python3.11/site-packages/airflow/example_dags/example_task_group.py for tasks to queue
[2024-03-05T01:43:22.001+0000] {logging_mixin.py:188} INFO - [2024-03-05T01:43:22.001+0000] {dagbag.py:540} INFO - Filling up the DagBag from /home/airflow/.local/lib/python3.11/site-packages/airflow/example_dags/example_task_group.py
[2024-03-05T01:43:22.007+0000] {processor.py:840} INFO - DAG(s) 'example_task_group' retrieved from /home/airflow/.local/lib/python3.11/site-packages/airflow/example_dags/example_task_group.py
[2024-03-05T01:43:22.081+0000] {logging_mixin.py:188} INFO - [2024-03-05T01:43:22.080+0000] {dag.py:3047} INFO - Sync 1 DAGs
[2024-03-05T01:43:22.095+0000] {logging_mixin.py:188} INFO - [2024-03-05T01:43:22.095+0000] {dag.py:3834} INFO - Setting next_dagrun for example_task_group to 2024-03-04 00:00:00+00:00, run_after=2024-03-05 00:00:00+00:00
[2024-03-05T01:43:22.113+0000] {processor.py:183} INFO - Processing /home/airflow/.local/lib/python3.11/site-packages/airflow/example_dags/example_task_group.py took 0.118 seconds
[2024-03-05T01:43:52.971+0000] {processor.py:161} INFO - Started process (PID=159) to work on /home/airflow/.local/lib/python3.11/site-packages/airflow/example_dags/example_task_group.py
[2024-03-05T01:43:52.972+0000] {processor.py:830} INFO - Processing file /home/airflow/.local/lib/python3.11/site-packages/airflow/example_dags/example_task_group.py for tasks to queue
[2024-03-05T01:43:52.973+0000] {logging_mixin.py:188} INFO - [2024-03-05T01:43:52.973+0000] {dagbag.py:540} INFO - Filling up the DagBag from /home/airflow/.local/lib/python3.11/site-packages/airflow/example_dags/example_task_group.py
[2024-03-05T01:43:52.979+0000] {processor.py:840} INFO - DAG(s) 'example_task_group' retrieved from /home/airflow/.local/lib/python3.11/site-packages/airflow/example_dags/example_task_group.py
[2024-03-05T01:43:52.995+0000] {logging_mixin.py:188} INFO - [2024-03-05T01:43:52.995+0000] {dag.py:3047} INFO - Sync 1 DAGs
[2024-03-05T01:43:53.009+0000] {logging_mixin.py:188} INFO - [2024-03-05T01:43:53.009+0000] {dag.py:3834} INFO - Setting next_dagrun for example_task_group to 2024-03-04 00:00:00+00:00, run_after=2024-03-05 00:00:00+00:00
[2024-03-05T01:43:53.024+0000] {processor.py:183} INFO - Processing /home/airflow/.local/lib/python3.11/site-packages/airflow/example_dags/example_task_group.py took 0.056 seconds
[2024-03-05T01:44:23.806+0000] {processor.py:161} INFO - Started process (PID=214) to work on /home/airflow/.local/lib/python3.11/site-packages/airflow/example_dags/example_task_group.py
[2024-03-05T01:44:23.807+0000] {processor.py:830} INFO - Processing file /home/airflow/.local/lib/python3.11/site-packages/airflow/example_dags/example_task_group.py for tasks to queue
[2024-03-05T01:44:23.809+0000] {logging_mixin.py:188} INFO - [2024-03-05T01:44:23.809+0000] {dagbag.py:540} INFO - Filling up the DagBag from /home/airflow/.local/lib/python3.11/site-packages/airflow/example_dags/example_task_group.py
[2024-03-05T01:44:23.815+0000] {processor.py:840} INFO - DAG(s) 'example_task_group' retrieved from /home/airflow/.local/lib/python3.11/site-packages/airflow/example_dags/example_task_group.py
[2024-03-05T01:44:23.832+0000] {logging_mixin.py:188} INFO - [2024-03-05T01:44:23.832+0000] {dag.py:3047} INFO - Sync 1 DAGs
[2024-03-05T01:44:23.846+0000] {logging_mixin.py:188} INFO - [2024-03-05T01:44:23.846+0000] {dag.py:3834} INFO - Setting next_dagrun for example_task_group to 2024-03-04 00:00:00+00:00, run_after=2024-03-05 00:00:00+00:00
[2024-03-05T01:44:23.862+0000] {processor.py:183} INFO - Processing /home/airflow/.local/lib/python3.11/site-packages/airflow/example_dags/example_task_group.py took 0.059 seconds
[2024-03-05T01:44:54.773+0000] {processor.py:161} INFO - Started process (PID=269) to work on /home/airflow/.local/lib/python3.11/site-packages/airflow/example_dags/example_task_group.py
[2024-03-05T01:44:54.774+0000] {processor.py:830} INFO - Processing file /home/airflow/.local/lib/python3.11/site-packages/airflow/example_dags/example_task_group.py for tasks to queue
[2024-03-05T01:44:54.776+0000] {logging_mixin.py:188} INFO - [2024-03-05T01:44:54.776+0000] {dagbag.py:540} INFO - Filling up the DagBag from /home/airflow/.local/lib/python3.11/site-packages/airflow/example_dags/example_task_group.py
[2024-03-05T01:44:54.781+0000] {processor.py:840} INFO - DAG(s) 'example_task_group' retrieved from /home/airflow/.local/lib/python3.11/site-packages/airflow/example_dags/example_task_group.py
[2024-03-05T01:44:54.798+0000] {logging_mixin.py:188} INFO - [2024-03-05T01:44:54.798+0000] {dag.py:3047} INFO - Sync 1 DAGs
[2024-03-05T01:44:54.813+0000] {logging_mixin.py:188} INFO - [2024-03-05T01:44:54.812+0000] {dag.py:3834} INFO - Setting next_dagrun for example_task_group to 2024-03-04 00:00:00+00:00, run_after=2024-03-05 00:00:00+00:00
[2024-03-05T01:44:54.828+0000] {processor.py:183} INFO - Processing /home/airflow/.local/lib/python3.11/site-packages/airflow/example_dags/example_task_group.py took 0.058 seconds
[2024-03-05T01:45:25.060+0000] {processor.py:161} INFO - Started process (PID=324) to work on /home/airflow/.local/lib/python3.11/site-packages/airflow/example_dags/example_task_group.py
[2024-03-05T01:45:25.062+0000] {processor.py:830} INFO - Processing file /home/airflow/.local/lib/python3.11/site-packages/airflow/example_dags/example_task_group.py for tasks to queue
[2024-03-05T01:45:25.064+0000] {logging_mixin.py:188} INFO - [2024-03-05T01:45:25.063+0000] {dagbag.py:540} INFO - Filling up the DagBag from /home/airflow/.local/lib/python3.11/site-packages/airflow/example_dags/example_task_group.py
[2024-03-05T01:45:25.071+0000] {processor.py:840} INFO - DAG(s) 'example_task_group' retrieved from /home/airflow/.local/lib/python3.11/site-packages/airflow/example_dags/example_task_group.py
[2024-03-05T01:45:25.091+0000] {logging_mixin.py:188} INFO - [2024-03-05T01:45:25.091+0000] {dag.py:3047} INFO - Sync 1 DAGs
[2024-03-05T01:45:25.108+0000] {logging_mixin.py:188} INFO - [2024-03-05T01:45:25.108+0000] {dag.py:3834} INFO - Setting next_dagrun for example_task_group to 2024-03-04 00:00:00+00:00, run_after=2024-03-05 00:00:00+00:00
[2024-03-05T01:45:25.124+0000] {processor.py:183} INFO - Processing /home/airflow/.local/lib/python3.11/site-packages/airflow/example_dags/example_task_group.py took 0.068 seconds
[2024-03-05T01:45:55.650+0000] {processor.py:161} INFO - Started process (PID=379) to work on /home/airflow/.local/lib/python3.11/site-packages/airflow/example_dags/example_task_group.py
[2024-03-05T01:45:55.651+0000] {processor.py:830} INFO - Processing file /home/airflow/.local/lib/python3.11/site-packages/airflow/example_dags/example_task_group.py for tasks to queue
[2024-03-05T01:45:55.653+0000] {logging_mixin.py:188} INFO - [2024-03-05T01:45:55.653+0000] {dagbag.py:540} INFO - Filling up the DagBag from /home/airflow/.local/lib/python3.11/site-packages/airflow/example_dags/example_task_group.py
[2024-03-05T01:45:55.659+0000] {processor.py:840} INFO - DAG(s) 'example_task_group' retrieved from /home/airflow/.local/lib/python3.11/site-packages/airflow/example_dags/example_task_group.py
[2024-03-05T01:45:55.676+0000] {logging_mixin.py:188} INFO - [2024-03-05T01:45:55.676+0000] {dag.py:3047} INFO - Sync 1 DAGs
[2024-03-05T01:45:55.690+0000] {logging_mixin.py:188} INFO - [2024-03-05T01:45:55.690+0000] {dag.py:3834} INFO - Setting next_dagrun for example_task_group to 2024-03-04 00:00:00+00:00, run_after=2024-03-05 00:00:00+00:00
[2024-03-05T01:45:55.704+0000] {processor.py:183} INFO - Processing /home/airflow/.local/lib/python3.11/site-packages/airflow/example_dags/example_task_group.py took 0.057 seconds
[2024-03-05T01:46:25.840+0000] {processor.py:161} INFO - Started process (PID=434) to work on /home/airflow/.local/lib/python3.11/site-packages/airflow/example_dags/example_task_group.py
[2024-03-05T01:46:25.841+0000] {processor.py:830} INFO - Processing file /home/airflow/.local/lib/python3.11/site-packages/airflow/example_dags/example_task_group.py for tasks to queue
[2024-03-05T01:46:25.843+0000] {logging_mixin.py:188} INFO - [2024-03-05T01:46:25.843+0000] {dagbag.py:540} INFO - Filling up the DagBag from /home/airflow/.local/lib/python3.11/site-packages/airflow/example_dags/example_task_group.py
[2024-03-05T01:46:25.849+0000] {processor.py:840} INFO - DAG(s) 'example_task_group' retrieved from /home/airflow/.local/lib/python3.11/site-packages/airflow/example_dags/example_task_group.py
[2024-03-05T01:46:25.871+0000] {logging_mixin.py:188} INFO - [2024-03-05T01:46:25.870+0000] {dag.py:3047} INFO - Sync 1 DAGs
[2024-03-05T01:46:25.891+0000] {logging_mixin.py:188} INFO - [2024-03-05T01:46:25.891+0000] {dag.py:3834} INFO - Setting next_dagrun for example_task_group to 2024-03-04 00:00:00+00:00, run_after=2024-03-05 00:00:00+00:00
[2024-03-05T01:46:25.912+0000] {processor.py:183} INFO - Processing /home/airflow/.local/lib/python3.11/site-packages/airflow/example_dags/example_task_group.py took 0.075 seconds
