[2024-03-05T01:42:52.621+0000] {processor.py:161} INFO - Started process (PID=76) to work on /home/airflow/.local/lib/python3.11/site-packages/airflow/example_dags/example_task_group_decorator.py
[2024-03-05T01:42:52.623+0000] {processor.py:830} INFO - Processing file /home/airflow/.local/lib/python3.11/site-packages/airflow/example_dags/example_task_group_decorator.py for tasks to queue
[2024-03-05T01:42:52.625+0000] {logging_mixin.py:188} INFO - [2024-03-05T01:42:52.624+0000] {dagbag.py:540} INFO - Filling up the DagBag from /home/airflow/.local/lib/python3.11/site-packages/airflow/example_dags/example_task_group_decorator.py
[2024-03-05T01:42:52.637+0000] {processor.py:840} INFO - DAG(s) 'example_task_group_decorator' retrieved from /home/airflow/.local/lib/python3.11/site-packages/airflow/example_dags/example_task_group_decorator.py
[2024-03-05T01:42:52.647+0000] {logging_mixin.py:188} INFO - [2024-03-05T01:42:52.646+0000] {dag.py:3047} INFO - Sync 1 DAGs
[2024-03-05T01:42:52.663+0000] {logging_mixin.py:188} INFO - [2024-03-05T01:42:52.663+0000] {dag.py:3834} INFO - Setting next_dagrun for example_task_group_decorator to 2024-03-04 00:00:00+00:00, run_after=2024-03-05 00:00:00+00:00
[2024-03-05T01:42:52.682+0000] {processor.py:183} INFO - Processing /home/airflow/.local/lib/python3.11/site-packages/airflow/example_dags/example_task_group_decorator.py took 0.063 seconds
[2024-03-05T01:43:24.366+0000] {processor.py:161} INFO - Started process (PID=131) to work on /home/airflow/.local/lib/python3.11/site-packages/airflow/example_dags/example_task_group_decorator.py
[2024-03-05T01:43:24.367+0000] {processor.py:830} INFO - Processing file /home/airflow/.local/lib/python3.11/site-packages/airflow/example_dags/example_task_group_decorator.py for tasks to queue
[2024-03-05T01:43:24.372+0000] {logging_mixin.py:188} INFO - [2024-03-05T01:43:24.371+0000] {dagbag.py:540} INFO - Filling up the DagBag from /home/airflow/.local/lib/python3.11/site-packages/airflow/example_dags/example_task_group_decorator.py
[2024-03-05T01:43:24.384+0000] {processor.py:840} INFO - DAG(s) 'example_task_group_decorator' retrieved from /home/airflow/.local/lib/python3.11/site-packages/airflow/example_dags/example_task_group_decorator.py
[2024-03-05T01:43:24.453+0000] {logging_mixin.py:188} INFO - [2024-03-05T01:43:24.453+0000] {dag.py:3047} INFO - Sync 1 DAGs
[2024-03-05T01:43:24.468+0000] {logging_mixin.py:188} INFO - [2024-03-05T01:43:24.468+0000] {dag.py:3834} INFO - Setting next_dagrun for example_task_group_decorator to 2024-03-04 00:00:00+00:00, run_after=2024-03-05 00:00:00+00:00
[2024-03-05T01:43:24.483+0000] {processor.py:183} INFO - Processing /home/airflow/.local/lib/python3.11/site-packages/airflow/example_dags/example_task_group_decorator.py took 0.125 seconds
[2024-03-05T01:43:54.609+0000] {processor.py:161} INFO - Started process (PID=186) to work on /home/airflow/.local/lib/python3.11/site-packages/airflow/example_dags/example_task_group_decorator.py
[2024-03-05T01:43:54.610+0000] {processor.py:830} INFO - Processing file /home/airflow/.local/lib/python3.11/site-packages/airflow/example_dags/example_task_group_decorator.py for tasks to queue
[2024-03-05T01:43:54.612+0000] {logging_mixin.py:188} INFO - [2024-03-05T01:43:54.611+0000] {dagbag.py:540} INFO - Filling up the DagBag from /home/airflow/.local/lib/python3.11/site-packages/airflow/example_dags/example_task_group_decorator.py
[2024-03-05T01:43:54.621+0000] {processor.py:840} INFO - DAG(s) 'example_task_group_decorator' retrieved from /home/airflow/.local/lib/python3.11/site-packages/airflow/example_dags/example_task_group_decorator.py
[2024-03-05T01:43:54.645+0000] {logging_mixin.py:188} INFO - [2024-03-05T01:43:54.644+0000] {dag.py:3047} INFO - Sync 1 DAGs
[2024-03-05T01:43:54.662+0000] {logging_mixin.py:188} INFO - [2024-03-05T01:43:54.662+0000] {dag.py:3834} INFO - Setting next_dagrun for example_task_group_decorator to 2024-03-04 00:00:00+00:00, run_after=2024-03-05 00:00:00+00:00
[2024-03-05T01:43:54.676+0000] {processor.py:183} INFO - Processing /home/airflow/.local/lib/python3.11/site-packages/airflow/example_dags/example_task_group_decorator.py took 0.070 seconds
[2024-03-05T01:44:25.485+0000] {processor.py:161} INFO - Started process (PID=241) to work on /home/airflow/.local/lib/python3.11/site-packages/airflow/example_dags/example_task_group_decorator.py
[2024-03-05T01:44:25.487+0000] {processor.py:830} INFO - Processing file /home/airflow/.local/lib/python3.11/site-packages/airflow/example_dags/example_task_group_decorator.py for tasks to queue
[2024-03-05T01:44:25.488+0000] {logging_mixin.py:188} INFO - [2024-03-05T01:44:25.488+0000] {dagbag.py:540} INFO - Filling up the DagBag from /home/airflow/.local/lib/python3.11/site-packages/airflow/example_dags/example_task_group_decorator.py
[2024-03-05T01:44:25.498+0000] {processor.py:840} INFO - DAG(s) 'example_task_group_decorator' retrieved from /home/airflow/.local/lib/python3.11/site-packages/airflow/example_dags/example_task_group_decorator.py
[2024-03-05T01:44:25.516+0000] {logging_mixin.py:188} INFO - [2024-03-05T01:44:25.515+0000] {dag.py:3047} INFO - Sync 1 DAGs
[2024-03-05T01:44:25.532+0000] {logging_mixin.py:188} INFO - [2024-03-05T01:44:25.532+0000] {dag.py:3834} INFO - Setting next_dagrun for example_task_group_decorator to 2024-03-04 00:00:00+00:00, run_after=2024-03-05 00:00:00+00:00
[2024-03-05T01:44:25.545+0000] {processor.py:183} INFO - Processing /home/airflow/.local/lib/python3.11/site-packages/airflow/example_dags/example_task_group_decorator.py took 0.063 seconds
[2024-03-05T01:44:55.968+0000] {processor.py:161} INFO - Started process (PID=296) to work on /home/airflow/.local/lib/python3.11/site-packages/airflow/example_dags/example_task_group_decorator.py
[2024-03-05T01:44:55.969+0000] {processor.py:830} INFO - Processing file /home/airflow/.local/lib/python3.11/site-packages/airflow/example_dags/example_task_group_decorator.py for tasks to queue
[2024-03-05T01:44:55.971+0000] {logging_mixin.py:188} INFO - [2024-03-05T01:44:55.971+0000] {dagbag.py:540} INFO - Filling up the DagBag from /home/airflow/.local/lib/python3.11/site-packages/airflow/example_dags/example_task_group_decorator.py
[2024-03-05T01:44:55.981+0000] {processor.py:840} INFO - DAG(s) 'example_task_group_decorator' retrieved from /home/airflow/.local/lib/python3.11/site-packages/airflow/example_dags/example_task_group_decorator.py
[2024-03-05T01:44:55.998+0000] {logging_mixin.py:188} INFO - [2024-03-05T01:44:55.998+0000] {dag.py:3047} INFO - Sync 1 DAGs
[2024-03-05T01:44:56.015+0000] {logging_mixin.py:188} INFO - [2024-03-05T01:44:56.015+0000] {dag.py:3834} INFO - Setting next_dagrun for example_task_group_decorator to 2024-03-04 00:00:00+00:00, run_after=2024-03-05 00:00:00+00:00
[2024-03-05T01:44:56.030+0000] {processor.py:183} INFO - Processing /home/airflow/.local/lib/python3.11/site-packages/airflow/example_dags/example_task_group_decorator.py took 0.065 seconds
[2024-03-05T01:45:26.563+0000] {processor.py:161} INFO - Started process (PID=351) to work on /home/airflow/.local/lib/python3.11/site-packages/airflow/example_dags/example_task_group_decorator.py
[2024-03-05T01:45:26.564+0000] {processor.py:830} INFO - Processing file /home/airflow/.local/lib/python3.11/site-packages/airflow/example_dags/example_task_group_decorator.py for tasks to queue
[2024-03-05T01:45:26.566+0000] {logging_mixin.py:188} INFO - [2024-03-05T01:45:26.566+0000] {dagbag.py:540} INFO - Filling up the DagBag from /home/airflow/.local/lib/python3.11/site-packages/airflow/example_dags/example_task_group_decorator.py
[2024-03-05T01:45:26.577+0000] {processor.py:840} INFO - DAG(s) 'example_task_group_decorator' retrieved from /home/airflow/.local/lib/python3.11/site-packages/airflow/example_dags/example_task_group_decorator.py
[2024-03-05T01:45:26.596+0000] {logging_mixin.py:188} INFO - [2024-03-05T01:45:26.596+0000] {dag.py:3047} INFO - Sync 1 DAGs
[2024-03-05T01:45:26.610+0000] {logging_mixin.py:188} INFO - [2024-03-05T01:45:26.610+0000] {dag.py:3834} INFO - Setting next_dagrun for example_task_group_decorator to 2024-03-04 00:00:00+00:00, run_after=2024-03-05 00:00:00+00:00
[2024-03-05T01:45:26.623+0000] {processor.py:183} INFO - Processing /home/airflow/.local/lib/python3.11/site-packages/airflow/example_dags/example_task_group_decorator.py took 0.062 seconds
[2024-03-05T01:45:57.578+0000] {processor.py:161} INFO - Started process (PID=406) to work on /home/airflow/.local/lib/python3.11/site-packages/airflow/example_dags/example_task_group_decorator.py
[2024-03-05T01:45:57.579+0000] {processor.py:830} INFO - Processing file /home/airflow/.local/lib/python3.11/site-packages/airflow/example_dags/example_task_group_decorator.py for tasks to queue
[2024-03-05T01:45:57.581+0000] {logging_mixin.py:188} INFO - [2024-03-05T01:45:57.581+0000] {dagbag.py:540} INFO - Filling up the DagBag from /home/airflow/.local/lib/python3.11/site-packages/airflow/example_dags/example_task_group_decorator.py
[2024-03-05T01:45:57.591+0000] {processor.py:840} INFO - DAG(s) 'example_task_group_decorator' retrieved from /home/airflow/.local/lib/python3.11/site-packages/airflow/example_dags/example_task_group_decorator.py
[2024-03-05T01:45:57.611+0000] {logging_mixin.py:188} INFO - [2024-03-05T01:45:57.611+0000] {dag.py:3047} INFO - Sync 1 DAGs
[2024-03-05T01:45:57.627+0000] {logging_mixin.py:188} INFO - [2024-03-05T01:45:57.627+0000] {dag.py:3834} INFO - Setting next_dagrun for example_task_group_decorator to 2024-03-04 00:00:00+00:00, run_after=2024-03-05 00:00:00+00:00
[2024-03-05T01:45:57.642+0000] {processor.py:183} INFO - Processing /home/airflow/.local/lib/python3.11/site-packages/airflow/example_dags/example_task_group_decorator.py took 0.067 seconds
[2024-03-05T01:46:27.832+0000] {processor.py:161} INFO - Started process (PID=461) to work on /home/airflow/.local/lib/python3.11/site-packages/airflow/example_dags/example_task_group_decorator.py
[2024-03-05T01:46:27.834+0000] {processor.py:830} INFO - Processing file /home/airflow/.local/lib/python3.11/site-packages/airflow/example_dags/example_task_group_decorator.py for tasks to queue
[2024-03-05T01:46:27.836+0000] {logging_mixin.py:188} INFO - [2024-03-05T01:46:27.835+0000] {dagbag.py:540} INFO - Filling up the DagBag from /home/airflow/.local/lib/python3.11/site-packages/airflow/example_dags/example_task_group_decorator.py
[2024-03-05T01:46:27.846+0000] {processor.py:840} INFO - DAG(s) 'example_task_group_decorator' retrieved from /home/airflow/.local/lib/python3.11/site-packages/airflow/example_dags/example_task_group_decorator.py
[2024-03-05T01:46:27.864+0000] {logging_mixin.py:188} INFO - [2024-03-05T01:46:27.864+0000] {dag.py:3047} INFO - Sync 1 DAGs
[2024-03-05T01:46:27.880+0000] {logging_mixin.py:188} INFO - [2024-03-05T01:46:27.880+0000] {dag.py:3834} INFO - Setting next_dagrun for example_task_group_decorator to 2024-03-04 00:00:00+00:00, run_after=2024-03-05 00:00:00+00:00
[2024-03-05T01:46:27.894+0000] {processor.py:183} INFO - Processing /home/airflow/.local/lib/python3.11/site-packages/airflow/example_dags/example_task_group_decorator.py took 0.064 seconds
