[2024-03-05T01:42:51.725+0000] {processor.py:161} INFO - Started process (PID=57) to work on /home/airflow/.local/lib/python3.11/site-packages/airflow/example_dags/example_xcomargs.py
[2024-03-05T01:42:51.727+0000] {processor.py:830} INFO - Processing file /home/airflow/.local/lib/python3.11/site-packages/airflow/example_dags/example_xcomargs.py for tasks to queue
[2024-03-05T01:42:51.729+0000] {logging_mixin.py:188} INFO - [2024-03-05T01:42:51.729+0000] {dagbag.py:540} INFO - Filling up the DagBag from /home/airflow/.local/lib/python3.11/site-packages/airflow/example_dags/example_xcomargs.py
[2024-03-05T01:42:51.742+0000] {processor.py:840} INFO - DAG(s) 'example_xcom_args', 'example_xcom_args_with_operators' retrieved from /home/airflow/.local/lib/python3.11/site-packages/airflow/example_dags/example_xcomargs.py
[2024-03-05T01:42:51.752+0000] {logging_mixin.py:188} INFO - [2024-03-05T01:42:51.752+0000] {dag.py:3047} INFO - Sync 2 DAGs
[2024-03-05T01:42:51.762+0000] {logging_mixin.py:188} INFO - [2024-03-05T01:42:51.762+0000] {dag.py:3834} INFO - Setting next_dagrun for example_xcom_args to None, run_after=None
[2024-03-05T01:42:51.765+0000] {logging_mixin.py:188} INFO - [2024-03-05T01:42:51.765+0000] {dag.py:3834} INFO - Setting next_dagrun for example_xcom_args_with_operators to None, run_after=None
[2024-03-05T01:42:51.778+0000] {processor.py:183} INFO - Processing /home/airflow/.local/lib/python3.11/site-packages/airflow/example_dags/example_xcomargs.py took 0.056 seconds
[2024-03-05T01:43:22.612+0000] {processor.py:161} INFO - Started process (PID=112) to work on /home/airflow/.local/lib/python3.11/site-packages/airflow/example_dags/example_xcomargs.py
[2024-03-05T01:43:22.613+0000] {processor.py:830} INFO - Processing file /home/airflow/.local/lib/python3.11/site-packages/airflow/example_dags/example_xcomargs.py for tasks to queue
[2024-03-05T01:43:22.615+0000] {logging_mixin.py:188} INFO - [2024-03-05T01:43:22.615+0000] {dagbag.py:540} INFO - Filling up the DagBag from /home/airflow/.local/lib/python3.11/site-packages/airflow/example_dags/example_xcomargs.py
[2024-03-05T01:43:22.622+0000] {processor.py:840} INFO - DAG(s) 'example_xcom_args_with_operators', 'example_xcom_args' retrieved from /home/airflow/.local/lib/python3.11/site-packages/airflow/example_dags/example_xcomargs.py
[2024-03-05T01:43:22.703+0000] {logging_mixin.py:188} INFO - [2024-03-05T01:43:22.703+0000] {dag.py:3047} INFO - Sync 2 DAGs
[2024-03-05T01:43:22.712+0000] {logging_mixin.py:188} INFO - [2024-03-05T01:43:22.712+0000] {dag.py:3834} INFO - Setting next_dagrun for example_xcom_args to None, run_after=None
[2024-03-05T01:43:22.716+0000] {logging_mixin.py:188} INFO - [2024-03-05T01:43:22.716+0000] {dag.py:3834} INFO - Setting next_dagrun for example_xcom_args_with_operators to None, run_after=None
[2024-03-05T01:43:22.737+0000] {processor.py:183} INFO - Processing /home/airflow/.local/lib/python3.11/site-packages/airflow/example_dags/example_xcomargs.py took 0.129 seconds
[2024-03-05T01:43:53.589+0000] {processor.py:161} INFO - Started process (PID=167) to work on /home/airflow/.local/lib/python3.11/site-packages/airflow/example_dags/example_xcomargs.py
[2024-03-05T01:43:53.590+0000] {processor.py:830} INFO - Processing file /home/airflow/.local/lib/python3.11/site-packages/airflow/example_dags/example_xcomargs.py for tasks to queue
[2024-03-05T01:43:53.592+0000] {logging_mixin.py:188} INFO - [2024-03-05T01:43:53.591+0000] {dagbag.py:540} INFO - Filling up the DagBag from /home/airflow/.local/lib/python3.11/site-packages/airflow/example_dags/example_xcomargs.py
[2024-03-05T01:43:53.598+0000] {processor.py:840} INFO - DAG(s) 'example_xcom_args_with_operators', 'example_xcom_args' retrieved from /home/airflow/.local/lib/python3.11/site-packages/airflow/example_dags/example_xcomargs.py
[2024-03-05T01:43:53.617+0000] {logging_mixin.py:188} INFO - [2024-03-05T01:43:53.617+0000] {dag.py:3047} INFO - Sync 2 DAGs
[2024-03-05T01:43:53.625+0000] {logging_mixin.py:188} INFO - [2024-03-05T01:43:53.625+0000] {dag.py:3834} INFO - Setting next_dagrun for example_xcom_args to None, run_after=None
[2024-03-05T01:43:53.629+0000] {logging_mixin.py:188} INFO - [2024-03-05T01:43:53.629+0000] {dag.py:3834} INFO - Setting next_dagrun for example_xcom_args_with_operators to None, run_after=None
[2024-03-05T01:43:53.642+0000] {processor.py:183} INFO - Processing /home/airflow/.local/lib/python3.11/site-packages/airflow/example_dags/example_xcomargs.py took 0.056 seconds
[2024-03-05T01:44:24.396+0000] {processor.py:161} INFO - Started process (PID=222) to work on /home/airflow/.local/lib/python3.11/site-packages/airflow/example_dags/example_xcomargs.py
[2024-03-05T01:44:24.398+0000] {processor.py:830} INFO - Processing file /home/airflow/.local/lib/python3.11/site-packages/airflow/example_dags/example_xcomargs.py for tasks to queue
[2024-03-05T01:44:24.401+0000] {logging_mixin.py:188} INFO - [2024-03-05T01:44:24.400+0000] {dagbag.py:540} INFO - Filling up the DagBag from /home/airflow/.local/lib/python3.11/site-packages/airflow/example_dags/example_xcomargs.py
[2024-03-05T01:44:24.409+0000] {processor.py:840} INFO - DAG(s) 'example_xcom_args_with_operators', 'example_xcom_args' retrieved from /home/airflow/.local/lib/python3.11/site-packages/airflow/example_dags/example_xcomargs.py
[2024-03-05T01:44:24.430+0000] {logging_mixin.py:188} INFO - [2024-03-05T01:44:24.429+0000] {dag.py:3047} INFO - Sync 2 DAGs
[2024-03-05T01:44:24.439+0000] {logging_mixin.py:188} INFO - [2024-03-05T01:44:24.439+0000] {dag.py:3834} INFO - Setting next_dagrun for example_xcom_args to None, run_after=None
[2024-03-05T01:44:24.442+0000] {logging_mixin.py:188} INFO - [2024-03-05T01:44:24.442+0000] {dag.py:3834} INFO - Setting next_dagrun for example_xcom_args_with_operators to None, run_after=None
[2024-03-05T01:44:24.458+0000] {processor.py:183} INFO - Processing /home/airflow/.local/lib/python3.11/site-packages/airflow/example_dags/example_xcomargs.py took 0.066 seconds
[2024-03-05T01:44:55.130+0000] {processor.py:161} INFO - Started process (PID=277) to work on /home/airflow/.local/lib/python3.11/site-packages/airflow/example_dags/example_xcomargs.py
[2024-03-05T01:44:55.131+0000] {processor.py:830} INFO - Processing file /home/airflow/.local/lib/python3.11/site-packages/airflow/example_dags/example_xcomargs.py for tasks to queue
[2024-03-05T01:44:55.133+0000] {logging_mixin.py:188} INFO - [2024-03-05T01:44:55.133+0000] {dagbag.py:540} INFO - Filling up the DagBag from /home/airflow/.local/lib/python3.11/site-packages/airflow/example_dags/example_xcomargs.py
[2024-03-05T01:44:55.140+0000] {processor.py:840} INFO - DAG(s) 'example_xcom_args', 'example_xcom_args_with_operators' retrieved from /home/airflow/.local/lib/python3.11/site-packages/airflow/example_dags/example_xcomargs.py
[2024-03-05T01:44:55.159+0000] {logging_mixin.py:188} INFO - [2024-03-05T01:44:55.158+0000] {dag.py:3047} INFO - Sync 2 DAGs
[2024-03-05T01:44:55.168+0000] {logging_mixin.py:188} INFO - [2024-03-05T01:44:55.168+0000] {dag.py:3834} INFO - Setting next_dagrun for example_xcom_args to None, run_after=None
[2024-03-05T01:44:55.171+0000] {logging_mixin.py:188} INFO - [2024-03-05T01:44:55.171+0000] {dag.py:3834} INFO - Setting next_dagrun for example_xcom_args_with_operators to None, run_after=None
[2024-03-05T01:44:55.183+0000] {processor.py:183} INFO - Processing /home/airflow/.local/lib/python3.11/site-packages/airflow/example_dags/example_xcomargs.py took 0.056 seconds
[2024-03-05T01:45:25.765+0000] {processor.py:161} INFO - Started process (PID=332) to work on /home/airflow/.local/lib/python3.11/site-packages/airflow/example_dags/example_xcomargs.py
[2024-03-05T01:45:25.766+0000] {processor.py:830} INFO - Processing file /home/airflow/.local/lib/python3.11/site-packages/airflow/example_dags/example_xcomargs.py for tasks to queue
[2024-03-05T01:45:25.767+0000] {logging_mixin.py:188} INFO - [2024-03-05T01:45:25.767+0000] {dagbag.py:540} INFO - Filling up the DagBag from /home/airflow/.local/lib/python3.11/site-packages/airflow/example_dags/example_xcomargs.py
[2024-03-05T01:45:25.775+0000] {processor.py:840} INFO - DAG(s) 'example_xcom_args', 'example_xcom_args_with_operators' retrieved from /home/airflow/.local/lib/python3.11/site-packages/airflow/example_dags/example_xcomargs.py
[2024-03-05T01:45:25.802+0000] {logging_mixin.py:188} INFO - [2024-03-05T01:45:25.802+0000] {dag.py:3047} INFO - Sync 2 DAGs
[2024-03-05T01:45:25.816+0000] {logging_mixin.py:188} INFO - [2024-03-05T01:45:25.815+0000] {dag.py:3834} INFO - Setting next_dagrun for example_xcom_args to None, run_after=None
[2024-03-05T01:45:25.821+0000] {logging_mixin.py:188} INFO - [2024-03-05T01:45:25.820+0000] {dag.py:3834} INFO - Setting next_dagrun for example_xcom_args_with_operators to None, run_after=None
[2024-03-05T01:45:25.836+0000] {processor.py:183} INFO - Processing /home/airflow/.local/lib/python3.11/site-packages/airflow/example_dags/example_xcomargs.py took 0.073 seconds
[2024-03-05T01:45:56.198+0000] {processor.py:161} INFO - Started process (PID=387) to work on /home/airflow/.local/lib/python3.11/site-packages/airflow/example_dags/example_xcomargs.py
[2024-03-05T01:45:56.201+0000] {processor.py:830} INFO - Processing file /home/airflow/.local/lib/python3.11/site-packages/airflow/example_dags/example_xcomargs.py for tasks to queue
[2024-03-05T01:45:56.203+0000] {logging_mixin.py:188} INFO - [2024-03-05T01:45:56.203+0000] {dagbag.py:540} INFO - Filling up the DagBag from /home/airflow/.local/lib/python3.11/site-packages/airflow/example_dags/example_xcomargs.py
[2024-03-05T01:45:56.210+0000] {processor.py:840} INFO - DAG(s) 'example_xcom_args', 'example_xcom_args_with_operators' retrieved from /home/airflow/.local/lib/python3.11/site-packages/airflow/example_dags/example_xcomargs.py
[2024-03-05T01:45:56.226+0000] {logging_mixin.py:188} INFO - [2024-03-05T01:45:56.226+0000] {dag.py:3047} INFO - Sync 2 DAGs
[2024-03-05T01:45:56.236+0000] {logging_mixin.py:188} INFO - [2024-03-05T01:45:56.236+0000] {dag.py:3834} INFO - Setting next_dagrun for example_xcom_args to None, run_after=None
[2024-03-05T01:45:56.239+0000] {logging_mixin.py:188} INFO - [2024-03-05T01:45:56.239+0000] {dag.py:3834} INFO - Setting next_dagrun for example_xcom_args_with_operators to None, run_after=None
[2024-03-05T01:45:56.251+0000] {processor.py:183} INFO - Processing /home/airflow/.local/lib/python3.11/site-packages/airflow/example_dags/example_xcomargs.py took 0.056 seconds
[2024-03-05T01:46:26.325+0000] {processor.py:161} INFO - Started process (PID=441) to work on /home/airflow/.local/lib/python3.11/site-packages/airflow/example_dags/example_xcomargs.py
[2024-03-05T01:46:26.326+0000] {processor.py:830} INFO - Processing file /home/airflow/.local/lib/python3.11/site-packages/airflow/example_dags/example_xcomargs.py for tasks to queue
[2024-03-05T01:46:26.332+0000] {logging_mixin.py:188} INFO - [2024-03-05T01:46:26.331+0000] {dagbag.py:540} INFO - Filling up the DagBag from /home/airflow/.local/lib/python3.11/site-packages/airflow/example_dags/example_xcomargs.py
[2024-03-05T01:46:26.343+0000] {processor.py:840} INFO - DAG(s) 'example_xcom_args', 'example_xcom_args_with_operators' retrieved from /home/airflow/.local/lib/python3.11/site-packages/airflow/example_dags/example_xcomargs.py
[2024-03-05T01:46:26.363+0000] {logging_mixin.py:188} INFO - [2024-03-05T01:46:26.363+0000] {dag.py:3047} INFO - Sync 2 DAGs
[2024-03-05T01:46:26.373+0000] {logging_mixin.py:188} INFO - [2024-03-05T01:46:26.372+0000] {dag.py:3834} INFO - Setting next_dagrun for example_xcom_args to None, run_after=None
[2024-03-05T01:46:26.377+0000] {logging_mixin.py:188} INFO - [2024-03-05T01:46:26.377+0000] {dag.py:3834} INFO - Setting next_dagrun for example_xcom_args_with_operators to None, run_after=None
[2024-03-05T01:46:26.391+0000] {processor.py:183} INFO - Processing /home/airflow/.local/lib/python3.11/site-packages/airflow/example_dags/example_xcomargs.py took 0.069 seconds
