[2024-03-05T01:42:51.773+0000] {processor.py:161} INFO - Started process (PID=58) to work on /home/airflow/.local/lib/python3.11/site-packages/airflow/example_dags/example_python_decorator.py
[2024-03-05T01:42:51.774+0000] {processor.py:830} INFO - Processing file /home/airflow/.local/lib/python3.11/site-packages/airflow/example_dags/example_python_decorator.py for tasks to queue
[2024-03-05T01:42:51.776+0000] {logging_mixin.py:188} INFO - [2024-03-05T01:42:51.776+0000] {dagbag.py:540} INFO - Filling up the DagBag from /home/airflow/.local/lib/python3.11/site-packages/airflow/example_dags/example_python_decorator.py
[2024-03-05T01:42:51.789+0000] {processor.py:840} INFO - DAG(s) 'example_python_decorator' retrieved from /home/airflow/.local/lib/python3.11/site-packages/airflow/example_dags/example_python_decorator.py
[2024-03-05T01:42:51.800+0000] {logging_mixin.py:188} INFO - [2024-03-05T01:42:51.800+0000] {dag.py:3047} INFO - Sync 1 DAGs
[2024-03-05T01:42:51.811+0000] {logging_mixin.py:188} INFO - [2024-03-05T01:42:51.811+0000] {dag.py:3834} INFO - Setting next_dagrun for example_python_decorator to None, run_after=None
[2024-03-05T01:42:51.828+0000] {processor.py:183} INFO - Processing /home/airflow/.local/lib/python3.11/site-packages/airflow/example_dags/example_python_decorator.py took 0.058 seconds
[2024-03-05T01:43:22.744+0000] {processor.py:161} INFO - Started process (PID=113) to work on /home/airflow/.local/lib/python3.11/site-packages/airflow/example_dags/example_python_decorator.py
[2024-03-05T01:43:22.745+0000] {processor.py:830} INFO - Processing file /home/airflow/.local/lib/python3.11/site-packages/airflow/example_dags/example_python_decorator.py for tasks to queue
[2024-03-05T01:43:22.748+0000] {logging_mixin.py:188} INFO - [2024-03-05T01:43:22.747+0000] {dagbag.py:540} INFO - Filling up the DagBag from /home/airflow/.local/lib/python3.11/site-packages/airflow/example_dags/example_python_decorator.py
[2024-03-05T01:43:22.760+0000] {processor.py:840} INFO - DAG(s) 'example_python_decorator' retrieved from /home/airflow/.local/lib/python3.11/site-packages/airflow/example_dags/example_python_decorator.py
[2024-03-05T01:43:22.834+0000] {logging_mixin.py:188} INFO - [2024-03-05T01:43:22.834+0000] {dag.py:3047} INFO - Sync 1 DAGs
[2024-03-05T01:43:22.842+0000] {logging_mixin.py:188} INFO - [2024-03-05T01:43:22.841+0000] {dag.py:3834} INFO - Setting next_dagrun for example_python_decorator to None, run_after=None
[2024-03-05T01:43:22.860+0000] {processor.py:183} INFO - Processing /home/airflow/.local/lib/python3.11/site-packages/airflow/example_dags/example_python_decorator.py took 0.119 seconds
[2024-03-05T01:43:53.589+0000] {processor.py:161} INFO - Started process (PID=168) to work on /home/airflow/.local/lib/python3.11/site-packages/airflow/example_dags/example_python_decorator.py
[2024-03-05T01:43:53.590+0000] {processor.py:830} INFO - Processing file /home/airflow/.local/lib/python3.11/site-packages/airflow/example_dags/example_python_decorator.py for tasks to queue
[2024-03-05T01:43:53.592+0000] {logging_mixin.py:188} INFO - [2024-03-05T01:43:53.592+0000] {dagbag.py:540} INFO - Filling up the DagBag from /home/airflow/.local/lib/python3.11/site-packages/airflow/example_dags/example_python_decorator.py
[2024-03-05T01:43:53.601+0000] {processor.py:840} INFO - DAG(s) 'example_python_decorator' retrieved from /home/airflow/.local/lib/python3.11/site-packages/airflow/example_dags/example_python_decorator.py
[2024-03-05T01:43:53.618+0000] {logging_mixin.py:188} INFO - [2024-03-05T01:43:53.617+0000] {dag.py:3047} INFO - Sync 1 DAGs
[2024-03-05T01:43:53.625+0000] {logging_mixin.py:188} INFO - [2024-03-05T01:43:53.625+0000] {dag.py:3834} INFO - Setting next_dagrun for example_python_decorator to None, run_after=None
[2024-03-05T01:43:53.639+0000] {processor.py:183} INFO - Processing /home/airflow/.local/lib/python3.11/site-packages/airflow/example_dags/example_python_decorator.py took 0.052 seconds
[2024-03-05T01:44:24.503+0000] {processor.py:161} INFO - Started process (PID=223) to work on /home/airflow/.local/lib/python3.11/site-packages/airflow/example_dags/example_python_decorator.py
[2024-03-05T01:44:24.506+0000] {processor.py:830} INFO - Processing file /home/airflow/.local/lib/python3.11/site-packages/airflow/example_dags/example_python_decorator.py for tasks to queue
[2024-03-05T01:44:24.508+0000] {logging_mixin.py:188} INFO - [2024-03-05T01:44:24.507+0000] {dagbag.py:540} INFO - Filling up the DagBag from /home/airflow/.local/lib/python3.11/site-packages/airflow/example_dags/example_python_decorator.py
[2024-03-05T01:44:24.517+0000] {processor.py:840} INFO - DAG(s) 'example_python_decorator' retrieved from /home/airflow/.local/lib/python3.11/site-packages/airflow/example_dags/example_python_decorator.py
[2024-03-05T01:44:24.535+0000] {logging_mixin.py:188} INFO - [2024-03-05T01:44:24.535+0000] {dag.py:3047} INFO - Sync 1 DAGs
[2024-03-05T01:44:24.543+0000] {logging_mixin.py:188} INFO - [2024-03-05T01:44:24.543+0000] {dag.py:3834} INFO - Setting next_dagrun for example_python_decorator to None, run_after=None
[2024-03-05T01:44:24.560+0000] {processor.py:183} INFO - Processing /home/airflow/.local/lib/python3.11/site-packages/airflow/example_dags/example_python_decorator.py took 0.060 seconds
[2024-03-05T01:44:55.154+0000] {processor.py:161} INFO - Started process (PID=278) to work on /home/airflow/.local/lib/python3.11/site-packages/airflow/example_dags/example_python_decorator.py
[2024-03-05T01:44:55.155+0000] {processor.py:830} INFO - Processing file /home/airflow/.local/lib/python3.11/site-packages/airflow/example_dags/example_python_decorator.py for tasks to queue
[2024-03-05T01:44:55.157+0000] {logging_mixin.py:188} INFO - [2024-03-05T01:44:55.157+0000] {dagbag.py:540} INFO - Filling up the DagBag from /home/airflow/.local/lib/python3.11/site-packages/airflow/example_dags/example_python_decorator.py
[2024-03-05T01:44:55.173+0000] {processor.py:840} INFO - DAG(s) 'example_python_decorator' retrieved from /home/airflow/.local/lib/python3.11/site-packages/airflow/example_dags/example_python_decorator.py
[2024-03-05T01:44:55.188+0000] {logging_mixin.py:188} INFO - [2024-03-05T01:44:55.188+0000] {dag.py:3047} INFO - Sync 1 DAGs
[2024-03-05T01:44:55.197+0000] {logging_mixin.py:188} INFO - [2024-03-05T01:44:55.197+0000] {dag.py:3834} INFO - Setting next_dagrun for example_python_decorator to None, run_after=None
[2024-03-05T01:44:55.212+0000] {processor.py:183} INFO - Processing /home/airflow/.local/lib/python3.11/site-packages/airflow/example_dags/example_python_decorator.py took 0.061 seconds
[2024-03-05T01:45:25.769+0000] {processor.py:161} INFO - Started process (PID=333) to work on /home/airflow/.local/lib/python3.11/site-packages/airflow/example_dags/example_python_decorator.py
[2024-03-05T01:45:25.770+0000] {processor.py:830} INFO - Processing file /home/airflow/.local/lib/python3.11/site-packages/airflow/example_dags/example_python_decorator.py for tasks to queue
[2024-03-05T01:45:25.772+0000] {logging_mixin.py:188} INFO - [2024-03-05T01:45:25.771+0000] {dagbag.py:540} INFO - Filling up the DagBag from /home/airflow/.local/lib/python3.11/site-packages/airflow/example_dags/example_python_decorator.py
[2024-03-05T01:45:25.796+0000] {processor.py:840} INFO - DAG(s) 'example_python_decorator' retrieved from /home/airflow/.local/lib/python3.11/site-packages/airflow/example_dags/example_python_decorator.py
[2024-03-05T01:45:25.816+0000] {logging_mixin.py:188} INFO - [2024-03-05T01:45:25.816+0000] {dag.py:3047} INFO - Sync 1 DAGs
[2024-03-05T01:45:25.829+0000] {logging_mixin.py:188} INFO - [2024-03-05T01:45:25.829+0000] {dag.py:3834} INFO - Setting next_dagrun for example_python_decorator to None, run_after=None
[2024-03-05T01:45:25.852+0000] {processor.py:183} INFO - Processing /home/airflow/.local/lib/python3.11/site-packages/airflow/example_dags/example_python_decorator.py took 0.087 seconds
[2024-03-05T01:45:56.297+0000] {processor.py:161} INFO - Started process (PID=388) to work on /home/airflow/.local/lib/python3.11/site-packages/airflow/example_dags/example_python_decorator.py
[2024-03-05T01:45:56.299+0000] {processor.py:830} INFO - Processing file /home/airflow/.local/lib/python3.11/site-packages/airflow/example_dags/example_python_decorator.py for tasks to queue
[2024-03-05T01:45:56.301+0000] {logging_mixin.py:188} INFO - [2024-03-05T01:45:56.301+0000] {dagbag.py:540} INFO - Filling up the DagBag from /home/airflow/.local/lib/python3.11/site-packages/airflow/example_dags/example_python_decorator.py
[2024-03-05T01:45:56.312+0000] {processor.py:840} INFO - DAG(s) 'example_python_decorator' retrieved from /home/airflow/.local/lib/python3.11/site-packages/airflow/example_dags/example_python_decorator.py
[2024-03-05T01:45:56.328+0000] {logging_mixin.py:188} INFO - [2024-03-05T01:45:56.328+0000] {dag.py:3047} INFO - Sync 1 DAGs
[2024-03-05T01:45:56.337+0000] {logging_mixin.py:188} INFO - [2024-03-05T01:45:56.337+0000] {dag.py:3834} INFO - Setting next_dagrun for example_python_decorator to None, run_after=None
[2024-03-05T01:45:56.350+0000] {processor.py:183} INFO - Processing /home/airflow/.local/lib/python3.11/site-packages/airflow/example_dags/example_python_decorator.py took 0.056 seconds
[2024-03-05T01:46:26.439+0000] {processor.py:161} INFO - Started process (PID=442) to work on /home/airflow/.local/lib/python3.11/site-packages/airflow/example_dags/example_python_decorator.py
[2024-03-05T01:46:26.440+0000] {processor.py:830} INFO - Processing file /home/airflow/.local/lib/python3.11/site-packages/airflow/example_dags/example_python_decorator.py for tasks to queue
[2024-03-05T01:46:26.442+0000] {logging_mixin.py:188} INFO - [2024-03-05T01:46:26.442+0000] {dagbag.py:540} INFO - Filling up the DagBag from /home/airflow/.local/lib/python3.11/site-packages/airflow/example_dags/example_python_decorator.py
[2024-03-05T01:46:26.452+0000] {processor.py:840} INFO - DAG(s) 'example_python_decorator' retrieved from /home/airflow/.local/lib/python3.11/site-packages/airflow/example_dags/example_python_decorator.py
[2024-03-05T01:46:26.470+0000] {logging_mixin.py:188} INFO - [2024-03-05T01:46:26.470+0000] {dag.py:3047} INFO - Sync 1 DAGs
[2024-03-05T01:46:26.479+0000] {logging_mixin.py:188} INFO - [2024-03-05T01:46:26.479+0000] {dag.py:3834} INFO - Setting next_dagrun for example_python_decorator to None, run_after=None
[2024-03-05T01:46:26.497+0000] {processor.py:183} INFO - Processing /home/airflow/.local/lib/python3.11/site-packages/airflow/example_dags/example_python_decorator.py took 0.061 seconds
