[2024-03-05T01:42:50.928+0000] {processor.py:161} INFO - Started process (PID=44) to work on /home/airflow/.local/lib/python3.11/site-packages/airflow/example_dags/example_latest_only.py
[2024-03-05T01:42:50.930+0000] {processor.py:830} INFO - Processing file /home/airflow/.local/lib/python3.11/site-packages/airflow/example_dags/example_latest_only.py for tasks to queue
[2024-03-05T01:42:50.932+0000] {logging_mixin.py:188} INFO - [2024-03-05T01:42:50.931+0000] {dagbag.py:540} INFO - Filling up the DagBag from /home/airflow/.local/lib/python3.11/site-packages/airflow/example_dags/example_latest_only.py
[2024-03-05T01:42:50.939+0000] {processor.py:840} INFO - DAG(s) 'latest_only' retrieved from /home/airflow/.local/lib/python3.11/site-packages/airflow/example_dags/example_latest_only.py
[2024-03-05T01:42:50.951+0000] {logging_mixin.py:188} INFO - [2024-03-05T01:42:50.951+0000] {dag.py:3047} INFO - Sync 1 DAGs
[2024-03-05T01:42:50.972+0000] {logging_mixin.py:188} INFO - [2024-03-05T01:42:50.972+0000] {dag.py:3834} INFO - Setting next_dagrun for latest_only to 2024-03-04 20:00:00+00:00, run_after=2024-03-05 00:00:00+00:00
[2024-03-05T01:42:50.986+0000] {processor.py:183} INFO - Processing /home/airflow/.local/lib/python3.11/site-packages/airflow/example_dags/example_latest_only.py took 0.060 seconds
[2024-03-05T01:43:21.513+0000] {processor.py:161} INFO - Started process (PID=99) to work on /home/airflow/.local/lib/python3.11/site-packages/airflow/example_dags/example_latest_only.py
[2024-03-05T01:43:21.514+0000] {processor.py:830} INFO - Processing file /home/airflow/.local/lib/python3.11/site-packages/airflow/example_dags/example_latest_only.py for tasks to queue
[2024-03-05T01:43:21.516+0000] {logging_mixin.py:188} INFO - [2024-03-05T01:43:21.516+0000] {dagbag.py:540} INFO - Filling up the DagBag from /home/airflow/.local/lib/python3.11/site-packages/airflow/example_dags/example_latest_only.py
[2024-03-05T01:43:21.520+0000] {processor.py:840} INFO - DAG(s) 'latest_only' retrieved from /home/airflow/.local/lib/python3.11/site-packages/airflow/example_dags/example_latest_only.py
[2024-03-05T01:43:21.589+0000] {logging_mixin.py:188} INFO - [2024-03-05T01:43:21.589+0000] {dag.py:3047} INFO - Sync 1 DAGs
[2024-03-05T01:43:21.603+0000] {logging_mixin.py:188} INFO - [2024-03-05T01:43:21.602+0000] {dag.py:3834} INFO - Setting next_dagrun for latest_only to 2024-03-04 20:00:00+00:00, run_after=2024-03-05 00:00:00+00:00
[2024-03-05T01:43:21.620+0000] {processor.py:183} INFO - Processing /home/airflow/.local/lib/python3.11/site-packages/airflow/example_dags/example_latest_only.py took 0.110 seconds
[2024-03-05T01:43:51.733+0000] {processor.py:161} INFO - Started process (PID=154) to work on /home/airflow/.local/lib/python3.11/site-packages/airflow/example_dags/example_latest_only.py
[2024-03-05T01:43:51.734+0000] {processor.py:830} INFO - Processing file /home/airflow/.local/lib/python3.11/site-packages/airflow/example_dags/example_latest_only.py for tasks to queue
[2024-03-05T01:43:51.736+0000] {logging_mixin.py:188} INFO - [2024-03-05T01:43:51.736+0000] {dagbag.py:540} INFO - Filling up the DagBag from /home/airflow/.local/lib/python3.11/site-packages/airflow/example_dags/example_latest_only.py
[2024-03-05T01:43:51.740+0000] {processor.py:840} INFO - DAG(s) 'latest_only' retrieved from /home/airflow/.local/lib/python3.11/site-packages/airflow/example_dags/example_latest_only.py
[2024-03-05T01:43:51.755+0000] {logging_mixin.py:188} INFO - [2024-03-05T01:43:51.755+0000] {dag.py:3047} INFO - Sync 1 DAGs
[2024-03-05T01:43:51.770+0000] {logging_mixin.py:188} INFO - [2024-03-05T01:43:51.770+0000] {dag.py:3834} INFO - Setting next_dagrun for latest_only to 2024-03-04 20:00:00+00:00, run_after=2024-03-05 00:00:00+00:00
[2024-03-05T01:43:51.786+0000] {processor.py:183} INFO - Processing /home/airflow/.local/lib/python3.11/site-packages/airflow/example_dags/example_latest_only.py took 0.055 seconds
[2024-03-05T01:44:22.580+0000] {processor.py:161} INFO - Started process (PID=209) to work on /home/airflow/.local/lib/python3.11/site-packages/airflow/example_dags/example_latest_only.py
[2024-03-05T01:44:22.581+0000] {processor.py:830} INFO - Processing file /home/airflow/.local/lib/python3.11/site-packages/airflow/example_dags/example_latest_only.py for tasks to queue
[2024-03-05T01:44:22.584+0000] {logging_mixin.py:188} INFO - [2024-03-05T01:44:22.584+0000] {dagbag.py:540} INFO - Filling up the DagBag from /home/airflow/.local/lib/python3.11/site-packages/airflow/example_dags/example_latest_only.py
[2024-03-05T01:44:22.588+0000] {processor.py:840} INFO - DAG(s) 'latest_only' retrieved from /home/airflow/.local/lib/python3.11/site-packages/airflow/example_dags/example_latest_only.py
[2024-03-05T01:44:22.604+0000] {logging_mixin.py:188} INFO - [2024-03-05T01:44:22.604+0000] {dag.py:3047} INFO - Sync 1 DAGs
[2024-03-05T01:44:22.619+0000] {logging_mixin.py:188} INFO - [2024-03-05T01:44:22.619+0000] {dag.py:3834} INFO - Setting next_dagrun for latest_only to 2024-03-04 20:00:00+00:00, run_after=2024-03-05 00:00:00+00:00
[2024-03-05T01:44:22.635+0000] {processor.py:183} INFO - Processing /home/airflow/.local/lib/python3.11/site-packages/airflow/example_dags/example_latest_only.py took 0.057 seconds
[2024-03-05T01:44:53.372+0000] {processor.py:161} INFO - Started process (PID=264) to work on /home/airflow/.local/lib/python3.11/site-packages/airflow/example_dags/example_latest_only.py
[2024-03-05T01:44:53.373+0000] {processor.py:830} INFO - Processing file /home/airflow/.local/lib/python3.11/site-packages/airflow/example_dags/example_latest_only.py for tasks to queue
[2024-03-05T01:44:53.375+0000] {logging_mixin.py:188} INFO - [2024-03-05T01:44:53.375+0000] {dagbag.py:540} INFO - Filling up the DagBag from /home/airflow/.local/lib/python3.11/site-packages/airflow/example_dags/example_latest_only.py
[2024-03-05T01:44:53.379+0000] {processor.py:840} INFO - DAG(s) 'latest_only' retrieved from /home/airflow/.local/lib/python3.11/site-packages/airflow/example_dags/example_latest_only.py
[2024-03-05T01:44:53.396+0000] {logging_mixin.py:188} INFO - [2024-03-05T01:44:53.396+0000] {dag.py:3047} INFO - Sync 1 DAGs
[2024-03-05T01:44:53.411+0000] {logging_mixin.py:188} INFO - [2024-03-05T01:44:53.411+0000] {dag.py:3834} INFO - Setting next_dagrun for latest_only to 2024-03-04 20:00:00+00:00, run_after=2024-03-05 00:00:00+00:00
[2024-03-05T01:44:53.426+0000] {processor.py:183} INFO - Processing /home/airflow/.local/lib/python3.11/site-packages/airflow/example_dags/example_latest_only.py took 0.056 seconds
[2024-03-05T01:45:23.838+0000] {processor.py:161} INFO - Started process (PID=319) to work on /home/airflow/.local/lib/python3.11/site-packages/airflow/example_dags/example_latest_only.py
[2024-03-05T01:45:23.839+0000] {processor.py:830} INFO - Processing file /home/airflow/.local/lib/python3.11/site-packages/airflow/example_dags/example_latest_only.py for tasks to queue
[2024-03-05T01:45:23.841+0000] {logging_mixin.py:188} INFO - [2024-03-05T01:45:23.841+0000] {dagbag.py:540} INFO - Filling up the DagBag from /home/airflow/.local/lib/python3.11/site-packages/airflow/example_dags/example_latest_only.py
[2024-03-05T01:45:23.846+0000] {processor.py:840} INFO - DAG(s) 'latest_only' retrieved from /home/airflow/.local/lib/python3.11/site-packages/airflow/example_dags/example_latest_only.py
[2024-03-05T01:45:23.867+0000] {logging_mixin.py:188} INFO - [2024-03-05T01:45:23.867+0000] {dag.py:3047} INFO - Sync 1 DAGs
[2024-03-05T01:45:23.890+0000] {logging_mixin.py:188} INFO - [2024-03-05T01:45:23.890+0000] {dag.py:3834} INFO - Setting next_dagrun for latest_only to 2024-03-04 20:00:00+00:00, run_after=2024-03-05 00:00:00+00:00
[2024-03-05T01:45:23.911+0000] {processor.py:183} INFO - Processing /home/airflow/.local/lib/python3.11/site-packages/airflow/example_dags/example_latest_only.py took 0.076 seconds
[2024-03-05T01:45:54.408+0000] {processor.py:161} INFO - Started process (PID=374) to work on /home/airflow/.local/lib/python3.11/site-packages/airflow/example_dags/example_latest_only.py
[2024-03-05T01:45:54.409+0000] {processor.py:830} INFO - Processing file /home/airflow/.local/lib/python3.11/site-packages/airflow/example_dags/example_latest_only.py for tasks to queue
[2024-03-05T01:45:54.411+0000] {logging_mixin.py:188} INFO - [2024-03-05T01:45:54.410+0000] {dagbag.py:540} INFO - Filling up the DagBag from /home/airflow/.local/lib/python3.11/site-packages/airflow/example_dags/example_latest_only.py
[2024-03-05T01:45:54.415+0000] {processor.py:840} INFO - DAG(s) 'latest_only' retrieved from /home/airflow/.local/lib/python3.11/site-packages/airflow/example_dags/example_latest_only.py
[2024-03-05T01:45:54.430+0000] {logging_mixin.py:188} INFO - [2024-03-05T01:45:54.430+0000] {dag.py:3047} INFO - Sync 1 DAGs
[2024-03-05T01:45:54.446+0000] {logging_mixin.py:188} INFO - [2024-03-05T01:45:54.445+0000] {dag.py:3834} INFO - Setting next_dagrun for latest_only to 2024-03-04 20:00:00+00:00, run_after=2024-03-05 00:00:00+00:00
[2024-03-05T01:45:54.463+0000] {processor.py:183} INFO - Processing /home/airflow/.local/lib/python3.11/site-packages/airflow/example_dags/example_latest_only.py took 0.058 seconds
[2024-03-05T01:46:24.571+0000] {processor.py:161} INFO - Started process (PID=429) to work on /home/airflow/.local/lib/python3.11/site-packages/airflow/example_dags/example_latest_only.py
[2024-03-05T01:46:24.572+0000] {processor.py:830} INFO - Processing file /home/airflow/.local/lib/python3.11/site-packages/airflow/example_dags/example_latest_only.py for tasks to queue
[2024-03-05T01:46:24.575+0000] {logging_mixin.py:188} INFO - [2024-03-05T01:46:24.575+0000] {dagbag.py:540} INFO - Filling up the DagBag from /home/airflow/.local/lib/python3.11/site-packages/airflow/example_dags/example_latest_only.py
[2024-03-05T01:46:24.580+0000] {processor.py:840} INFO - DAG(s) 'latest_only' retrieved from /home/airflow/.local/lib/python3.11/site-packages/airflow/example_dags/example_latest_only.py
[2024-03-05T01:46:24.596+0000] {logging_mixin.py:188} INFO - [2024-03-05T01:46:24.596+0000] {dag.py:3047} INFO - Sync 1 DAGs
[2024-03-05T01:46:24.611+0000] {logging_mixin.py:188} INFO - [2024-03-05T01:46:24.611+0000] {dag.py:3834} INFO - Setting next_dagrun for latest_only to 2024-03-04 20:00:00+00:00, run_after=2024-03-05 00:00:00+00:00
[2024-03-05T01:46:24.625+0000] {processor.py:183} INFO - Processing /home/airflow/.local/lib/python3.11/site-packages/airflow/example_dags/example_latest_only.py took 0.056 seconds
