[2024-03-05T01:42:51.982+0000] {processor.py:161} INFO - Started process (PID=63) to work on /home/airflow/.local/lib/python3.11/site-packages/airflow/example_dags/example_subdag_operator.py
[2024-03-05T01:42:51.984+0000] {processor.py:830} INFO - Processing file /home/airflow/.local/lib/python3.11/site-packages/airflow/example_dags/example_subdag_operator.py for tasks to queue
[2024-03-05T01:42:51.986+0000] {logging_mixin.py:188} INFO - [2024-03-05T01:42:51.986+0000] {dagbag.py:540} INFO - Filling up the DagBag from /home/airflow/.local/lib/python3.11/site-packages/airflow/example_dags/example_subdag_operator.py
[2024-03-05T01:42:52.010+0000] {processor.py:840} INFO - DAG(s) 'example_subdag_operator.section-1', 'example_subdag_operator.section-2', 'example_subdag_operator' retrieved from /home/airflow/.local/lib/python3.11/site-packages/airflow/example_dags/example_subdag_operator.py
[2024-03-05T01:42:52.014+0000] {logging_mixin.py:188} INFO - [2024-03-05T01:42:52.014+0000] {dag.py:3047} INFO - Sync 3 DAGs
[2024-03-05T01:42:52.030+0000] {logging_mixin.py:188} INFO - [2024-03-05T01:42:52.030+0000] {dag.py:3834} INFO - Setting next_dagrun for example_subdag_operator to 2022-01-01 00:00:00+00:00, run_after=2022-01-01 00:00:00+00:00
[2024-03-05T01:42:52.034+0000] {logging_mixin.py:188} INFO - [2024-03-05T01:42:52.034+0000] {dag.py:3834} INFO - Setting next_dagrun for example_subdag_operator.section-1 to None, run_after=None
[2024-03-05T01:42:52.035+0000] {logging_mixin.py:188} INFO - [2024-03-05T01:42:52.035+0000] {dag.py:3834} INFO - Setting next_dagrun for example_subdag_operator.section-2 to None, run_after=None
[2024-03-05T01:42:52.042+0000] {logging_mixin.py:188} INFO - [2024-03-05T01:42:52.042+0000] {dag.py:3047} INFO - Sync 2 DAGs
[2024-03-05T01:42:52.046+0000] {logging_mixin.py:188} INFO - [2024-03-05T01:42:52.046+0000] {dag.py:3834} INFO - Setting next_dagrun for example_subdag_operator.section-1 to None, run_after=None
[2024-03-05T01:42:52.047+0000] {logging_mixin.py:188} INFO - [2024-03-05T01:42:52.047+0000] {dag.py:3834} INFO - Setting next_dagrun for example_subdag_operator.section-2 to None, run_after=None
[2024-03-05T01:42:52.061+0000] {processor.py:183} INFO - Processing /home/airflow/.local/lib/python3.11/site-packages/airflow/example_dags/example_subdag_operator.py took 0.082 seconds
[2024-03-05T01:43:23.227+0000] {processor.py:161} INFO - Started process (PID=118) to work on /home/airflow/.local/lib/python3.11/site-packages/airflow/example_dags/example_subdag_operator.py
[2024-03-05T01:43:23.228+0000] {processor.py:830} INFO - Processing file /home/airflow/.local/lib/python3.11/site-packages/airflow/example_dags/example_subdag_operator.py for tasks to queue
[2024-03-05T01:43:23.229+0000] {logging_mixin.py:188} INFO - [2024-03-05T01:43:23.229+0000] {dagbag.py:540} INFO - Filling up the DagBag from /home/airflow/.local/lib/python3.11/site-packages/airflow/example_dags/example_subdag_operator.py
[2024-03-05T01:43:23.246+0000] {processor.py:840} INFO - DAG(s) 'example_subdag_operator.section-1', 'example_subdag_operator.section-2', 'example_subdag_operator' retrieved from /home/airflow/.local/lib/python3.11/site-packages/airflow/example_dags/example_subdag_operator.py
[2024-03-05T01:43:23.315+0000] {logging_mixin.py:188} INFO - [2024-03-05T01:43:23.315+0000] {dag.py:3047} INFO - Sync 3 DAGs
[2024-03-05T01:43:23.334+0000] {logging_mixin.py:188} INFO - [2024-03-05T01:43:23.334+0000] {dag.py:3834} INFO - Setting next_dagrun for example_subdag_operator to 2022-01-01 00:00:00+00:00, run_after=2022-01-01 00:00:00+00:00
[2024-03-05T01:43:23.338+0000] {logging_mixin.py:188} INFO - [2024-03-05T01:43:23.338+0000] {dag.py:3834} INFO - Setting next_dagrun for example_subdag_operator.section-1 to None, run_after=None
[2024-03-05T01:43:23.340+0000] {logging_mixin.py:188} INFO - [2024-03-05T01:43:23.340+0000] {dag.py:3834} INFO - Setting next_dagrun for example_subdag_operator.section-2 to None, run_after=None
[2024-03-05T01:43:23.347+0000] {logging_mixin.py:188} INFO - [2024-03-05T01:43:23.347+0000] {dag.py:3047} INFO - Sync 2 DAGs
[2024-03-05T01:43:23.351+0000] {logging_mixin.py:188} INFO - [2024-03-05T01:43:23.351+0000] {dag.py:3834} INFO - Setting next_dagrun for example_subdag_operator.section-1 to None, run_after=None
[2024-03-05T01:43:23.352+0000] {logging_mixin.py:188} INFO - [2024-03-05T01:43:23.352+0000] {dag.py:3834} INFO - Setting next_dagrun for example_subdag_operator.section-2 to None, run_after=None
[2024-03-05T01:43:23.366+0000] {processor.py:183} INFO - Processing /home/airflow/.local/lib/python3.11/site-packages/airflow/example_dags/example_subdag_operator.py took 0.142 seconds
[2024-03-05T01:43:54.017+0000] {processor.py:161} INFO - Started process (PID=173) to work on /home/airflow/.local/lib/python3.11/site-packages/airflow/example_dags/example_subdag_operator.py
[2024-03-05T01:43:54.019+0000] {processor.py:830} INFO - Processing file /home/airflow/.local/lib/python3.11/site-packages/airflow/example_dags/example_subdag_operator.py for tasks to queue
[2024-03-05T01:43:54.021+0000] {logging_mixin.py:188} INFO - [2024-03-05T01:43:54.020+0000] {dagbag.py:540} INFO - Filling up the DagBag from /home/airflow/.local/lib/python3.11/site-packages/airflow/example_dags/example_subdag_operator.py
[2024-03-05T01:43:54.041+0000] {processor.py:840} INFO - DAG(s) 'example_subdag_operator.section-1', 'example_subdag_operator.section-2', 'example_subdag_operator' retrieved from /home/airflow/.local/lib/python3.11/site-packages/airflow/example_dags/example_subdag_operator.py
[2024-03-05T01:43:54.051+0000] {logging_mixin.py:188} INFO - [2024-03-05T01:43:54.051+0000] {dag.py:3047} INFO - Sync 3 DAGs
[2024-03-05T01:43:54.065+0000] {logging_mixin.py:188} INFO - [2024-03-05T01:43:54.064+0000] {dag.py:3834} INFO - Setting next_dagrun for example_subdag_operator to 2022-01-01 00:00:00+00:00, run_after=2022-01-01 00:00:00+00:00
[2024-03-05T01:43:54.068+0000] {logging_mixin.py:188} INFO - [2024-03-05T01:43:54.067+0000] {dag.py:3834} INFO - Setting next_dagrun for example_subdag_operator.section-1 to None, run_after=None
[2024-03-05T01:43:54.069+0000] {logging_mixin.py:188} INFO - [2024-03-05T01:43:54.069+0000] {dag.py:3834} INFO - Setting next_dagrun for example_subdag_operator.section-2 to None, run_after=None
[2024-03-05T01:43:54.075+0000] {logging_mixin.py:188} INFO - [2024-03-05T01:43:54.074+0000] {dag.py:3047} INFO - Sync 2 DAGs
[2024-03-05T01:43:54.079+0000] {logging_mixin.py:188} INFO - [2024-03-05T01:43:54.078+0000] {dag.py:3834} INFO - Setting next_dagrun for example_subdag_operator.section-1 to None, run_after=None
[2024-03-05T01:43:54.079+0000] {logging_mixin.py:188} INFO - [2024-03-05T01:43:54.079+0000] {dag.py:3834} INFO - Setting next_dagrun for example_subdag_operator.section-2 to None, run_after=None
[2024-03-05T01:43:54.090+0000] {processor.py:183} INFO - Processing /home/airflow/.local/lib/python3.11/site-packages/airflow/example_dags/example_subdag_operator.py took 0.076 seconds
[2024-03-05T01:44:24.825+0000] {processor.py:161} INFO - Started process (PID=228) to work on /home/airflow/.local/lib/python3.11/site-packages/airflow/example_dags/example_subdag_operator.py
[2024-03-05T01:44:24.826+0000] {processor.py:830} INFO - Processing file /home/airflow/.local/lib/python3.11/site-packages/airflow/example_dags/example_subdag_operator.py for tasks to queue
[2024-03-05T01:44:24.828+0000] {logging_mixin.py:188} INFO - [2024-03-05T01:44:24.828+0000] {dagbag.py:540} INFO - Filling up the DagBag from /home/airflow/.local/lib/python3.11/site-packages/airflow/example_dags/example_subdag_operator.py
[2024-03-05T01:44:24.847+0000] {processor.py:840} INFO - DAG(s) 'example_subdag_operator.section-1', 'example_subdag_operator.section-2', 'example_subdag_operator' retrieved from /home/airflow/.local/lib/python3.11/site-packages/airflow/example_dags/example_subdag_operator.py
[2024-03-05T01:44:24.858+0000] {logging_mixin.py:188} INFO - [2024-03-05T01:44:24.858+0000] {dag.py:3047} INFO - Sync 3 DAGs
[2024-03-05T01:44:24.872+0000] {logging_mixin.py:188} INFO - [2024-03-05T01:44:24.872+0000] {dag.py:3834} INFO - Setting next_dagrun for example_subdag_operator to 2022-01-01 00:00:00+00:00, run_after=2022-01-01 00:00:00+00:00
[2024-03-05T01:44:24.875+0000] {logging_mixin.py:188} INFO - [2024-03-05T01:44:24.875+0000] {dag.py:3834} INFO - Setting next_dagrun for example_subdag_operator.section-1 to None, run_after=None
[2024-03-05T01:44:24.877+0000] {logging_mixin.py:188} INFO - [2024-03-05T01:44:24.877+0000] {dag.py:3834} INFO - Setting next_dagrun for example_subdag_operator.section-2 to None, run_after=None
[2024-03-05T01:44:24.882+0000] {logging_mixin.py:188} INFO - [2024-03-05T01:44:24.882+0000] {dag.py:3047} INFO - Sync 2 DAGs
[2024-03-05T01:44:24.887+0000] {logging_mixin.py:188} INFO - [2024-03-05T01:44:24.887+0000] {dag.py:3834} INFO - Setting next_dagrun for example_subdag_operator.section-1 to None, run_after=None
[2024-03-05T01:44:24.888+0000] {logging_mixin.py:188} INFO - [2024-03-05T01:44:24.888+0000] {dag.py:3834} INFO - Setting next_dagrun for example_subdag_operator.section-2 to None, run_after=None
[2024-03-05T01:44:24.898+0000] {processor.py:183} INFO - Processing /home/airflow/.local/lib/python3.11/site-packages/airflow/example_dags/example_subdag_operator.py took 0.076 seconds
[2024-03-05T01:44:55.388+0000] {processor.py:161} INFO - Started process (PID=283) to work on /home/airflow/.local/lib/python3.11/site-packages/airflow/example_dags/example_subdag_operator.py
[2024-03-05T01:44:55.390+0000] {processor.py:830} INFO - Processing file /home/airflow/.local/lib/python3.11/site-packages/airflow/example_dags/example_subdag_operator.py for tasks to queue
[2024-03-05T01:44:55.391+0000] {logging_mixin.py:188} INFO - [2024-03-05T01:44:55.391+0000] {dagbag.py:540} INFO - Filling up the DagBag from /home/airflow/.local/lib/python3.11/site-packages/airflow/example_dags/example_subdag_operator.py
[2024-03-05T01:44:55.410+0000] {processor.py:840} INFO - DAG(s) 'example_subdag_operator.section-1', 'example_subdag_operator.section-2', 'example_subdag_operator' retrieved from /home/airflow/.local/lib/python3.11/site-packages/airflow/example_dags/example_subdag_operator.py
[2024-03-05T01:44:55.420+0000] {logging_mixin.py:188} INFO - [2024-03-05T01:44:55.420+0000] {dag.py:3047} INFO - Sync 3 DAGs
[2024-03-05T01:44:55.435+0000] {logging_mixin.py:188} INFO - [2024-03-05T01:44:55.435+0000] {dag.py:3834} INFO - Setting next_dagrun for example_subdag_operator to 2022-01-01 00:00:00+00:00, run_after=2022-01-01 00:00:00+00:00
[2024-03-05T01:44:55.438+0000] {logging_mixin.py:188} INFO - [2024-03-05T01:44:55.438+0000] {dag.py:3834} INFO - Setting next_dagrun for example_subdag_operator.section-1 to None, run_after=None
[2024-03-05T01:44:55.439+0000] {logging_mixin.py:188} INFO - [2024-03-05T01:44:55.439+0000] {dag.py:3834} INFO - Setting next_dagrun for example_subdag_operator.section-2 to None, run_after=None
[2024-03-05T01:44:55.445+0000] {logging_mixin.py:188} INFO - [2024-03-05T01:44:55.445+0000] {dag.py:3047} INFO - Sync 2 DAGs
[2024-03-05T01:44:55.449+0000] {logging_mixin.py:188} INFO - [2024-03-05T01:44:55.449+0000] {dag.py:3834} INFO - Setting next_dagrun for example_subdag_operator.section-1 to None, run_after=None
[2024-03-05T01:44:55.450+0000] {logging_mixin.py:188} INFO - [2024-03-05T01:44:55.450+0000] {dag.py:3834} INFO - Setting next_dagrun for example_subdag_operator.section-2 to None, run_after=None
[2024-03-05T01:44:55.461+0000] {processor.py:183} INFO - Processing /home/airflow/.local/lib/python3.11/site-packages/airflow/example_dags/example_subdag_operator.py took 0.075 seconds
[2024-03-05T01:45:26.019+0000] {processor.py:161} INFO - Started process (PID=338) to work on /home/airflow/.local/lib/python3.11/site-packages/airflow/example_dags/example_subdag_operator.py
[2024-03-05T01:45:26.021+0000] {processor.py:830} INFO - Processing file /home/airflow/.local/lib/python3.11/site-packages/airflow/example_dags/example_subdag_operator.py for tasks to queue
[2024-03-05T01:45:26.022+0000] {logging_mixin.py:188} INFO - [2024-03-05T01:45:26.022+0000] {dagbag.py:540} INFO - Filling up the DagBag from /home/airflow/.local/lib/python3.11/site-packages/airflow/example_dags/example_subdag_operator.py
[2024-03-05T01:45:26.040+0000] {processor.py:840} INFO - DAG(s) 'example_subdag_operator.section-1', 'example_subdag_operator.section-2', 'example_subdag_operator' retrieved from /home/airflow/.local/lib/python3.11/site-packages/airflow/example_dags/example_subdag_operator.py
[2024-03-05T01:45:26.051+0000] {logging_mixin.py:188} INFO - [2024-03-05T01:45:26.051+0000] {dag.py:3047} INFO - Sync 3 DAGs
[2024-03-05T01:45:26.065+0000] {logging_mixin.py:188} INFO - [2024-03-05T01:45:26.065+0000] {dag.py:3834} INFO - Setting next_dagrun for example_subdag_operator to 2022-01-01 00:00:00+00:00, run_after=2022-01-01 00:00:00+00:00
[2024-03-05T01:45:26.068+0000] {logging_mixin.py:188} INFO - [2024-03-05T01:45:26.068+0000] {dag.py:3834} INFO - Setting next_dagrun for example_subdag_operator.section-1 to None, run_after=None
[2024-03-05T01:45:26.070+0000] {logging_mixin.py:188} INFO - [2024-03-05T01:45:26.070+0000] {dag.py:3834} INFO - Setting next_dagrun for example_subdag_operator.section-2 to None, run_after=None
[2024-03-05T01:45:26.075+0000] {logging_mixin.py:188} INFO - [2024-03-05T01:45:26.075+0000] {dag.py:3047} INFO - Sync 2 DAGs
[2024-03-05T01:45:26.079+0000] {logging_mixin.py:188} INFO - [2024-03-05T01:45:26.079+0000] {dag.py:3834} INFO - Setting next_dagrun for example_subdag_operator.section-1 to None, run_after=None
[2024-03-05T01:45:26.080+0000] {logging_mixin.py:188} INFO - [2024-03-05T01:45:26.080+0000] {dag.py:3834} INFO - Setting next_dagrun for example_subdag_operator.section-2 to None, run_after=None
[2024-03-05T01:45:26.089+0000] {processor.py:183} INFO - Processing /home/airflow/.local/lib/python3.11/site-packages/airflow/example_dags/example_subdag_operator.py took 0.072 seconds
[2024-03-05T01:45:56.771+0000] {processor.py:161} INFO - Started process (PID=393) to work on /home/airflow/.local/lib/python3.11/site-packages/airflow/example_dags/example_subdag_operator.py
[2024-03-05T01:45:56.773+0000] {processor.py:830} INFO - Processing file /home/airflow/.local/lib/python3.11/site-packages/airflow/example_dags/example_subdag_operator.py for tasks to queue
[2024-03-05T01:45:56.775+0000] {logging_mixin.py:188} INFO - [2024-03-05T01:45:56.775+0000] {dagbag.py:540} INFO - Filling up the DagBag from /home/airflow/.local/lib/python3.11/site-packages/airflow/example_dags/example_subdag_operator.py
[2024-03-05T01:45:56.797+0000] {processor.py:840} INFO - DAG(s) 'example_subdag_operator.section-1', 'example_subdag_operator.section-2', 'example_subdag_operator' retrieved from /home/airflow/.local/lib/python3.11/site-packages/airflow/example_dags/example_subdag_operator.py
[2024-03-05T01:45:56.811+0000] {logging_mixin.py:188} INFO - [2024-03-05T01:45:56.811+0000] {dag.py:3047} INFO - Sync 3 DAGs
[2024-03-05T01:45:56.828+0000] {logging_mixin.py:188} INFO - [2024-03-05T01:45:56.828+0000] {dag.py:3834} INFO - Setting next_dagrun for example_subdag_operator to 2022-01-01 00:00:00+00:00, run_after=2022-01-01 00:00:00+00:00
[2024-03-05T01:45:56.831+0000] {logging_mixin.py:188} INFO - [2024-03-05T01:45:56.831+0000] {dag.py:3834} INFO - Setting next_dagrun for example_subdag_operator.section-1 to None, run_after=None
[2024-03-05T01:45:56.833+0000] {logging_mixin.py:188} INFO - [2024-03-05T01:45:56.833+0000] {dag.py:3834} INFO - Setting next_dagrun for example_subdag_operator.section-2 to None, run_after=None
[2024-03-05T01:45:56.839+0000] {logging_mixin.py:188} INFO - [2024-03-05T01:45:56.839+0000] {dag.py:3047} INFO - Sync 2 DAGs
[2024-03-05T01:45:56.844+0000] {logging_mixin.py:188} INFO - [2024-03-05T01:45:56.844+0000] {dag.py:3834} INFO - Setting next_dagrun for example_subdag_operator.section-1 to None, run_after=None
[2024-03-05T01:45:56.845+0000] {logging_mixin.py:188} INFO - [2024-03-05T01:45:56.845+0000] {dag.py:3834} INFO - Setting next_dagrun for example_subdag_operator.section-2 to None, run_after=None
[2024-03-05T01:45:56.853+0000] {processor.py:183} INFO - Processing /home/airflow/.local/lib/python3.11/site-packages/airflow/example_dags/example_subdag_operator.py took 0.086 seconds
[2024-03-05T01:46:26.951+0000] {processor.py:161} INFO - Started process (PID=448) to work on /home/airflow/.local/lib/python3.11/site-packages/airflow/example_dags/example_subdag_operator.py
[2024-03-05T01:46:26.952+0000] {processor.py:830} INFO - Processing file /home/airflow/.local/lib/python3.11/site-packages/airflow/example_dags/example_subdag_operator.py for tasks to queue
[2024-03-05T01:46:26.954+0000] {logging_mixin.py:188} INFO - [2024-03-05T01:46:26.954+0000] {dagbag.py:540} INFO - Filling up the DagBag from /home/airflow/.local/lib/python3.11/site-packages/airflow/example_dags/example_subdag_operator.py
[2024-03-05T01:46:26.973+0000] {processor.py:840} INFO - DAG(s) 'example_subdag_operator.section-1', 'example_subdag_operator.section-2', 'example_subdag_operator' retrieved from /home/airflow/.local/lib/python3.11/site-packages/airflow/example_dags/example_subdag_operator.py
[2024-03-05T01:46:26.984+0000] {logging_mixin.py:188} INFO - [2024-03-05T01:46:26.984+0000] {dag.py:3047} INFO - Sync 3 DAGs
[2024-03-05T01:46:26.999+0000] {logging_mixin.py:188} INFO - [2024-03-05T01:46:26.999+0000] {dag.py:3834} INFO - Setting next_dagrun for example_subdag_operator to 2022-01-01 00:00:00+00:00, run_after=2022-01-01 00:00:00+00:00
[2024-03-05T01:46:27.002+0000] {logging_mixin.py:188} INFO - [2024-03-05T01:46:27.002+0000] {dag.py:3834} INFO - Setting next_dagrun for example_subdag_operator.section-1 to None, run_after=None
[2024-03-05T01:46:27.004+0000] {logging_mixin.py:188} INFO - [2024-03-05T01:46:27.004+0000] {dag.py:3834} INFO - Setting next_dagrun for example_subdag_operator.section-2 to None, run_after=None
[2024-03-05T01:46:27.010+0000] {logging_mixin.py:188} INFO - [2024-03-05T01:46:27.010+0000] {dag.py:3047} INFO - Sync 2 DAGs
[2024-03-05T01:46:27.014+0000] {logging_mixin.py:188} INFO - [2024-03-05T01:46:27.014+0000] {dag.py:3834} INFO - Setting next_dagrun for example_subdag_operator.section-1 to None, run_after=None
[2024-03-05T01:46:27.015+0000] {logging_mixin.py:188} INFO - [2024-03-05T01:46:27.015+0000] {dag.py:3834} INFO - Setting next_dagrun for example_subdag_operator.section-2 to None, run_after=None
[2024-03-05T01:46:27.028+0000] {processor.py:183} INFO - Processing /home/airflow/.local/lib/python3.11/site-packages/airflow/example_dags/example_subdag_operator.py took 0.079 seconds
