[2024-03-05T01:42:52.106+0000] {processor.py:161} INFO - Started process (PID=65) to work on /home/airflow/.local/lib/python3.11/site-packages/airflow/example_dags/example_external_task_marker_dag.py
[2024-03-05T01:42:52.107+0000] {processor.py:830} INFO - Processing file /home/airflow/.local/lib/python3.11/site-packages/airflow/example_dags/example_external_task_marker_dag.py for tasks to queue
[2024-03-05T01:42:52.110+0000] {logging_mixin.py:188} INFO - [2024-03-05T01:42:52.110+0000] {dagbag.py:540} INFO - Filling up the DagBag from /home/airflow/.local/lib/python3.11/site-packages/airflow/example_dags/example_external_task_marker_dag.py
[2024-03-05T01:42:52.117+0000] {processor.py:840} INFO - DAG(s) 'example_external_task_marker_child', 'example_external_task_marker_parent' retrieved from /home/airflow/.local/lib/python3.11/site-packages/airflow/example_dags/example_external_task_marker_dag.py
[2024-03-05T01:42:52.129+0000] {logging_mixin.py:188} INFO - [2024-03-05T01:42:52.129+0000] {dag.py:3047} INFO - Sync 2 DAGs
[2024-03-05T01:42:52.139+0000] {logging_mixin.py:188} INFO - [2024-03-05T01:42:52.139+0000] {dag.py:3834} INFO - Setting next_dagrun for example_external_task_marker_child to None, run_after=None
[2024-03-05T01:42:52.143+0000] {logging_mixin.py:188} INFO - [2024-03-05T01:42:52.143+0000] {dag.py:3834} INFO - Setting next_dagrun for example_external_task_marker_parent to None, run_after=None
[2024-03-05T01:42:52.159+0000] {processor.py:183} INFO - Processing /home/airflow/.local/lib/python3.11/site-packages/airflow/example_dags/example_external_task_marker_dag.py took 0.056 seconds
[2024-03-05T01:43:23.394+0000] {processor.py:161} INFO - Started process (PID=120) to work on /home/airflow/.local/lib/python3.11/site-packages/airflow/example_dags/example_external_task_marker_dag.py
[2024-03-05T01:43:23.395+0000] {processor.py:830} INFO - Processing file /home/airflow/.local/lib/python3.11/site-packages/airflow/example_dags/example_external_task_marker_dag.py for tasks to queue
[2024-03-05T01:43:23.397+0000] {logging_mixin.py:188} INFO - [2024-03-05T01:43:23.396+0000] {dagbag.py:540} INFO - Filling up the DagBag from /home/airflow/.local/lib/python3.11/site-packages/airflow/example_dags/example_external_task_marker_dag.py
[2024-03-05T01:43:23.401+0000] {processor.py:840} INFO - DAG(s) 'example_external_task_marker_child', 'example_external_task_marker_parent' retrieved from /home/airflow/.local/lib/python3.11/site-packages/airflow/example_dags/example_external_task_marker_dag.py
[2024-03-05T01:43:23.475+0000] {logging_mixin.py:188} INFO - [2024-03-05T01:43:23.475+0000] {dag.py:3047} INFO - Sync 2 DAGs
[2024-03-05T01:43:23.484+0000] {logging_mixin.py:188} INFO - [2024-03-05T01:43:23.484+0000] {dag.py:3834} INFO - Setting next_dagrun for example_external_task_marker_child to None, run_after=None
[2024-03-05T01:43:23.487+0000] {logging_mixin.py:188} INFO - [2024-03-05T01:43:23.487+0000] {dag.py:3834} INFO - Setting next_dagrun for example_external_task_marker_parent to None, run_after=None
[2024-03-05T01:43:23.503+0000] {processor.py:183} INFO - Processing /home/airflow/.local/lib/python3.11/site-packages/airflow/example_dags/example_external_task_marker_dag.py took 0.112 seconds
[2024-03-05T01:43:54.120+0000] {processor.py:161} INFO - Started process (PID=175) to work on /home/airflow/.local/lib/python3.11/site-packages/airflow/example_dags/example_external_task_marker_dag.py
[2024-03-05T01:43:54.121+0000] {processor.py:830} INFO - Processing file /home/airflow/.local/lib/python3.11/site-packages/airflow/example_dags/example_external_task_marker_dag.py for tasks to queue
[2024-03-05T01:43:54.123+0000] {logging_mixin.py:188} INFO - [2024-03-05T01:43:54.123+0000] {dagbag.py:540} INFO - Filling up the DagBag from /home/airflow/.local/lib/python3.11/site-packages/airflow/example_dags/example_external_task_marker_dag.py
[2024-03-05T01:43:54.128+0000] {processor.py:840} INFO - DAG(s) 'example_external_task_marker_parent', 'example_external_task_marker_child' retrieved from /home/airflow/.local/lib/python3.11/site-packages/airflow/example_dags/example_external_task_marker_dag.py
[2024-03-05T01:43:54.146+0000] {logging_mixin.py:188} INFO - [2024-03-05T01:43:54.146+0000] {dag.py:3047} INFO - Sync 2 DAGs
[2024-03-05T01:43:54.155+0000] {logging_mixin.py:188} INFO - [2024-03-05T01:43:54.154+0000] {dag.py:3834} INFO - Setting next_dagrun for example_external_task_marker_child to None, run_after=None
[2024-03-05T01:43:54.158+0000] {logging_mixin.py:188} INFO - [2024-03-05T01:43:54.158+0000] {dag.py:3834} INFO - Setting next_dagrun for example_external_task_marker_parent to None, run_after=None
[2024-03-05T01:43:54.172+0000] {processor.py:183} INFO - Processing /home/airflow/.local/lib/python3.11/site-packages/airflow/example_dags/example_external_task_marker_dag.py took 0.054 seconds
[2024-03-05T01:44:24.933+0000] {processor.py:161} INFO - Started process (PID=230) to work on /home/airflow/.local/lib/python3.11/site-packages/airflow/example_dags/example_external_task_marker_dag.py
[2024-03-05T01:44:24.934+0000] {processor.py:830} INFO - Processing file /home/airflow/.local/lib/python3.11/site-packages/airflow/example_dags/example_external_task_marker_dag.py for tasks to queue
[2024-03-05T01:44:24.936+0000] {logging_mixin.py:188} INFO - [2024-03-05T01:44:24.936+0000] {dagbag.py:540} INFO - Filling up the DagBag from /home/airflow/.local/lib/python3.11/site-packages/airflow/example_dags/example_external_task_marker_dag.py
[2024-03-05T01:44:24.941+0000] {processor.py:840} INFO - DAG(s) 'example_external_task_marker_parent', 'example_external_task_marker_child' retrieved from /home/airflow/.local/lib/python3.11/site-packages/airflow/example_dags/example_external_task_marker_dag.py
[2024-03-05T01:44:24.958+0000] {logging_mixin.py:188} INFO - [2024-03-05T01:44:24.958+0000] {dag.py:3047} INFO - Sync 2 DAGs
[2024-03-05T01:44:24.967+0000] {logging_mixin.py:188} INFO - [2024-03-05T01:44:24.966+0000] {dag.py:3834} INFO - Setting next_dagrun for example_external_task_marker_child to None, run_after=None
[2024-03-05T01:44:24.970+0000] {logging_mixin.py:188} INFO - [2024-03-05T01:44:24.969+0000] {dag.py:3834} INFO - Setting next_dagrun for example_external_task_marker_parent to None, run_after=None
[2024-03-05T01:44:24.982+0000] {processor.py:183} INFO - Processing /home/airflow/.local/lib/python3.11/site-packages/airflow/example_dags/example_external_task_marker_dag.py took 0.051 seconds
[2024-03-05T01:44:55.491+0000] {processor.py:161} INFO - Started process (PID=285) to work on /home/airflow/.local/lib/python3.11/site-packages/airflow/example_dags/example_external_task_marker_dag.py
[2024-03-05T01:44:55.493+0000] {processor.py:830} INFO - Processing file /home/airflow/.local/lib/python3.11/site-packages/airflow/example_dags/example_external_task_marker_dag.py for tasks to queue
[2024-03-05T01:44:55.495+0000] {logging_mixin.py:188} INFO - [2024-03-05T01:44:55.495+0000] {dagbag.py:540} INFO - Filling up the DagBag from /home/airflow/.local/lib/python3.11/site-packages/airflow/example_dags/example_external_task_marker_dag.py
[2024-03-05T01:44:55.501+0000] {processor.py:840} INFO - DAG(s) 'example_external_task_marker_parent', 'example_external_task_marker_child' retrieved from /home/airflow/.local/lib/python3.11/site-packages/airflow/example_dags/example_external_task_marker_dag.py
[2024-03-05T01:44:55.521+0000] {logging_mixin.py:188} INFO - [2024-03-05T01:44:55.521+0000] {dag.py:3047} INFO - Sync 2 DAGs
[2024-03-05T01:44:55.530+0000] {logging_mixin.py:188} INFO - [2024-03-05T01:44:55.530+0000] {dag.py:3834} INFO - Setting next_dagrun for example_external_task_marker_child to None, run_after=None
[2024-03-05T01:44:55.533+0000] {logging_mixin.py:188} INFO - [2024-03-05T01:44:55.533+0000] {dag.py:3834} INFO - Setting next_dagrun for example_external_task_marker_parent to None, run_after=None
[2024-03-05T01:44:55.547+0000] {processor.py:183} INFO - Processing /home/airflow/.local/lib/python3.11/site-packages/airflow/example_dags/example_external_task_marker_dag.py took 0.059 seconds
[2024-03-05T01:45:26.120+0000] {processor.py:161} INFO - Started process (PID=340) to work on /home/airflow/.local/lib/python3.11/site-packages/airflow/example_dags/example_external_task_marker_dag.py
[2024-03-05T01:45:26.121+0000] {processor.py:830} INFO - Processing file /home/airflow/.local/lib/python3.11/site-packages/airflow/example_dags/example_external_task_marker_dag.py for tasks to queue
[2024-03-05T01:45:26.123+0000] {logging_mixin.py:188} INFO - [2024-03-05T01:45:26.123+0000] {dagbag.py:540} INFO - Filling up the DagBag from /home/airflow/.local/lib/python3.11/site-packages/airflow/example_dags/example_external_task_marker_dag.py
[2024-03-05T01:45:26.128+0000] {processor.py:840} INFO - DAG(s) 'example_external_task_marker_child', 'example_external_task_marker_parent' retrieved from /home/airflow/.local/lib/python3.11/site-packages/airflow/example_dags/example_external_task_marker_dag.py
[2024-03-05T01:45:26.147+0000] {logging_mixin.py:188} INFO - [2024-03-05T01:45:26.147+0000] {dag.py:3047} INFO - Sync 2 DAGs
[2024-03-05T01:45:26.156+0000] {logging_mixin.py:188} INFO - [2024-03-05T01:45:26.156+0000] {dag.py:3834} INFO - Setting next_dagrun for example_external_task_marker_child to None, run_after=None
[2024-03-05T01:45:26.159+0000] {logging_mixin.py:188} INFO - [2024-03-05T01:45:26.159+0000] {dag.py:3834} INFO - Setting next_dagrun for example_external_task_marker_parent to None, run_after=None
[2024-03-05T01:45:26.172+0000] {processor.py:183} INFO - Processing /home/airflow/.local/lib/python3.11/site-packages/airflow/example_dags/example_external_task_marker_dag.py took 0.055 seconds
[2024-03-05T01:45:56.888+0000] {processor.py:161} INFO - Started process (PID=395) to work on /home/airflow/.local/lib/python3.11/site-packages/airflow/example_dags/example_external_task_marker_dag.py
[2024-03-05T01:45:56.889+0000] {processor.py:830} INFO - Processing file /home/airflow/.local/lib/python3.11/site-packages/airflow/example_dags/example_external_task_marker_dag.py for tasks to queue
[2024-03-05T01:45:56.891+0000] {logging_mixin.py:188} INFO - [2024-03-05T01:45:56.891+0000] {dagbag.py:540} INFO - Filling up the DagBag from /home/airflow/.local/lib/python3.11/site-packages/airflow/example_dags/example_external_task_marker_dag.py
[2024-03-05T01:45:56.899+0000] {processor.py:840} INFO - DAG(s) 'example_external_task_marker_child', 'example_external_task_marker_parent' retrieved from /home/airflow/.local/lib/python3.11/site-packages/airflow/example_dags/example_external_task_marker_dag.py
[2024-03-05T01:45:56.930+0000] {logging_mixin.py:188} INFO - [2024-03-05T01:45:56.930+0000] {dag.py:3047} INFO - Sync 2 DAGs
[2024-03-05T01:45:56.940+0000] {logging_mixin.py:188} INFO - [2024-03-05T01:45:56.939+0000] {dag.py:3834} INFO - Setting next_dagrun for example_external_task_marker_child to None, run_after=None
[2024-03-05T01:45:56.943+0000] {logging_mixin.py:188} INFO - [2024-03-05T01:45:56.942+0000] {dag.py:3834} INFO - Setting next_dagrun for example_external_task_marker_parent to None, run_after=None
[2024-03-05T01:45:56.957+0000] {processor.py:183} INFO - Processing /home/airflow/.local/lib/python3.11/site-packages/airflow/example_dags/example_external_task_marker_dag.py took 0.072 seconds
[2024-03-05T01:46:27.063+0000] {processor.py:161} INFO - Started process (PID=450) to work on /home/airflow/.local/lib/python3.11/site-packages/airflow/example_dags/example_external_task_marker_dag.py
[2024-03-05T01:46:27.064+0000] {processor.py:830} INFO - Processing file /home/airflow/.local/lib/python3.11/site-packages/airflow/example_dags/example_external_task_marker_dag.py for tasks to queue
[2024-03-05T01:46:27.066+0000] {logging_mixin.py:188} INFO - [2024-03-05T01:46:27.065+0000] {dagbag.py:540} INFO - Filling up the DagBag from /home/airflow/.local/lib/python3.11/site-packages/airflow/example_dags/example_external_task_marker_dag.py
[2024-03-05T01:46:27.070+0000] {processor.py:840} INFO - DAG(s) 'example_external_task_marker_child', 'example_external_task_marker_parent' retrieved from /home/airflow/.local/lib/python3.11/site-packages/airflow/example_dags/example_external_task_marker_dag.py
[2024-03-05T01:46:27.090+0000] {logging_mixin.py:188} INFO - [2024-03-05T01:46:27.090+0000] {dag.py:3047} INFO - Sync 2 DAGs
[2024-03-05T01:46:27.100+0000] {logging_mixin.py:188} INFO - [2024-03-05T01:46:27.100+0000] {dag.py:3834} INFO - Setting next_dagrun for example_external_task_marker_child to None, run_after=None
[2024-03-05T01:46:27.104+0000] {logging_mixin.py:188} INFO - [2024-03-05T01:46:27.104+0000] {dag.py:3834} INFO - Setting next_dagrun for example_external_task_marker_parent to None, run_after=None
[2024-03-05T01:46:27.122+0000] {processor.py:183} INFO - Processing /home/airflow/.local/lib/python3.11/site-packages/airflow/example_dags/example_external_task_marker_dag.py took 0.061 seconds
