[2024-03-05T01:42:53.210+0000] {processor.py:161} INFO - Started process (PID=85) to work on /home/airflow/.local/lib/python3.11/site-packages/airflow/example_dags/example_complex.py
[2024-03-05T01:42:53.211+0000] {processor.py:830} INFO - Processing file /home/airflow/.local/lib/python3.11/site-packages/airflow/example_dags/example_complex.py for tasks to queue
[2024-03-05T01:42:53.213+0000] {logging_mixin.py:188} INFO - [2024-03-05T01:42:53.213+0000] {dagbag.py:540} INFO - Filling up the DagBag from /home/airflow/.local/lib/python3.11/site-packages/airflow/example_dags/example_complex.py
[2024-03-05T01:42:53.222+0000] {processor.py:840} INFO - DAG(s) 'example_complex' retrieved from /home/airflow/.local/lib/python3.11/site-packages/airflow/example_dags/example_complex.py
[2024-03-05T01:42:53.231+0000] {logging_mixin.py:188} INFO - [2024-03-05T01:42:53.231+0000] {dag.py:3047} INFO - Sync 1 DAGs
[2024-03-05T01:42:53.241+0000] {logging_mixin.py:188} INFO - [2024-03-05T01:42:53.241+0000] {dag.py:3834} INFO - Setting next_dagrun for example_complex to None, run_after=None
[2024-03-05T01:42:53.258+0000] {processor.py:183} INFO - Processing /home/airflow/.local/lib/python3.11/site-packages/airflow/example_dags/example_complex.py took 0.051 seconds
[2024-03-05T01:43:25.209+0000] {processor.py:161} INFO - Started process (PID=140) to work on /home/airflow/.local/lib/python3.11/site-packages/airflow/example_dags/example_complex.py
[2024-03-05T01:43:25.210+0000] {processor.py:830} INFO - Processing file /home/airflow/.local/lib/python3.11/site-packages/airflow/example_dags/example_complex.py for tasks to queue
[2024-03-05T01:43:25.213+0000] {logging_mixin.py:188} INFO - [2024-03-05T01:43:25.213+0000] {dagbag.py:540} INFO - Filling up the DagBag from /home/airflow/.local/lib/python3.11/site-packages/airflow/example_dags/example_complex.py
[2024-03-05T01:43:25.223+0000] {processor.py:840} INFO - DAG(s) 'example_complex' retrieved from /home/airflow/.local/lib/python3.11/site-packages/airflow/example_dags/example_complex.py
[2024-03-05T01:43:25.310+0000] {logging_mixin.py:188} INFO - [2024-03-05T01:43:25.310+0000] {dag.py:3047} INFO - Sync 1 DAGs
[2024-03-05T01:43:25.319+0000] {logging_mixin.py:188} INFO - [2024-03-05T01:43:25.319+0000] {dag.py:3834} INFO - Setting next_dagrun for example_complex to None, run_after=None
[2024-03-05T01:43:25.340+0000] {processor.py:183} INFO - Processing /home/airflow/.local/lib/python3.11/site-packages/airflow/example_dags/example_complex.py took 0.134 seconds
[2024-03-05T01:43:56.107+0000] {processor.py:161} INFO - Started process (PID=195) to work on /home/airflow/.local/lib/python3.11/site-packages/airflow/example_dags/example_complex.py
[2024-03-05T01:43:56.108+0000] {processor.py:830} INFO - Processing file /home/airflow/.local/lib/python3.11/site-packages/airflow/example_dags/example_complex.py for tasks to queue
[2024-03-05T01:43:56.110+0000] {logging_mixin.py:188} INFO - [2024-03-05T01:43:56.110+0000] {dagbag.py:540} INFO - Filling up the DagBag from /home/airflow/.local/lib/python3.11/site-packages/airflow/example_dags/example_complex.py
[2024-03-05T01:43:56.118+0000] {processor.py:840} INFO - DAG(s) 'example_complex' retrieved from /home/airflow/.local/lib/python3.11/site-packages/airflow/example_dags/example_complex.py
[2024-03-05T01:43:56.142+0000] {logging_mixin.py:188} INFO - [2024-03-05T01:43:56.142+0000] {dag.py:3047} INFO - Sync 1 DAGs
[2024-03-05T01:43:56.150+0000] {logging_mixin.py:188} INFO - [2024-03-05T01:43:56.150+0000] {dag.py:3834} INFO - Setting next_dagrun for example_complex to None, run_after=None
[2024-03-05T01:43:56.167+0000] {processor.py:183} INFO - Processing /home/airflow/.local/lib/python3.11/site-packages/airflow/example_dags/example_complex.py took 0.063 seconds
[2024-03-05T01:44:26.908+0000] {processor.py:161} INFO - Started process (PID=250) to work on /home/airflow/.local/lib/python3.11/site-packages/airflow/example_dags/example_complex.py
[2024-03-05T01:44:26.909+0000] {processor.py:830} INFO - Processing file /home/airflow/.local/lib/python3.11/site-packages/airflow/example_dags/example_complex.py for tasks to queue
[2024-03-05T01:44:26.911+0000] {logging_mixin.py:188} INFO - [2024-03-05T01:44:26.911+0000] {dagbag.py:540} INFO - Filling up the DagBag from /home/airflow/.local/lib/python3.11/site-packages/airflow/example_dags/example_complex.py
[2024-03-05T01:44:26.918+0000] {processor.py:840} INFO - DAG(s) 'example_complex' retrieved from /home/airflow/.local/lib/python3.11/site-packages/airflow/example_dags/example_complex.py
[2024-03-05T01:44:26.940+0000] {logging_mixin.py:188} INFO - [2024-03-05T01:44:26.940+0000] {dag.py:3047} INFO - Sync 1 DAGs
[2024-03-05T01:44:26.949+0000] {logging_mixin.py:188} INFO - [2024-03-05T01:44:26.949+0000] {dag.py:3834} INFO - Setting next_dagrun for example_complex to None, run_after=None
[2024-03-05T01:44:26.964+0000] {processor.py:183} INFO - Processing /home/airflow/.local/lib/python3.11/site-packages/airflow/example_dags/example_complex.py took 0.059 seconds
[2024-03-05T01:44:57.434+0000] {processor.py:161} INFO - Started process (PID=305) to work on /home/airflow/.local/lib/python3.11/site-packages/airflow/example_dags/example_complex.py
[2024-03-05T01:44:57.435+0000] {processor.py:830} INFO - Processing file /home/airflow/.local/lib/python3.11/site-packages/airflow/example_dags/example_complex.py for tasks to queue
[2024-03-05T01:44:57.437+0000] {logging_mixin.py:188} INFO - [2024-03-05T01:44:57.437+0000] {dagbag.py:540} INFO - Filling up the DagBag from /home/airflow/.local/lib/python3.11/site-packages/airflow/example_dags/example_complex.py
[2024-03-05T01:44:57.445+0000] {processor.py:840} INFO - DAG(s) 'example_complex' retrieved from /home/airflow/.local/lib/python3.11/site-packages/airflow/example_dags/example_complex.py
[2024-03-05T01:44:57.467+0000] {logging_mixin.py:188} INFO - [2024-03-05T01:44:57.467+0000] {dag.py:3047} INFO - Sync 1 DAGs
[2024-03-05T01:44:57.476+0000] {logging_mixin.py:188} INFO - [2024-03-05T01:44:57.476+0000] {dag.py:3834} INFO - Setting next_dagrun for example_complex to None, run_after=None
[2024-03-05T01:44:57.492+0000] {processor.py:183} INFO - Processing /home/airflow/.local/lib/python3.11/site-packages/airflow/example_dags/example_complex.py took 0.060 seconds
[2024-03-05T01:45:28.014+0000] {processor.py:161} INFO - Started process (PID=360) to work on /home/airflow/.local/lib/python3.11/site-packages/airflow/example_dags/example_complex.py
[2024-03-05T01:45:28.015+0000] {processor.py:830} INFO - Processing file /home/airflow/.local/lib/python3.11/site-packages/airflow/example_dags/example_complex.py for tasks to queue
[2024-03-05T01:45:28.017+0000] {logging_mixin.py:188} INFO - [2024-03-05T01:45:28.016+0000] {dagbag.py:540} INFO - Filling up the DagBag from /home/airflow/.local/lib/python3.11/site-packages/airflow/example_dags/example_complex.py
[2024-03-05T01:45:28.027+0000] {processor.py:840} INFO - DAG(s) 'example_complex' retrieved from /home/airflow/.local/lib/python3.11/site-packages/airflow/example_dags/example_complex.py
[2024-03-05T01:45:28.052+0000] {logging_mixin.py:188} INFO - [2024-03-05T01:45:28.051+0000] {dag.py:3047} INFO - Sync 1 DAGs
[2024-03-05T01:45:28.065+0000] {logging_mixin.py:188} INFO - [2024-03-05T01:45:28.065+0000] {dag.py:3834} INFO - Setting next_dagrun for example_complex to None, run_after=None
[2024-03-05T01:45:28.081+0000] {processor.py:183} INFO - Processing /home/airflow/.local/lib/python3.11/site-packages/airflow/example_dags/example_complex.py took 0.070 seconds
[2024-03-05T01:45:59.046+0000] {processor.py:161} INFO - Started process (PID=415) to work on /home/airflow/.local/lib/python3.11/site-packages/airflow/example_dags/example_complex.py
[2024-03-05T01:45:59.047+0000] {processor.py:830} INFO - Processing file /home/airflow/.local/lib/python3.11/site-packages/airflow/example_dags/example_complex.py for tasks to queue
[2024-03-05T01:45:59.049+0000] {logging_mixin.py:188} INFO - [2024-03-05T01:45:59.049+0000] {dagbag.py:540} INFO - Filling up the DagBag from /home/airflow/.local/lib/python3.11/site-packages/airflow/example_dags/example_complex.py
[2024-03-05T01:45:59.057+0000] {processor.py:840} INFO - DAG(s) 'example_complex' retrieved from /home/airflow/.local/lib/python3.11/site-packages/airflow/example_dags/example_complex.py
[2024-03-05T01:45:59.078+0000] {logging_mixin.py:188} INFO - [2024-03-05T01:45:59.078+0000] {dag.py:3047} INFO - Sync 1 DAGs
[2024-03-05T01:45:59.087+0000] {logging_mixin.py:188} INFO - [2024-03-05T01:45:59.086+0000] {dag.py:3834} INFO - Setting next_dagrun for example_complex to None, run_after=None
[2024-03-05T01:45:59.102+0000] {processor.py:183} INFO - Processing /home/airflow/.local/lib/python3.11/site-packages/airflow/example_dags/example_complex.py took 0.058 seconds
[2024-03-05T01:46:29.305+0000] {processor.py:161} INFO - Started process (PID=470) to work on /home/airflow/.local/lib/python3.11/site-packages/airflow/example_dags/example_complex.py
[2024-03-05T01:46:29.306+0000] {processor.py:830} INFO - Processing file /home/airflow/.local/lib/python3.11/site-packages/airflow/example_dags/example_complex.py for tasks to queue
[2024-03-05T01:46:29.308+0000] {logging_mixin.py:188} INFO - [2024-03-05T01:46:29.308+0000] {dagbag.py:540} INFO - Filling up the DagBag from /home/airflow/.local/lib/python3.11/site-packages/airflow/example_dags/example_complex.py
[2024-03-05T01:46:29.316+0000] {processor.py:840} INFO - DAG(s) 'example_complex' retrieved from /home/airflow/.local/lib/python3.11/site-packages/airflow/example_dags/example_complex.py
[2024-03-05T01:46:29.339+0000] {logging_mixin.py:188} INFO - [2024-03-05T01:46:29.339+0000] {dag.py:3047} INFO - Sync 1 DAGs
[2024-03-05T01:46:29.349+0000] {logging_mixin.py:188} INFO - [2024-03-05T01:46:29.349+0000] {dag.py:3834} INFO - Setting next_dagrun for example_complex to None, run_after=None
[2024-03-05T01:46:29.365+0000] {processor.py:183} INFO - Processing /home/airflow/.local/lib/python3.11/site-packages/airflow/example_dags/example_complex.py took 0.063 seconds
