[2024-03-05T01:42:52.568+0000] {processor.py:161} INFO - Started process (PID=75) to work on /home/airflow/.local/lib/python3.11/site-packages/airflow/example_dags/example_setup_teardown.py
[2024-03-05T01:42:52.570+0000] {processor.py:830} INFO - Processing file /home/airflow/.local/lib/python3.11/site-packages/airflow/example_dags/example_setup_teardown.py for tasks to queue
[2024-03-05T01:42:52.573+0000] {logging_mixin.py:188} INFO - [2024-03-05T01:42:52.572+0000] {dagbag.py:540} INFO - Filling up the DagBag from /home/airflow/.local/lib/python3.11/site-packages/airflow/example_dags/example_setup_teardown.py
[2024-03-05T01:42:52.581+0000] {processor.py:840} INFO - DAG(s) 'example_setup_teardown' retrieved from /home/airflow/.local/lib/python3.11/site-packages/airflow/example_dags/example_setup_teardown.py
[2024-03-05T01:42:52.594+0000] {logging_mixin.py:188} INFO - [2024-03-05T01:42:52.594+0000] {dag.py:3047} INFO - Sync 1 DAGs
[2024-03-05T01:42:52.612+0000] {logging_mixin.py:188} INFO - [2024-03-05T01:42:52.611+0000] {dag.py:3834} INFO - Setting next_dagrun for example_setup_teardown to 2024-03-04 00:00:00+00:00, run_after=2024-03-05 00:00:00+00:00
[2024-03-05T01:42:52.628+0000] {processor.py:183} INFO - Processing /home/airflow/.local/lib/python3.11/site-packages/airflow/example_dags/example_setup_teardown.py took 0.064 seconds
[2024-03-05T01:43:24.176+0000] {processor.py:161} INFO - Started process (PID=130) to work on /home/airflow/.local/lib/python3.11/site-packages/airflow/example_dags/example_setup_teardown.py
[2024-03-05T01:43:24.178+0000] {processor.py:830} INFO - Processing file /home/airflow/.local/lib/python3.11/site-packages/airflow/example_dags/example_setup_teardown.py for tasks to queue
[2024-03-05T01:43:24.180+0000] {logging_mixin.py:188} INFO - [2024-03-05T01:43:24.180+0000] {dagbag.py:540} INFO - Filling up the DagBag from /home/airflow/.local/lib/python3.11/site-packages/airflow/example_dags/example_setup_teardown.py
[2024-03-05T01:43:24.187+0000] {processor.py:840} INFO - DAG(s) 'example_setup_teardown' retrieved from /home/airflow/.local/lib/python3.11/site-packages/airflow/example_dags/example_setup_teardown.py
[2024-03-05T01:43:24.266+0000] {logging_mixin.py:188} INFO - [2024-03-05T01:43:24.266+0000] {dag.py:3047} INFO - Sync 1 DAGs
[2024-03-05T01:43:24.283+0000] {logging_mixin.py:188} INFO - [2024-03-05T01:43:24.282+0000] {dag.py:3834} INFO - Setting next_dagrun for example_setup_teardown to 2024-03-04 00:00:00+00:00, run_after=2024-03-05 00:00:00+00:00
[2024-03-05T01:43:24.306+0000] {processor.py:183} INFO - Processing /home/airflow/.local/lib/python3.11/site-packages/airflow/example_dags/example_setup_teardown.py took 0.134 seconds
[2024-03-05T01:43:54.601+0000] {processor.py:161} INFO - Started process (PID=185) to work on /home/airflow/.local/lib/python3.11/site-packages/airflow/example_dags/example_setup_teardown.py
[2024-03-05T01:43:54.602+0000] {processor.py:830} INFO - Processing file /home/airflow/.local/lib/python3.11/site-packages/airflow/example_dags/example_setup_teardown.py for tasks to queue
[2024-03-05T01:43:54.606+0000] {logging_mixin.py:188} INFO - [2024-03-05T01:43:54.606+0000] {dagbag.py:540} INFO - Filling up the DagBag from /home/airflow/.local/lib/python3.11/site-packages/airflow/example_dags/example_setup_teardown.py
[2024-03-05T01:43:54.630+0000] {processor.py:840} INFO - DAG(s) 'example_setup_teardown' retrieved from /home/airflow/.local/lib/python3.11/site-packages/airflow/example_dags/example_setup_teardown.py
[2024-03-05T01:43:54.652+0000] {logging_mixin.py:188} INFO - [2024-03-05T01:43:54.652+0000] {dag.py:3047} INFO - Sync 1 DAGs
[2024-03-05T01:43:54.671+0000] {logging_mixin.py:188} INFO - [2024-03-05T01:43:54.671+0000] {dag.py:3834} INFO - Setting next_dagrun for example_setup_teardown to 2024-03-04 00:00:00+00:00, run_after=2024-03-05 00:00:00+00:00
[2024-03-05T01:43:54.687+0000] {processor.py:183} INFO - Processing /home/airflow/.local/lib/python3.11/site-packages/airflow/example_dags/example_setup_teardown.py took 0.087 seconds
[2024-03-05T01:44:25.390+0000] {processor.py:161} INFO - Started process (PID=240) to work on /home/airflow/.local/lib/python3.11/site-packages/airflow/example_dags/example_setup_teardown.py
[2024-03-05T01:44:25.391+0000] {processor.py:830} INFO - Processing file /home/airflow/.local/lib/python3.11/site-packages/airflow/example_dags/example_setup_teardown.py for tasks to queue
[2024-03-05T01:44:25.393+0000] {logging_mixin.py:188} INFO - [2024-03-05T01:44:25.392+0000] {dagbag.py:540} INFO - Filling up the DagBag from /home/airflow/.local/lib/python3.11/site-packages/airflow/example_dags/example_setup_teardown.py
[2024-03-05T01:44:25.398+0000] {processor.py:840} INFO - DAG(s) 'example_setup_teardown' retrieved from /home/airflow/.local/lib/python3.11/site-packages/airflow/example_dags/example_setup_teardown.py
[2024-03-05T01:44:25.415+0000] {logging_mixin.py:188} INFO - [2024-03-05T01:44:25.415+0000] {dag.py:3047} INFO - Sync 1 DAGs
[2024-03-05T01:44:25.433+0000] {logging_mixin.py:188} INFO - [2024-03-05T01:44:25.433+0000] {dag.py:3834} INFO - Setting next_dagrun for example_setup_teardown to 2024-03-04 00:00:00+00:00, run_after=2024-03-05 00:00:00+00:00
[2024-03-05T01:44:25.447+0000] {processor.py:183} INFO - Processing /home/airflow/.local/lib/python3.11/site-packages/airflow/example_dags/example_setup_teardown.py took 0.060 seconds
[2024-03-05T01:44:55.949+0000] {processor.py:161} INFO - Started process (PID=295) to work on /home/airflow/.local/lib/python3.11/site-packages/airflow/example_dags/example_setup_teardown.py
[2024-03-05T01:44:55.950+0000] {processor.py:830} INFO - Processing file /home/airflow/.local/lib/python3.11/site-packages/airflow/example_dags/example_setup_teardown.py for tasks to queue
[2024-03-05T01:44:55.952+0000] {logging_mixin.py:188} INFO - [2024-03-05T01:44:55.952+0000] {dagbag.py:540} INFO - Filling up the DagBag from /home/airflow/.local/lib/python3.11/site-packages/airflow/example_dags/example_setup_teardown.py
[2024-03-05T01:44:55.957+0000] {processor.py:840} INFO - DAG(s) 'example_setup_teardown' retrieved from /home/airflow/.local/lib/python3.11/site-packages/airflow/example_dags/example_setup_teardown.py
[2024-03-05T01:44:55.972+0000] {logging_mixin.py:188} INFO - [2024-03-05T01:44:55.972+0000] {dag.py:3047} INFO - Sync 1 DAGs
[2024-03-05T01:44:55.987+0000] {logging_mixin.py:188} INFO - [2024-03-05T01:44:55.987+0000] {dag.py:3834} INFO - Setting next_dagrun for example_setup_teardown to 2024-03-04 00:00:00+00:00, run_after=2024-03-05 00:00:00+00:00
[2024-03-05T01:44:56.001+0000] {processor.py:183} INFO - Processing /home/airflow/.local/lib/python3.11/site-packages/airflow/example_dags/example_setup_teardown.py took 0.054 seconds
[2024-03-05T01:45:26.540+0000] {processor.py:161} INFO - Started process (PID=350) to work on /home/airflow/.local/lib/python3.11/site-packages/airflow/example_dags/example_setup_teardown.py
[2024-03-05T01:45:26.541+0000] {processor.py:830} INFO - Processing file /home/airflow/.local/lib/python3.11/site-packages/airflow/example_dags/example_setup_teardown.py for tasks to queue
[2024-03-05T01:45:26.543+0000] {logging_mixin.py:188} INFO - [2024-03-05T01:45:26.543+0000] {dagbag.py:540} INFO - Filling up the DagBag from /home/airflow/.local/lib/python3.11/site-packages/airflow/example_dags/example_setup_teardown.py
[2024-03-05T01:45:26.548+0000] {processor.py:840} INFO - DAG(s) 'example_setup_teardown' retrieved from /home/airflow/.local/lib/python3.11/site-packages/airflow/example_dags/example_setup_teardown.py
[2024-03-05T01:45:26.563+0000] {logging_mixin.py:188} INFO - [2024-03-05T01:45:26.562+0000] {dag.py:3047} INFO - Sync 1 DAGs
[2024-03-05T01:45:26.577+0000] {logging_mixin.py:188} INFO - [2024-03-05T01:45:26.577+0000] {dag.py:3834} INFO - Setting next_dagrun for example_setup_teardown to 2024-03-04 00:00:00+00:00, run_after=2024-03-05 00:00:00+00:00
[2024-03-05T01:45:26.590+0000] {processor.py:183} INFO - Processing /home/airflow/.local/lib/python3.11/site-packages/airflow/example_dags/example_setup_teardown.py took 0.052 seconds
[2024-03-05T01:45:57.561+0000] {processor.py:161} INFO - Started process (PID=405) to work on /home/airflow/.local/lib/python3.11/site-packages/airflow/example_dags/example_setup_teardown.py
[2024-03-05T01:45:57.562+0000] {processor.py:830} INFO - Processing file /home/airflow/.local/lib/python3.11/site-packages/airflow/example_dags/example_setup_teardown.py for tasks to queue
[2024-03-05T01:45:57.564+0000] {logging_mixin.py:188} INFO - [2024-03-05T01:45:57.564+0000] {dagbag.py:540} INFO - Filling up the DagBag from /home/airflow/.local/lib/python3.11/site-packages/airflow/example_dags/example_setup_teardown.py
[2024-03-05T01:45:57.569+0000] {processor.py:840} INFO - DAG(s) 'example_setup_teardown' retrieved from /home/airflow/.local/lib/python3.11/site-packages/airflow/example_dags/example_setup_teardown.py
[2024-03-05T01:45:57.585+0000] {logging_mixin.py:188} INFO - [2024-03-05T01:45:57.585+0000] {dag.py:3047} INFO - Sync 1 DAGs
[2024-03-05T01:45:57.602+0000] {logging_mixin.py:188} INFO - [2024-03-05T01:45:57.602+0000] {dag.py:3834} INFO - Setting next_dagrun for example_setup_teardown to 2024-03-04 00:00:00+00:00, run_after=2024-03-05 00:00:00+00:00
[2024-03-05T01:45:57.617+0000] {processor.py:183} INFO - Processing /home/airflow/.local/lib/python3.11/site-packages/airflow/example_dags/example_setup_teardown.py took 0.058 seconds
[2024-03-05T01:46:27.807+0000] {processor.py:161} INFO - Started process (PID=460) to work on /home/airflow/.local/lib/python3.11/site-packages/airflow/example_dags/example_setup_teardown.py
[2024-03-05T01:46:27.808+0000] {processor.py:830} INFO - Processing file /home/airflow/.local/lib/python3.11/site-packages/airflow/example_dags/example_setup_teardown.py for tasks to queue
[2024-03-05T01:46:27.810+0000] {logging_mixin.py:188} INFO - [2024-03-05T01:46:27.810+0000] {dagbag.py:540} INFO - Filling up the DagBag from /home/airflow/.local/lib/python3.11/site-packages/airflow/example_dags/example_setup_teardown.py
[2024-03-05T01:46:27.817+0000] {processor.py:840} INFO - DAG(s) 'example_setup_teardown' retrieved from /home/airflow/.local/lib/python3.11/site-packages/airflow/example_dags/example_setup_teardown.py
[2024-03-05T01:46:27.833+0000] {logging_mixin.py:188} INFO - [2024-03-05T01:46:27.833+0000] {dag.py:3047} INFO - Sync 1 DAGs
[2024-03-05T01:46:27.848+0000] {logging_mixin.py:188} INFO - [2024-03-05T01:46:27.848+0000] {dag.py:3834} INFO - Setting next_dagrun for example_setup_teardown to 2024-03-04 00:00:00+00:00, run_after=2024-03-05 00:00:00+00:00
[2024-03-05T01:46:27.864+0000] {processor.py:183} INFO - Processing /home/airflow/.local/lib/python3.11/site-packages/airflow/example_dags/example_setup_teardown.py took 0.059 seconds
