[2024-03-05T01:42:51.858+0000] {processor.py:161} INFO - Started process (PID=60) to work on /home/airflow/.local/lib/python3.11/site-packages/airflow/example_dags/example_xcom.py
[2024-03-05T01:42:51.859+0000] {processor.py:830} INFO - Processing file /home/airflow/.local/lib/python3.11/site-packages/airflow/example_dags/example_xcom.py for tasks to queue
[2024-03-05T01:42:51.862+0000] {logging_mixin.py:188} INFO - [2024-03-05T01:42:51.861+0000] {dagbag.py:540} INFO - Filling up the DagBag from /home/airflow/.local/lib/python3.11/site-packages/airflow/example_dags/example_xcom.py
[2024-03-05T01:42:51.871+0000] {processor.py:840} INFO - DAG(s) 'example_xcom' retrieved from /home/airflow/.local/lib/python3.11/site-packages/airflow/example_dags/example_xcom.py
[2024-03-05T01:42:51.882+0000] {logging_mixin.py:188} INFO - [2024-03-05T01:42:51.881+0000] {dag.py:3047} INFO - Sync 1 DAGs
[2024-03-05T01:42:51.898+0000] {logging_mixin.py:188} INFO - [2024-03-05T01:42:51.897+0000] {dag.py:3834} INFO - Setting next_dagrun for example_xcom to 2021-01-01 00:00:00+00:00, run_after=2021-01-01 00:00:00+00:00
[2024-03-05T01:42:51.913+0000] {processor.py:183} INFO - Processing /home/airflow/.local/lib/python3.11/site-packages/airflow/example_dags/example_xcom.py took 0.058 seconds
[2024-03-05T01:43:22.889+0000] {processor.py:161} INFO - Started process (PID=115) to work on /home/airflow/.local/lib/python3.11/site-packages/airflow/example_dags/example_xcom.py
[2024-03-05T01:43:22.890+0000] {processor.py:830} INFO - Processing file /home/airflow/.local/lib/python3.11/site-packages/airflow/example_dags/example_xcom.py for tasks to queue
[2024-03-05T01:43:22.892+0000] {logging_mixin.py:188} INFO - [2024-03-05T01:43:22.891+0000] {dagbag.py:540} INFO - Filling up the DagBag from /home/airflow/.local/lib/python3.11/site-packages/airflow/example_dags/example_xcom.py
[2024-03-05T01:43:22.898+0000] {processor.py:840} INFO - DAG(s) 'example_xcom' retrieved from /home/airflow/.local/lib/python3.11/site-packages/airflow/example_dags/example_xcom.py
[2024-03-05T01:43:22.979+0000] {logging_mixin.py:188} INFO - [2024-03-05T01:43:22.979+0000] {dag.py:3047} INFO - Sync 1 DAGs
[2024-03-05T01:43:22.994+0000] {logging_mixin.py:188} INFO - [2024-03-05T01:43:22.993+0000] {dag.py:3834} INFO - Setting next_dagrun for example_xcom to 2021-01-01 00:00:00+00:00, run_after=2021-01-01 00:00:00+00:00
[2024-03-05T01:43:23.014+0000] {processor.py:183} INFO - Processing /home/airflow/.local/lib/python3.11/site-packages/airflow/example_dags/example_xcom.py took 0.128 seconds
[2024-03-05T01:43:53.806+0000] {processor.py:161} INFO - Started process (PID=170) to work on /home/airflow/.local/lib/python3.11/site-packages/airflow/example_dags/example_xcom.py
[2024-03-05T01:43:53.807+0000] {processor.py:830} INFO - Processing file /home/airflow/.local/lib/python3.11/site-packages/airflow/example_dags/example_xcom.py for tasks to queue
[2024-03-05T01:43:53.809+0000] {logging_mixin.py:188} INFO - [2024-03-05T01:43:53.809+0000] {dagbag.py:540} INFO - Filling up the DagBag from /home/airflow/.local/lib/python3.11/site-packages/airflow/example_dags/example_xcom.py
[2024-03-05T01:43:53.815+0000] {processor.py:840} INFO - DAG(s) 'example_xcom' retrieved from /home/airflow/.local/lib/python3.11/site-packages/airflow/example_dags/example_xcom.py
[2024-03-05T01:43:53.831+0000] {logging_mixin.py:188} INFO - [2024-03-05T01:43:53.831+0000] {dag.py:3047} INFO - Sync 1 DAGs
[2024-03-05T01:43:53.851+0000] {logging_mixin.py:188} INFO - [2024-03-05T01:43:53.851+0000] {dag.py:3834} INFO - Setting next_dagrun for example_xcom to 2021-01-01 00:00:00+00:00, run_after=2021-01-01 00:00:00+00:00
[2024-03-05T01:43:53.865+0000] {processor.py:183} INFO - Processing /home/airflow/.local/lib/python3.11/site-packages/airflow/example_dags/example_xcom.py took 0.062 seconds
[2024-03-05T01:44:24.629+0000] {processor.py:161} INFO - Started process (PID=225) to work on /home/airflow/.local/lib/python3.11/site-packages/airflow/example_dags/example_xcom.py
[2024-03-05T01:44:24.631+0000] {processor.py:830} INFO - Processing file /home/airflow/.local/lib/python3.11/site-packages/airflow/example_dags/example_xcom.py for tasks to queue
[2024-03-05T01:44:24.634+0000] {logging_mixin.py:188} INFO - [2024-03-05T01:44:24.633+0000] {dagbag.py:540} INFO - Filling up the DagBag from /home/airflow/.local/lib/python3.11/site-packages/airflow/example_dags/example_xcom.py
[2024-03-05T01:44:24.640+0000] {processor.py:840} INFO - DAG(s) 'example_xcom' retrieved from /home/airflow/.local/lib/python3.11/site-packages/airflow/example_dags/example_xcom.py
[2024-03-05T01:44:24.658+0000] {logging_mixin.py:188} INFO - [2024-03-05T01:44:24.658+0000] {dag.py:3047} INFO - Sync 1 DAGs
[2024-03-05T01:44:24.672+0000] {logging_mixin.py:188} INFO - [2024-03-05T01:44:24.672+0000] {dag.py:3834} INFO - Setting next_dagrun for example_xcom to 2021-01-01 00:00:00+00:00, run_after=2021-01-01 00:00:00+00:00
[2024-03-05T01:44:24.687+0000] {processor.py:183} INFO - Processing /home/airflow/.local/lib/python3.11/site-packages/airflow/example_dags/example_xcom.py took 0.062 seconds
[2024-03-05T01:44:55.240+0000] {processor.py:161} INFO - Started process (PID=280) to work on /home/airflow/.local/lib/python3.11/site-packages/airflow/example_dags/example_xcom.py
[2024-03-05T01:44:55.241+0000] {processor.py:830} INFO - Processing file /home/airflow/.local/lib/python3.11/site-packages/airflow/example_dags/example_xcom.py for tasks to queue
[2024-03-05T01:44:55.243+0000] {logging_mixin.py:188} INFO - [2024-03-05T01:44:55.243+0000] {dagbag.py:540} INFO - Filling up the DagBag from /home/airflow/.local/lib/python3.11/site-packages/airflow/example_dags/example_xcom.py
[2024-03-05T01:44:55.249+0000] {processor.py:840} INFO - DAG(s) 'example_xcom' retrieved from /home/airflow/.local/lib/python3.11/site-packages/airflow/example_dags/example_xcom.py
[2024-03-05T01:44:55.265+0000] {logging_mixin.py:188} INFO - [2024-03-05T01:44:55.265+0000] {dag.py:3047} INFO - Sync 1 DAGs
[2024-03-05T01:44:55.280+0000] {logging_mixin.py:188} INFO - [2024-03-05T01:44:55.280+0000] {dag.py:3834} INFO - Setting next_dagrun for example_xcom to 2021-01-01 00:00:00+00:00, run_after=2021-01-01 00:00:00+00:00
[2024-03-05T01:44:55.297+0000] {processor.py:183} INFO - Processing /home/airflow/.local/lib/python3.11/site-packages/airflow/example_dags/example_xcom.py took 0.059 seconds
[2024-03-05T01:45:25.881+0000] {processor.py:161} INFO - Started process (PID=335) to work on /home/airflow/.local/lib/python3.11/site-packages/airflow/example_dags/example_xcom.py
[2024-03-05T01:45:25.882+0000] {processor.py:830} INFO - Processing file /home/airflow/.local/lib/python3.11/site-packages/airflow/example_dags/example_xcom.py for tasks to queue
[2024-03-05T01:45:25.884+0000] {logging_mixin.py:188} INFO - [2024-03-05T01:45:25.883+0000] {dagbag.py:540} INFO - Filling up the DagBag from /home/airflow/.local/lib/python3.11/site-packages/airflow/example_dags/example_xcom.py
[2024-03-05T01:45:25.891+0000] {processor.py:840} INFO - DAG(s) 'example_xcom' retrieved from /home/airflow/.local/lib/python3.11/site-packages/airflow/example_dags/example_xcom.py
[2024-03-05T01:45:25.907+0000] {logging_mixin.py:188} INFO - [2024-03-05T01:45:25.907+0000] {dag.py:3047} INFO - Sync 1 DAGs
[2024-03-05T01:45:25.922+0000] {logging_mixin.py:188} INFO - [2024-03-05T01:45:25.921+0000] {dag.py:3834} INFO - Setting next_dagrun for example_xcom to 2021-01-01 00:00:00+00:00, run_after=2021-01-01 00:00:00+00:00
[2024-03-05T01:45:25.939+0000] {processor.py:183} INFO - Processing /home/airflow/.local/lib/python3.11/site-packages/airflow/example_dags/example_xcom.py took 0.060 seconds
[2024-03-05T01:45:56.495+0000] {processor.py:161} INFO - Started process (PID=390) to work on /home/airflow/.local/lib/python3.11/site-packages/airflow/example_dags/example_xcom.py
[2024-03-05T01:45:56.497+0000] {processor.py:830} INFO - Processing file /home/airflow/.local/lib/python3.11/site-packages/airflow/example_dags/example_xcom.py for tasks to queue
[2024-03-05T01:45:56.499+0000] {logging_mixin.py:188} INFO - [2024-03-05T01:45:56.499+0000] {dagbag.py:540} INFO - Filling up the DagBag from /home/airflow/.local/lib/python3.11/site-packages/airflow/example_dags/example_xcom.py
[2024-03-05T01:45:56.506+0000] {processor.py:840} INFO - DAG(s) 'example_xcom' retrieved from /home/airflow/.local/lib/python3.11/site-packages/airflow/example_dags/example_xcom.py
[2024-03-05T01:45:56.520+0000] {logging_mixin.py:188} INFO - [2024-03-05T01:45:56.520+0000] {dag.py:3047} INFO - Sync 1 DAGs
[2024-03-05T01:45:56.534+0000] {logging_mixin.py:188} INFO - [2024-03-05T01:45:56.533+0000] {dag.py:3834} INFO - Setting next_dagrun for example_xcom to 2021-01-01 00:00:00+00:00, run_after=2021-01-01 00:00:00+00:00
[2024-03-05T01:45:56.547+0000] {processor.py:183} INFO - Processing /home/airflow/.local/lib/python3.11/site-packages/airflow/example_dags/example_xcom.py took 0.054 seconds
[2024-03-05T01:46:26.661+0000] {processor.py:161} INFO - Started process (PID=444) to work on /home/airflow/.local/lib/python3.11/site-packages/airflow/example_dags/example_xcom.py
[2024-03-05T01:46:26.663+0000] {processor.py:830} INFO - Processing file /home/airflow/.local/lib/python3.11/site-packages/airflow/example_dags/example_xcom.py for tasks to queue
[2024-03-05T01:46:26.665+0000] {logging_mixin.py:188} INFO - [2024-03-05T01:46:26.665+0000] {dagbag.py:540} INFO - Filling up the DagBag from /home/airflow/.local/lib/python3.11/site-packages/airflow/example_dags/example_xcom.py
[2024-03-05T01:46:26.671+0000] {processor.py:840} INFO - DAG(s) 'example_xcom' retrieved from /home/airflow/.local/lib/python3.11/site-packages/airflow/example_dags/example_xcom.py
[2024-03-05T01:46:26.694+0000] {logging_mixin.py:188} INFO - [2024-03-05T01:46:26.694+0000] {dag.py:3047} INFO - Sync 1 DAGs
[2024-03-05T01:46:26.710+0000] {logging_mixin.py:188} INFO - [2024-03-05T01:46:26.710+0000] {dag.py:3834} INFO - Setting next_dagrun for example_xcom to 2021-01-01 00:00:00+00:00, run_after=2021-01-01 00:00:00+00:00
[2024-03-05T01:46:26.728+0000] {processor.py:183} INFO - Processing /home/airflow/.local/lib/python3.11/site-packages/airflow/example_dags/example_xcom.py took 0.072 seconds
