[2024-03-05T01:42:51.372+0000] {processor.py:161} INFO - Started process (PID=51) to work on /home/airflow/.local/lib/python3.11/site-packages/airflow/example_dags/example_skip_dag.py
[2024-03-05T01:42:51.374+0000] {processor.py:830} INFO - Processing file /home/airflow/.local/lib/python3.11/site-packages/airflow/example_dags/example_skip_dag.py for tasks to queue
[2024-03-05T01:42:51.376+0000] {logging_mixin.py:188} INFO - [2024-03-05T01:42:51.375+0000] {dagbag.py:540} INFO - Filling up the DagBag from /home/airflow/.local/lib/python3.11/site-packages/airflow/example_dags/example_skip_dag.py
[2024-03-05T01:42:51.390+0000] {processor.py:840} INFO - DAG(s) 'example_skip_dag' retrieved from /home/airflow/.local/lib/python3.11/site-packages/airflow/example_dags/example_skip_dag.py
[2024-03-05T01:42:51.413+0000] {logging_mixin.py:188} INFO - [2024-03-05T01:42:51.413+0000] {dag.py:3047} INFO - Sync 1 DAGs
[2024-03-05T01:42:51.433+0000] {logging_mixin.py:188} INFO - [2024-03-05T01:42:51.433+0000] {dag.py:3834} INFO - Setting next_dagrun for example_skip_dag to 2024-03-04 00:00:00+00:00, run_after=2024-03-05 00:00:00+00:00
[2024-03-05T01:42:51.446+0000] {processor.py:183} INFO - Processing /home/airflow/.local/lib/python3.11/site-packages/airflow/example_dags/example_skip_dag.py took 0.077 seconds
[2024-03-05T01:43:22.142+0000] {processor.py:161} INFO - Started process (PID=106) to work on /home/airflow/.local/lib/python3.11/site-packages/airflow/example_dags/example_skip_dag.py
[2024-03-05T01:43:22.143+0000] {processor.py:830} INFO - Processing file /home/airflow/.local/lib/python3.11/site-packages/airflow/example_dags/example_skip_dag.py for tasks to queue
[2024-03-05T01:43:22.145+0000] {logging_mixin.py:188} INFO - [2024-03-05T01:43:22.144+0000] {dagbag.py:540} INFO - Filling up the DagBag from /home/airflow/.local/lib/python3.11/site-packages/airflow/example_dags/example_skip_dag.py
[2024-03-05T01:43:22.150+0000] {processor.py:840} INFO - DAG(s) 'example_skip_dag' retrieved from /home/airflow/.local/lib/python3.11/site-packages/airflow/example_dags/example_skip_dag.py
[2024-03-05T01:43:22.225+0000] {logging_mixin.py:188} INFO - [2024-03-05T01:43:22.225+0000] {dag.py:3047} INFO - Sync 1 DAGs
[2024-03-05T01:43:22.242+0000] {logging_mixin.py:188} INFO - [2024-03-05T01:43:22.242+0000] {dag.py:3834} INFO - Setting next_dagrun for example_skip_dag to 2024-03-04 00:00:00+00:00, run_after=2024-03-05 00:00:00+00:00
[2024-03-05T01:43:22.263+0000] {processor.py:183} INFO - Processing /home/airflow/.local/lib/python3.11/site-packages/airflow/example_dags/example_skip_dag.py took 0.124 seconds
[2024-03-05T01:43:53.185+0000] {processor.py:161} INFO - Started process (PID=161) to work on /home/airflow/.local/lib/python3.11/site-packages/airflow/example_dags/example_skip_dag.py
[2024-03-05T01:43:53.186+0000] {processor.py:830} INFO - Processing file /home/airflow/.local/lib/python3.11/site-packages/airflow/example_dags/example_skip_dag.py for tasks to queue
[2024-03-05T01:43:53.188+0000] {logging_mixin.py:188} INFO - [2024-03-05T01:43:53.188+0000] {dagbag.py:540} INFO - Filling up the DagBag from /home/airflow/.local/lib/python3.11/site-packages/airflow/example_dags/example_skip_dag.py
[2024-03-05T01:43:53.193+0000] {processor.py:840} INFO - DAG(s) 'example_skip_dag' retrieved from /home/airflow/.local/lib/python3.11/site-packages/airflow/example_dags/example_skip_dag.py
[2024-03-05T01:43:53.209+0000] {logging_mixin.py:188} INFO - [2024-03-05T01:43:53.209+0000] {dag.py:3047} INFO - Sync 1 DAGs
[2024-03-05T01:43:53.224+0000] {logging_mixin.py:188} INFO - [2024-03-05T01:43:53.224+0000] {dag.py:3834} INFO - Setting next_dagrun for example_skip_dag to 2024-03-04 00:00:00+00:00, run_after=2024-03-05 00:00:00+00:00
[2024-03-05T01:43:53.237+0000] {processor.py:183} INFO - Processing /home/airflow/.local/lib/python3.11/site-packages/airflow/example_dags/example_skip_dag.py took 0.054 seconds
[2024-03-05T01:44:24.045+0000] {processor.py:161} INFO - Started process (PID=216) to work on /home/airflow/.local/lib/python3.11/site-packages/airflow/example_dags/example_skip_dag.py
[2024-03-05T01:44:24.047+0000] {processor.py:830} INFO - Processing file /home/airflow/.local/lib/python3.11/site-packages/airflow/example_dags/example_skip_dag.py for tasks to queue
[2024-03-05T01:44:24.049+0000] {logging_mixin.py:188} INFO - [2024-03-05T01:44:24.049+0000] {dagbag.py:540} INFO - Filling up the DagBag from /home/airflow/.local/lib/python3.11/site-packages/airflow/example_dags/example_skip_dag.py
[2024-03-05T01:44:24.054+0000] {processor.py:840} INFO - DAG(s) 'example_skip_dag' retrieved from /home/airflow/.local/lib/python3.11/site-packages/airflow/example_dags/example_skip_dag.py
[2024-03-05T01:44:24.073+0000] {logging_mixin.py:188} INFO - [2024-03-05T01:44:24.072+0000] {dag.py:3047} INFO - Sync 1 DAGs
[2024-03-05T01:44:24.089+0000] {logging_mixin.py:188} INFO - [2024-03-05T01:44:24.089+0000] {dag.py:3834} INFO - Setting next_dagrun for example_skip_dag to 2024-03-04 00:00:00+00:00, run_after=2024-03-05 00:00:00+00:00
[2024-03-05T01:44:24.102+0000] {processor.py:183} INFO - Processing /home/airflow/.local/lib/python3.11/site-packages/airflow/example_dags/example_skip_dag.py took 0.059 seconds
[2024-03-05T01:44:54.869+0000] {processor.py:161} INFO - Started process (PID=271) to work on /home/airflow/.local/lib/python3.11/site-packages/airflow/example_dags/example_skip_dag.py
[2024-03-05T01:44:54.870+0000] {processor.py:830} INFO - Processing file /home/airflow/.local/lib/python3.11/site-packages/airflow/example_dags/example_skip_dag.py for tasks to queue
[2024-03-05T01:44:54.872+0000] {logging_mixin.py:188} INFO - [2024-03-05T01:44:54.872+0000] {dagbag.py:540} INFO - Filling up the DagBag from /home/airflow/.local/lib/python3.11/site-packages/airflow/example_dags/example_skip_dag.py
[2024-03-05T01:44:54.877+0000] {processor.py:840} INFO - DAG(s) 'example_skip_dag' retrieved from /home/airflow/.local/lib/python3.11/site-packages/airflow/example_dags/example_skip_dag.py
[2024-03-05T01:44:54.893+0000] {logging_mixin.py:188} INFO - [2024-03-05T01:44:54.892+0000] {dag.py:3047} INFO - Sync 1 DAGs
[2024-03-05T01:44:54.907+0000] {logging_mixin.py:188} INFO - [2024-03-05T01:44:54.907+0000] {dag.py:3834} INFO - Setting next_dagrun for example_skip_dag to 2024-03-04 00:00:00+00:00, run_after=2024-03-05 00:00:00+00:00
[2024-03-05T01:44:54.923+0000] {processor.py:183} INFO - Processing /home/airflow/.local/lib/python3.11/site-packages/airflow/example_dags/example_skip_dag.py took 0.056 seconds
[2024-03-05T01:45:25.156+0000] {processor.py:161} INFO - Started process (PID=326) to work on /home/airflow/.local/lib/python3.11/site-packages/airflow/example_dags/example_skip_dag.py
[2024-03-05T01:45:25.157+0000] {processor.py:830} INFO - Processing file /home/airflow/.local/lib/python3.11/site-packages/airflow/example_dags/example_skip_dag.py for tasks to queue
[2024-03-05T01:45:25.159+0000] {logging_mixin.py:188} INFO - [2024-03-05T01:45:25.158+0000] {dagbag.py:540} INFO - Filling up the DagBag from /home/airflow/.local/lib/python3.11/site-packages/airflow/example_dags/example_skip_dag.py
[2024-03-05T01:45:25.165+0000] {processor.py:840} INFO - DAG(s) 'example_skip_dag' retrieved from /home/airflow/.local/lib/python3.11/site-packages/airflow/example_dags/example_skip_dag.py
[2024-03-05T01:45:25.184+0000] {logging_mixin.py:188} INFO - [2024-03-05T01:45:25.184+0000] {dag.py:3047} INFO - Sync 1 DAGs
[2024-03-05T01:45:25.198+0000] {logging_mixin.py:188} INFO - [2024-03-05T01:45:25.198+0000] {dag.py:3834} INFO - Setting next_dagrun for example_skip_dag to 2024-03-04 00:00:00+00:00, run_after=2024-03-05 00:00:00+00:00
[2024-03-05T01:45:25.213+0000] {processor.py:183} INFO - Processing /home/airflow/.local/lib/python3.11/site-packages/airflow/example_dags/example_skip_dag.py took 0.060 seconds
[2024-03-05T01:45:55.739+0000] {processor.py:161} INFO - Started process (PID=381) to work on /home/airflow/.local/lib/python3.11/site-packages/airflow/example_dags/example_skip_dag.py
[2024-03-05T01:45:55.740+0000] {processor.py:830} INFO - Processing file /home/airflow/.local/lib/python3.11/site-packages/airflow/example_dags/example_skip_dag.py for tasks to queue
[2024-03-05T01:45:55.742+0000] {logging_mixin.py:188} INFO - [2024-03-05T01:45:55.742+0000] {dagbag.py:540} INFO - Filling up the DagBag from /home/airflow/.local/lib/python3.11/site-packages/airflow/example_dags/example_skip_dag.py
[2024-03-05T01:45:55.747+0000] {processor.py:840} INFO - DAG(s) 'example_skip_dag' retrieved from /home/airflow/.local/lib/python3.11/site-packages/airflow/example_dags/example_skip_dag.py
[2024-03-05T01:45:55.762+0000] {logging_mixin.py:188} INFO - [2024-03-05T01:45:55.762+0000] {dag.py:3047} INFO - Sync 1 DAGs
[2024-03-05T01:45:55.776+0000] {logging_mixin.py:188} INFO - [2024-03-05T01:45:55.776+0000] {dag.py:3834} INFO - Setting next_dagrun for example_skip_dag to 2024-03-04 00:00:00+00:00, run_after=2024-03-05 00:00:00+00:00
[2024-03-05T01:45:55.791+0000] {processor.py:183} INFO - Processing /home/airflow/.local/lib/python3.11/site-packages/airflow/example_dags/example_skip_dag.py took 0.055 seconds
[2024-03-05T01:46:25.941+0000] {processor.py:161} INFO - Started process (PID=436) to work on /home/airflow/.local/lib/python3.11/site-packages/airflow/example_dags/example_skip_dag.py
[2024-03-05T01:46:25.942+0000] {processor.py:830} INFO - Processing file /home/airflow/.local/lib/python3.11/site-packages/airflow/example_dags/example_skip_dag.py for tasks to queue
[2024-03-05T01:46:25.944+0000] {logging_mixin.py:188} INFO - [2024-03-05T01:46:25.944+0000] {dagbag.py:540} INFO - Filling up the DagBag from /home/airflow/.local/lib/python3.11/site-packages/airflow/example_dags/example_skip_dag.py
[2024-03-05T01:46:25.949+0000] {processor.py:840} INFO - DAG(s) 'example_skip_dag' retrieved from /home/airflow/.local/lib/python3.11/site-packages/airflow/example_dags/example_skip_dag.py
[2024-03-05T01:46:25.966+0000] {logging_mixin.py:188} INFO - [2024-03-05T01:46:25.966+0000] {dag.py:3047} INFO - Sync 1 DAGs
[2024-03-05T01:46:25.982+0000] {logging_mixin.py:188} INFO - [2024-03-05T01:46:25.982+0000] {dag.py:3834} INFO - Setting next_dagrun for example_skip_dag to 2024-03-04 00:00:00+00:00, run_after=2024-03-05 00:00:00+00:00
[2024-03-05T01:46:25.996+0000] {processor.py:183} INFO - Processing /home/airflow/.local/lib/python3.11/site-packages/airflow/example_dags/example_skip_dag.py took 0.057 seconds
