[2024-03-05T01:42:51.028+0000] {processor.py:161} INFO - Started process (PID=45) to work on /home/airflow/.local/lib/python3.11/site-packages/airflow/example_dags/example_dag_decorator.py
[2024-03-05T01:42:51.029+0000] {processor.py:830} INFO - Processing file /home/airflow/.local/lib/python3.11/site-packages/airflow/example_dags/example_dag_decorator.py for tasks to queue
[2024-03-05T01:42:51.031+0000] {logging_mixin.py:188} INFO - [2024-03-05T01:42:51.031+0000] {dagbag.py:540} INFO - Filling up the DagBag from /home/airflow/.local/lib/python3.11/site-packages/airflow/example_dags/example_dag_decorator.py
[2024-03-05T01:42:51.192+0000] {processor.py:840} INFO - DAG(s) 'example_dag_decorator' retrieved from /home/airflow/.local/lib/python3.11/site-packages/airflow/example_dags/example_dag_decorator.py
[2024-03-05T01:42:51.203+0000] {logging_mixin.py:188} INFO - [2024-03-05T01:42:51.203+0000] {dag.py:3047} INFO - Sync 1 DAGs
[2024-03-05T01:42:51.214+0000] {logging_mixin.py:188} INFO - [2024-03-05T01:42:51.213+0000] {dag.py:3834} INFO - Setting next_dagrun for example_dag_decorator to None, run_after=None
[2024-03-05T01:42:51.230+0000] {processor.py:183} INFO - Processing /home/airflow/.local/lib/python3.11/site-packages/airflow/example_dags/example_dag_decorator.py took 0.204 seconds
[2024-03-05T01:43:21.667+0000] {processor.py:161} INFO - Started process (PID=100) to work on /home/airflow/.local/lib/python3.11/site-packages/airflow/example_dags/example_dag_decorator.py
[2024-03-05T01:43:21.670+0000] {processor.py:830} INFO - Processing file /home/airflow/.local/lib/python3.11/site-packages/airflow/example_dags/example_dag_decorator.py for tasks to queue
[2024-03-05T01:43:21.674+0000] {logging_mixin.py:188} INFO - [2024-03-05T01:43:21.674+0000] {dagbag.py:540} INFO - Filling up the DagBag from /home/airflow/.local/lib/python3.11/site-packages/airflow/example_dags/example_dag_decorator.py
[2024-03-05T01:43:21.740+0000] {processor.py:840} INFO - DAG(s) 'example_dag_decorator' retrieved from /home/airflow/.local/lib/python3.11/site-packages/airflow/example_dags/example_dag_decorator.py
[2024-03-05T01:43:21.820+0000] {logging_mixin.py:188} INFO - [2024-03-05T01:43:21.820+0000] {dag.py:3047} INFO - Sync 1 DAGs
[2024-03-05T01:43:21.828+0000] {logging_mixin.py:188} INFO - [2024-03-05T01:43:21.828+0000] {dag.py:3834} INFO - Setting next_dagrun for example_dag_decorator to None, run_after=None
[2024-03-05T01:43:21.844+0000] {processor.py:183} INFO - Processing /home/airflow/.local/lib/python3.11/site-packages/airflow/example_dags/example_dag_decorator.py took 0.179 seconds
[2024-03-05T01:43:52.777+0000] {processor.py:161} INFO - Started process (PID=155) to work on /home/airflow/.local/lib/python3.11/site-packages/airflow/example_dags/example_dag_decorator.py
[2024-03-05T01:43:52.778+0000] {processor.py:830} INFO - Processing file /home/airflow/.local/lib/python3.11/site-packages/airflow/example_dags/example_dag_decorator.py for tasks to queue
[2024-03-05T01:43:52.780+0000] {logging_mixin.py:188} INFO - [2024-03-05T01:43:52.779+0000] {dagbag.py:540} INFO - Filling up the DagBag from /home/airflow/.local/lib/python3.11/site-packages/airflow/example_dags/example_dag_decorator.py
[2024-03-05T01:43:52.848+0000] {processor.py:840} INFO - DAG(s) 'example_dag_decorator' retrieved from /home/airflow/.local/lib/python3.11/site-packages/airflow/example_dags/example_dag_decorator.py
[2024-03-05T01:43:52.914+0000] {logging_mixin.py:188} INFO - [2024-03-05T01:43:52.914+0000] {dag.py:3047} INFO - Sync 1 DAGs
[2024-03-05T01:43:52.922+0000] {logging_mixin.py:188} INFO - [2024-03-05T01:43:52.922+0000] {dag.py:3834} INFO - Setting next_dagrun for example_dag_decorator to None, run_after=None
[2024-03-05T01:43:52.939+0000] {processor.py:183} INFO - Processing /home/airflow/.local/lib/python3.11/site-packages/airflow/example_dags/example_dag_decorator.py took 0.166 seconds
[2024-03-05T01:44:23.608+0000] {processor.py:161} INFO - Started process (PID=210) to work on /home/airflow/.local/lib/python3.11/site-packages/airflow/example_dags/example_dag_decorator.py
[2024-03-05T01:44:23.609+0000] {processor.py:830} INFO - Processing file /home/airflow/.local/lib/python3.11/site-packages/airflow/example_dags/example_dag_decorator.py for tasks to queue
[2024-03-05T01:44:23.611+0000] {logging_mixin.py:188} INFO - [2024-03-05T01:44:23.611+0000] {dagbag.py:540} INFO - Filling up the DagBag from /home/airflow/.local/lib/python3.11/site-packages/airflow/example_dags/example_dag_decorator.py
[2024-03-05T01:44:23.686+0000] {processor.py:840} INFO - DAG(s) 'example_dag_decorator' retrieved from /home/airflow/.local/lib/python3.11/site-packages/airflow/example_dags/example_dag_decorator.py
[2024-03-05T01:44:23.749+0000] {logging_mixin.py:188} INFO - [2024-03-05T01:44:23.749+0000] {dag.py:3047} INFO - Sync 1 DAGs
[2024-03-05T01:44:23.756+0000] {logging_mixin.py:188} INFO - [2024-03-05T01:44:23.756+0000] {dag.py:3834} INFO - Setting next_dagrun for example_dag_decorator to None, run_after=None
[2024-03-05T01:44:23.773+0000] {processor.py:183} INFO - Processing /home/airflow/.local/lib/python3.11/site-packages/airflow/example_dags/example_dag_decorator.py took 0.168 seconds
[2024-03-05T01:44:54.415+0000] {processor.py:161} INFO - Started process (PID=265) to work on /home/airflow/.local/lib/python3.11/site-packages/airflow/example_dags/example_dag_decorator.py
[2024-03-05T01:44:54.419+0000] {processor.py:830} INFO - Processing file /home/airflow/.local/lib/python3.11/site-packages/airflow/example_dags/example_dag_decorator.py for tasks to queue
[2024-03-05T01:44:54.422+0000] {logging_mixin.py:188} INFO - [2024-03-05T01:44:54.422+0000] {dagbag.py:540} INFO - Filling up the DagBag from /home/airflow/.local/lib/python3.11/site-packages/airflow/example_dags/example_dag_decorator.py
[2024-03-05T01:44:54.496+0000] {processor.py:840} INFO - DAG(s) 'example_dag_decorator' retrieved from /home/airflow/.local/lib/python3.11/site-packages/airflow/example_dags/example_dag_decorator.py
[2024-03-05T01:44:54.562+0000] {logging_mixin.py:188} INFO - [2024-03-05T01:44:54.562+0000] {dag.py:3047} INFO - Sync 1 DAGs
[2024-03-05T01:44:54.569+0000] {logging_mixin.py:188} INFO - [2024-03-05T01:44:54.569+0000] {dag.py:3834} INFO - Setting next_dagrun for example_dag_decorator to None, run_after=None
[2024-03-05T01:44:54.583+0000] {processor.py:183} INFO - Processing /home/airflow/.local/lib/python3.11/site-packages/airflow/example_dags/example_dag_decorator.py took 0.170 seconds
[2024-03-05T01:45:24.876+0000] {processor.py:161} INFO - Started process (PID=320) to work on /home/airflow/.local/lib/python3.11/site-packages/airflow/example_dags/example_dag_decorator.py
[2024-03-05T01:45:24.878+0000] {processor.py:830} INFO - Processing file /home/airflow/.local/lib/python3.11/site-packages/airflow/example_dags/example_dag_decorator.py for tasks to queue
[2024-03-05T01:45:24.880+0000] {logging_mixin.py:188} INFO - [2024-03-05T01:45:24.880+0000] {dagbag.py:540} INFO - Filling up the DagBag from /home/airflow/.local/lib/python3.11/site-packages/airflow/example_dags/example_dag_decorator.py
[2024-03-05T01:45:24.948+0000] {processor.py:840} INFO - DAG(s) 'example_dag_decorator' retrieved from /home/airflow/.local/lib/python3.11/site-packages/airflow/example_dags/example_dag_decorator.py
[2024-03-05T01:45:24.968+0000] {logging_mixin.py:188} INFO - [2024-03-05T01:45:24.967+0000] {dag.py:3047} INFO - Sync 1 DAGs
[2024-03-05T01:45:24.976+0000] {logging_mixin.py:188} INFO - [2024-03-05T01:45:24.976+0000] {dag.py:3834} INFO - Setting next_dagrun for example_dag_decorator to None, run_after=None
[2024-03-05T01:45:24.989+0000] {processor.py:183} INFO - Processing /home/airflow/.local/lib/python3.11/site-packages/airflow/example_dags/example_dag_decorator.py took 0.116 seconds
[2024-03-05T01:45:55.449+0000] {processor.py:161} INFO - Started process (PID=375) to work on /home/airflow/.local/lib/python3.11/site-packages/airflow/example_dags/example_dag_decorator.py
[2024-03-05T01:45:55.450+0000] {processor.py:830} INFO - Processing file /home/airflow/.local/lib/python3.11/site-packages/airflow/example_dags/example_dag_decorator.py for tasks to queue
[2024-03-05T01:45:55.452+0000] {logging_mixin.py:188} INFO - [2024-03-05T01:45:55.452+0000] {dagbag.py:540} INFO - Filling up the DagBag from /home/airflow/.local/lib/python3.11/site-packages/airflow/example_dags/example_dag_decorator.py
[2024-03-05T01:45:55.528+0000] {processor.py:840} INFO - DAG(s) 'example_dag_decorator' retrieved from /home/airflow/.local/lib/python3.11/site-packages/airflow/example_dags/example_dag_decorator.py
[2024-03-05T01:45:55.598+0000] {logging_mixin.py:188} INFO - [2024-03-05T01:45:55.598+0000] {dag.py:3047} INFO - Sync 1 DAGs
[2024-03-05T01:45:55.606+0000] {logging_mixin.py:188} INFO - [2024-03-05T01:45:55.606+0000] {dag.py:3834} INFO - Setting next_dagrun for example_dag_decorator to None, run_after=None
[2024-03-05T01:45:55.621+0000] {processor.py:183} INFO - Processing /home/airflow/.local/lib/python3.11/site-packages/airflow/example_dags/example_dag_decorator.py took 0.174 seconds
[2024-03-05T01:46:25.654+0000] {processor.py:161} INFO - Started process (PID=431) to work on /home/airflow/.local/lib/python3.11/site-packages/airflow/example_dags/example_dag_decorator.py
[2024-03-05T01:46:25.655+0000] {processor.py:830} INFO - Processing file /home/airflow/.local/lib/python3.11/site-packages/airflow/example_dags/example_dag_decorator.py for tasks to queue
[2024-03-05T01:46:25.657+0000] {logging_mixin.py:188} INFO - [2024-03-05T01:46:25.657+0000] {dagbag.py:540} INFO - Filling up the DagBag from /home/airflow/.local/lib/python3.11/site-packages/airflow/example_dags/example_dag_decorator.py
[2024-03-05T01:46:25.724+0000] {processor.py:840} INFO - DAG(s) 'example_dag_decorator' retrieved from /home/airflow/.local/lib/python3.11/site-packages/airflow/example_dags/example_dag_decorator.py
[2024-03-05T01:46:25.793+0000] {logging_mixin.py:188} INFO - [2024-03-05T01:46:25.793+0000] {dag.py:3047} INFO - Sync 1 DAGs
[2024-03-05T01:46:25.800+0000] {logging_mixin.py:188} INFO - [2024-03-05T01:46:25.800+0000] {dag.py:3834} INFO - Setting next_dagrun for example_dag_decorator to None, run_after=None
[2024-03-05T01:46:25.814+0000] {processor.py:183} INFO - Processing /home/airflow/.local/lib/python3.11/site-packages/airflow/example_dags/example_dag_decorator.py took 0.162 seconds
