[2024-03-05T01:42:53.099+0000] {processor.py:161} INFO - Started process (PID=83) to work on /home/airflow/.local/lib/python3.11/site-packages/airflow/example_dags/example_branch_operator.py
[2024-03-05T01:42:53.101+0000] {processor.py:830} INFO - Processing file /home/airflow/.local/lib/python3.11/site-packages/airflow/example_dags/example_branch_operator.py for tasks to queue
[2024-03-05T01:42:53.102+0000] {logging_mixin.py:188} INFO - [2024-03-05T01:42:53.102+0000] {dagbag.py:540} INFO - Filling up the DagBag from /home/airflow/.local/lib/python3.11/site-packages/airflow/example_dags/example_branch_operator.py
[2024-03-05T01:42:53.116+0000] {processor.py:840} INFO - DAG(s) 'example_branch_operator' retrieved from /home/airflow/.local/lib/python3.11/site-packages/airflow/example_dags/example_branch_operator.py
[2024-03-05T01:42:53.126+0000] {logging_mixin.py:188} INFO - [2024-03-05T01:42:53.126+0000] {dag.py:3047} INFO - Sync 1 DAGs
[2024-03-05T01:42:53.144+0000] {logging_mixin.py:188} INFO - [2024-03-05T01:42:53.144+0000] {dag.py:3834} INFO - Setting next_dagrun for example_branch_operator to 2024-03-04 00:00:00+00:00, run_after=2024-03-05 00:00:00+00:00
[2024-03-05T01:42:53.161+0000] {processor.py:183} INFO - Processing /home/airflow/.local/lib/python3.11/site-packages/airflow/example_dags/example_branch_operator.py took 0.064 seconds
[2024-03-05T01:43:25.030+0000] {processor.py:161} INFO - Started process (PID=138) to work on /home/airflow/.local/lib/python3.11/site-packages/airflow/example_dags/example_branch_operator.py
[2024-03-05T01:43:25.031+0000] {processor.py:830} INFO - Processing file /home/airflow/.local/lib/python3.11/site-packages/airflow/example_dags/example_branch_operator.py for tasks to queue
[2024-03-05T01:43:25.033+0000] {logging_mixin.py:188} INFO - [2024-03-05T01:43:25.033+0000] {dagbag.py:540} INFO - Filling up the DagBag from /home/airflow/.local/lib/python3.11/site-packages/airflow/example_dags/example_branch_operator.py
[2024-03-05T01:43:25.046+0000] {processor.py:840} INFO - DAG(s) 'example_branch_operator' retrieved from /home/airflow/.local/lib/python3.11/site-packages/airflow/example_dags/example_branch_operator.py
[2024-03-05T01:43:25.136+0000] {logging_mixin.py:188} INFO - [2024-03-05T01:43:25.135+0000] {dag.py:3047} INFO - Sync 1 DAGs
[2024-03-05T01:43:25.151+0000] {logging_mixin.py:188} INFO - [2024-03-05T01:43:25.151+0000] {dag.py:3834} INFO - Setting next_dagrun for example_branch_operator to 2024-03-04 00:00:00+00:00, run_after=2024-03-05 00:00:00+00:00
[2024-03-05T01:43:25.166+0000] {processor.py:183} INFO - Processing /home/airflow/.local/lib/python3.11/site-packages/airflow/example_dags/example_branch_operator.py took 0.139 seconds
[2024-03-05T01:43:55.996+0000] {processor.py:161} INFO - Started process (PID=193) to work on /home/airflow/.local/lib/python3.11/site-packages/airflow/example_dags/example_branch_operator.py
[2024-03-05T01:43:55.998+0000] {processor.py:830} INFO - Processing file /home/airflow/.local/lib/python3.11/site-packages/airflow/example_dags/example_branch_operator.py for tasks to queue
[2024-03-05T01:43:56.000+0000] {logging_mixin.py:188} INFO - [2024-03-05T01:43:55.999+0000] {dagbag.py:540} INFO - Filling up the DagBag from /home/airflow/.local/lib/python3.11/site-packages/airflow/example_dags/example_branch_operator.py
[2024-03-05T01:43:56.011+0000] {processor.py:840} INFO - DAG(s) 'example_branch_operator' retrieved from /home/airflow/.local/lib/python3.11/site-packages/airflow/example_dags/example_branch_operator.py
[2024-03-05T01:43:56.029+0000] {logging_mixin.py:188} INFO - [2024-03-05T01:43:56.029+0000] {dag.py:3047} INFO - Sync 1 DAGs
[2024-03-05T01:43:56.045+0000] {logging_mixin.py:188} INFO - [2024-03-05T01:43:56.044+0000] {dag.py:3834} INFO - Setting next_dagrun for example_branch_operator to 2024-03-04 00:00:00+00:00, run_after=2024-03-05 00:00:00+00:00
[2024-03-05T01:43:56.061+0000] {processor.py:183} INFO - Processing /home/airflow/.local/lib/python3.11/site-packages/airflow/example_dags/example_branch_operator.py took 0.066 seconds
[2024-03-05T01:44:26.813+0000] {processor.py:161} INFO - Started process (PID=248) to work on /home/airflow/.local/lib/python3.11/site-packages/airflow/example_dags/example_branch_operator.py
[2024-03-05T01:44:26.815+0000] {processor.py:830} INFO - Processing file /home/airflow/.local/lib/python3.11/site-packages/airflow/example_dags/example_branch_operator.py for tasks to queue
[2024-03-05T01:44:26.817+0000] {logging_mixin.py:188} INFO - [2024-03-05T01:44:26.816+0000] {dagbag.py:540} INFO - Filling up the DagBag from /home/airflow/.local/lib/python3.11/site-packages/airflow/example_dags/example_branch_operator.py
[2024-03-05T01:44:26.828+0000] {processor.py:840} INFO - DAG(s) 'example_branch_operator' retrieved from /home/airflow/.local/lib/python3.11/site-packages/airflow/example_dags/example_branch_operator.py
[2024-03-05T01:44:26.847+0000] {logging_mixin.py:188} INFO - [2024-03-05T01:44:26.847+0000] {dag.py:3047} INFO - Sync 1 DAGs
[2024-03-05T01:44:26.862+0000] {logging_mixin.py:188} INFO - [2024-03-05T01:44:26.862+0000] {dag.py:3834} INFO - Setting next_dagrun for example_branch_operator to 2024-03-04 00:00:00+00:00, run_after=2024-03-05 00:00:00+00:00
[2024-03-05T01:44:26.877+0000] {processor.py:183} INFO - Processing /home/airflow/.local/lib/python3.11/site-packages/airflow/example_dags/example_branch_operator.py took 0.066 seconds
[2024-03-05T01:44:57.339+0000] {processor.py:161} INFO - Started process (PID=303) to work on /home/airflow/.local/lib/python3.11/site-packages/airflow/example_dags/example_branch_operator.py
[2024-03-05T01:44:57.340+0000] {processor.py:830} INFO - Processing file /home/airflow/.local/lib/python3.11/site-packages/airflow/example_dags/example_branch_operator.py for tasks to queue
[2024-03-05T01:44:57.342+0000] {logging_mixin.py:188} INFO - [2024-03-05T01:44:57.342+0000] {dagbag.py:540} INFO - Filling up the DagBag from /home/airflow/.local/lib/python3.11/site-packages/airflow/example_dags/example_branch_operator.py
[2024-03-05T01:44:57.354+0000] {processor.py:840} INFO - DAG(s) 'example_branch_operator' retrieved from /home/airflow/.local/lib/python3.11/site-packages/airflow/example_dags/example_branch_operator.py
[2024-03-05T01:44:57.374+0000] {logging_mixin.py:188} INFO - [2024-03-05T01:44:57.373+0000] {dag.py:3047} INFO - Sync 1 DAGs
[2024-03-05T01:44:57.388+0000] {logging_mixin.py:188} INFO - [2024-03-05T01:44:57.388+0000] {dag.py:3834} INFO - Setting next_dagrun for example_branch_operator to 2024-03-04 00:00:00+00:00, run_after=2024-03-05 00:00:00+00:00
[2024-03-05T01:44:57.403+0000] {processor.py:183} INFO - Processing /home/airflow/.local/lib/python3.11/site-packages/airflow/example_dags/example_branch_operator.py took 0.067 seconds
[2024-03-05T01:45:27.916+0000] {processor.py:161} INFO - Started process (PID=358) to work on /home/airflow/.local/lib/python3.11/site-packages/airflow/example_dags/example_branch_operator.py
[2024-03-05T01:45:27.917+0000] {processor.py:830} INFO - Processing file /home/airflow/.local/lib/python3.11/site-packages/airflow/example_dags/example_branch_operator.py for tasks to queue
[2024-03-05T01:45:27.919+0000] {logging_mixin.py:188} INFO - [2024-03-05T01:45:27.919+0000] {dagbag.py:540} INFO - Filling up the DagBag from /home/airflow/.local/lib/python3.11/site-packages/airflow/example_dags/example_branch_operator.py
[2024-03-05T01:45:27.932+0000] {processor.py:840} INFO - DAG(s) 'example_branch_operator' retrieved from /home/airflow/.local/lib/python3.11/site-packages/airflow/example_dags/example_branch_operator.py
[2024-03-05T01:45:27.950+0000] {logging_mixin.py:188} INFO - [2024-03-05T01:45:27.950+0000] {dag.py:3047} INFO - Sync 1 DAGs
[2024-03-05T01:45:27.968+0000] {logging_mixin.py:188} INFO - [2024-03-05T01:45:27.968+0000] {dag.py:3834} INFO - Setting next_dagrun for example_branch_operator to 2024-03-04 00:00:00+00:00, run_after=2024-03-05 00:00:00+00:00
[2024-03-05T01:45:27.984+0000] {processor.py:183} INFO - Processing /home/airflow/.local/lib/python3.11/site-packages/airflow/example_dags/example_branch_operator.py took 0.070 seconds
[2024-03-05T01:45:58.947+0000] {processor.py:161} INFO - Started process (PID=413) to work on /home/airflow/.local/lib/python3.11/site-packages/airflow/example_dags/example_branch_operator.py
[2024-03-05T01:45:58.948+0000] {processor.py:830} INFO - Processing file /home/airflow/.local/lib/python3.11/site-packages/airflow/example_dags/example_branch_operator.py for tasks to queue
[2024-03-05T01:45:58.950+0000] {logging_mixin.py:188} INFO - [2024-03-05T01:45:58.950+0000] {dagbag.py:540} INFO - Filling up the DagBag from /home/airflow/.local/lib/python3.11/site-packages/airflow/example_dags/example_branch_operator.py
[2024-03-05T01:45:58.962+0000] {processor.py:840} INFO - DAG(s) 'example_branch_operator' retrieved from /home/airflow/.local/lib/python3.11/site-packages/airflow/example_dags/example_branch_operator.py
[2024-03-05T01:45:58.983+0000] {logging_mixin.py:188} INFO - [2024-03-05T01:45:58.983+0000] {dag.py:3047} INFO - Sync 1 DAGs
[2024-03-05T01:45:59.000+0000] {logging_mixin.py:188} INFO - [2024-03-05T01:45:59.000+0000] {dag.py:3834} INFO - Setting next_dagrun for example_branch_operator to 2024-03-04 00:00:00+00:00, run_after=2024-03-05 00:00:00+00:00
[2024-03-05T01:45:59.016+0000] {processor.py:183} INFO - Processing /home/airflow/.local/lib/python3.11/site-packages/airflow/example_dags/example_branch_operator.py took 0.071 seconds
[2024-03-05T01:46:29.204+0000] {processor.py:161} INFO - Started process (PID=468) to work on /home/airflow/.local/lib/python3.11/site-packages/airflow/example_dags/example_branch_operator.py
[2024-03-05T01:46:29.206+0000] {processor.py:830} INFO - Processing file /home/airflow/.local/lib/python3.11/site-packages/airflow/example_dags/example_branch_operator.py for tasks to queue
[2024-03-05T01:46:29.208+0000] {logging_mixin.py:188} INFO - [2024-03-05T01:46:29.207+0000] {dagbag.py:540} INFO - Filling up the DagBag from /home/airflow/.local/lib/python3.11/site-packages/airflow/example_dags/example_branch_operator.py
[2024-03-05T01:46:29.221+0000] {processor.py:840} INFO - DAG(s) 'example_branch_operator' retrieved from /home/airflow/.local/lib/python3.11/site-packages/airflow/example_dags/example_branch_operator.py
[2024-03-05T01:46:29.241+0000] {logging_mixin.py:188} INFO - [2024-03-05T01:46:29.241+0000] {dag.py:3047} INFO - Sync 1 DAGs
[2024-03-05T01:46:29.256+0000] {logging_mixin.py:188} INFO - [2024-03-05T01:46:29.256+0000] {dag.py:3834} INFO - Setting next_dagrun for example_branch_operator to 2024-03-04 00:00:00+00:00, run_after=2024-03-05 00:00:00+00:00
[2024-03-05T01:46:29.273+0000] {processor.py:183} INFO - Processing /home/airflow/.local/lib/python3.11/site-packages/airflow/example_dags/example_branch_operator.py took 0.071 seconds
