[2024-03-05T01:42:51.030+0000] {processor.py:161} INFO - Started process (PID=46) to work on /home/airflow/.local/lib/python3.11/site-packages/airflow/example_dags/example_sensor_decorator.py
[2024-03-05T01:42:51.031+0000] {processor.py:830} INFO - Processing file /home/airflow/.local/lib/python3.11/site-packages/airflow/example_dags/example_sensor_decorator.py for tasks to queue
[2024-03-05T01:42:51.033+0000] {logging_mixin.py:188} INFO - [2024-03-05T01:42:51.032+0000] {dagbag.py:540} INFO - Filling up the DagBag from /home/airflow/.local/lib/python3.11/site-packages/airflow/example_dags/example_sensor_decorator.py
[2024-03-05T01:42:51.040+0000] {processor.py:840} INFO - DAG(s) 'example_sensor_decorator' retrieved from /home/airflow/.local/lib/python3.11/site-packages/airflow/example_dags/example_sensor_decorator.py
[2024-03-05T01:42:51.054+0000] {logging_mixin.py:188} INFO - [2024-03-05T01:42:51.054+0000] {dag.py:3047} INFO - Sync 1 DAGs
[2024-03-05T01:42:51.070+0000] {logging_mixin.py:188} INFO - [2024-03-05T01:42:51.070+0000] {dag.py:3834} INFO - Setting next_dagrun for example_sensor_decorator to None, run_after=None
[2024-03-05T01:42:51.089+0000] {processor.py:183} INFO - Processing /home/airflow/.local/lib/python3.11/site-packages/airflow/example_dags/example_sensor_decorator.py took 0.062 seconds
[2024-03-05T01:43:21.667+0000] {processor.py:161} INFO - Started process (PID=101) to work on /home/airflow/.local/lib/python3.11/site-packages/airflow/example_dags/example_sensor_decorator.py
[2024-03-05T01:43:21.670+0000] {processor.py:830} INFO - Processing file /home/airflow/.local/lib/python3.11/site-packages/airflow/example_dags/example_sensor_decorator.py for tasks to queue
[2024-03-05T01:43:21.674+0000] {logging_mixin.py:188} INFO - [2024-03-05T01:43:21.673+0000] {dagbag.py:540} INFO - Filling up the DagBag from /home/airflow/.local/lib/python3.11/site-packages/airflow/example_dags/example_sensor_decorator.py
[2024-03-05T01:43:21.682+0000] {processor.py:840} INFO - DAG(s) 'example_sensor_decorator' retrieved from /home/airflow/.local/lib/python3.11/site-packages/airflow/example_dags/example_sensor_decorator.py
[2024-03-05T01:43:21.773+0000] {logging_mixin.py:188} INFO - [2024-03-05T01:43:21.772+0000] {dag.py:3047} INFO - Sync 1 DAGs
[2024-03-05T01:43:21.780+0000] {logging_mixin.py:188} INFO - [2024-03-05T01:43:21.780+0000] {dag.py:3834} INFO - Setting next_dagrun for example_sensor_decorator to None, run_after=None
[2024-03-05T01:43:21.795+0000] {processor.py:183} INFO - Processing /home/airflow/.local/lib/python3.11/site-packages/airflow/example_dags/example_sensor_decorator.py took 0.130 seconds
[2024-03-05T01:43:52.777+0000] {processor.py:161} INFO - Started process (PID=156) to work on /home/airflow/.local/lib/python3.11/site-packages/airflow/example_dags/example_sensor_decorator.py
[2024-03-05T01:43:52.778+0000] {processor.py:830} INFO - Processing file /home/airflow/.local/lib/python3.11/site-packages/airflow/example_dags/example_sensor_decorator.py for tasks to queue
[2024-03-05T01:43:52.780+0000] {logging_mixin.py:188} INFO - [2024-03-05T01:43:52.779+0000] {dagbag.py:540} INFO - Filling up the DagBag from /home/airflow/.local/lib/python3.11/site-packages/airflow/example_dags/example_sensor_decorator.py
[2024-03-05T01:43:52.785+0000] {processor.py:840} INFO - DAG(s) 'example_sensor_decorator' retrieved from /home/airflow/.local/lib/python3.11/site-packages/airflow/example_dags/example_sensor_decorator.py
[2024-03-05T01:43:52.800+0000] {logging_mixin.py:188} INFO - [2024-03-05T01:43:52.799+0000] {dag.py:3047} INFO - Sync 1 DAGs
[2024-03-05T01:43:52.808+0000] {logging_mixin.py:188} INFO - [2024-03-05T01:43:52.808+0000] {dag.py:3834} INFO - Setting next_dagrun for example_sensor_decorator to None, run_after=None
[2024-03-05T01:43:52.824+0000] {processor.py:183} INFO - Processing /home/airflow/.local/lib/python3.11/site-packages/airflow/example_dags/example_sensor_decorator.py took 0.051 seconds
[2024-03-05T01:44:23.609+0000] {processor.py:161} INFO - Started process (PID=211) to work on /home/airflow/.local/lib/python3.11/site-packages/airflow/example_dags/example_sensor_decorator.py
[2024-03-05T01:44:23.610+0000] {processor.py:830} INFO - Processing file /home/airflow/.local/lib/python3.11/site-packages/airflow/example_dags/example_sensor_decorator.py for tasks to queue
[2024-03-05T01:44:23.613+0000] {logging_mixin.py:188} INFO - [2024-03-05T01:44:23.613+0000] {dagbag.py:540} INFO - Filling up the DagBag from /home/airflow/.local/lib/python3.11/site-packages/airflow/example_dags/example_sensor_decorator.py
[2024-03-05T01:44:23.618+0000] {processor.py:840} INFO - DAG(s) 'example_sensor_decorator' retrieved from /home/airflow/.local/lib/python3.11/site-packages/airflow/example_dags/example_sensor_decorator.py
[2024-03-05T01:44:23.634+0000] {logging_mixin.py:188} INFO - [2024-03-05T01:44:23.634+0000] {dag.py:3047} INFO - Sync 1 DAGs
[2024-03-05T01:44:23.643+0000] {logging_mixin.py:188} INFO - [2024-03-05T01:44:23.642+0000] {dag.py:3834} INFO - Setting next_dagrun for example_sensor_decorator to None, run_after=None
[2024-03-05T01:44:23.659+0000] {processor.py:183} INFO - Processing /home/airflow/.local/lib/python3.11/site-packages/airflow/example_dags/example_sensor_decorator.py took 0.054 seconds
[2024-03-05T01:44:54.416+0000] {processor.py:161} INFO - Started process (PID=266) to work on /home/airflow/.local/lib/python3.11/site-packages/airflow/example_dags/example_sensor_decorator.py
[2024-03-05T01:44:54.420+0000] {processor.py:830} INFO - Processing file /home/airflow/.local/lib/python3.11/site-packages/airflow/example_dags/example_sensor_decorator.py for tasks to queue
[2024-03-05T01:44:54.422+0000] {logging_mixin.py:188} INFO - [2024-03-05T01:44:54.422+0000] {dagbag.py:540} INFO - Filling up the DagBag from /home/airflow/.local/lib/python3.11/site-packages/airflow/example_dags/example_sensor_decorator.py
[2024-03-05T01:44:54.428+0000] {processor.py:840} INFO - DAG(s) 'example_sensor_decorator' retrieved from /home/airflow/.local/lib/python3.11/site-packages/airflow/example_dags/example_sensor_decorator.py
[2024-03-05T01:44:54.448+0000] {logging_mixin.py:188} INFO - [2024-03-05T01:44:54.448+0000] {dag.py:3047} INFO - Sync 1 DAGs
[2024-03-05T01:44:54.458+0000] {logging_mixin.py:188} INFO - [2024-03-05T01:44:54.458+0000] {dag.py:3834} INFO - Setting next_dagrun for example_sensor_decorator to None, run_after=None
[2024-03-05T01:44:54.475+0000] {processor.py:183} INFO - Processing /home/airflow/.local/lib/python3.11/site-packages/airflow/example_dags/example_sensor_decorator.py took 0.062 seconds
[2024-03-05T01:45:24.876+0000] {processor.py:161} INFO - Started process (PID=321) to work on /home/airflow/.local/lib/python3.11/site-packages/airflow/example_dags/example_sensor_decorator.py
[2024-03-05T01:45:24.878+0000] {processor.py:830} INFO - Processing file /home/airflow/.local/lib/python3.11/site-packages/airflow/example_dags/example_sensor_decorator.py for tasks to queue
[2024-03-05T01:45:24.880+0000] {logging_mixin.py:188} INFO - [2024-03-05T01:45:24.880+0000] {dagbag.py:540} INFO - Filling up the DagBag from /home/airflow/.local/lib/python3.11/site-packages/airflow/example_dags/example_sensor_decorator.py
[2024-03-05T01:45:24.885+0000] {processor.py:840} INFO - DAG(s) 'example_sensor_decorator' retrieved from /home/airflow/.local/lib/python3.11/site-packages/airflow/example_dags/example_sensor_decorator.py
[2024-03-05T01:45:24.903+0000] {logging_mixin.py:188} INFO - [2024-03-05T01:45:24.903+0000] {dag.py:3047} INFO - Sync 1 DAGs
[2024-03-05T01:45:24.912+0000] {logging_mixin.py:188} INFO - [2024-03-05T01:45:24.912+0000] {dag.py:3834} INFO - Setting next_dagrun for example_sensor_decorator to None, run_after=None
[2024-03-05T01:45:24.931+0000] {processor.py:183} INFO - Processing /home/airflow/.local/lib/python3.11/site-packages/airflow/example_dags/example_sensor_decorator.py took 0.058 seconds
[2024-03-05T01:45:55.449+0000] {processor.py:161} INFO - Started process (PID=376) to work on /home/airflow/.local/lib/python3.11/site-packages/airflow/example_dags/example_sensor_decorator.py
[2024-03-05T01:45:55.451+0000] {processor.py:830} INFO - Processing file /home/airflow/.local/lib/python3.11/site-packages/airflow/example_dags/example_sensor_decorator.py for tasks to queue
[2024-03-05T01:45:55.452+0000] {logging_mixin.py:188} INFO - [2024-03-05T01:45:55.452+0000] {dagbag.py:540} INFO - Filling up the DagBag from /home/airflow/.local/lib/python3.11/site-packages/airflow/example_dags/example_sensor_decorator.py
[2024-03-05T01:45:55.457+0000] {processor.py:840} INFO - DAG(s) 'example_sensor_decorator' retrieved from /home/airflow/.local/lib/python3.11/site-packages/airflow/example_dags/example_sensor_decorator.py
[2024-03-05T01:45:55.473+0000] {logging_mixin.py:188} INFO - [2024-03-05T01:45:55.472+0000] {dag.py:3047} INFO - Sync 1 DAGs
[2024-03-05T01:45:55.482+0000] {logging_mixin.py:188} INFO - [2024-03-05T01:45:55.481+0000] {dag.py:3834} INFO - Setting next_dagrun for example_sensor_decorator to None, run_after=None
[2024-03-05T01:45:55.496+0000] {processor.py:183} INFO - Processing /home/airflow/.local/lib/python3.11/site-packages/airflow/example_dags/example_sensor_decorator.py took 0.049 seconds
[2024-03-05T01:46:25.605+0000] {processor.py:161} INFO - Started process (PID=430) to work on /home/airflow/.local/lib/python3.11/site-packages/airflow/example_dags/example_sensor_decorator.py
[2024-03-05T01:46:25.606+0000] {processor.py:830} INFO - Processing file /home/airflow/.local/lib/python3.11/site-packages/airflow/example_dags/example_sensor_decorator.py for tasks to queue
[2024-03-05T01:46:25.608+0000] {logging_mixin.py:188} INFO - [2024-03-05T01:46:25.607+0000] {dagbag.py:540} INFO - Filling up the DagBag from /home/airflow/.local/lib/python3.11/site-packages/airflow/example_dags/example_sensor_decorator.py
[2024-03-05T01:46:25.613+0000] {processor.py:840} INFO - DAG(s) 'example_sensor_decorator' retrieved from /home/airflow/.local/lib/python3.11/site-packages/airflow/example_dags/example_sensor_decorator.py
[2024-03-05T01:46:25.631+0000] {logging_mixin.py:188} INFO - [2024-03-05T01:46:25.630+0000] {dag.py:3047} INFO - Sync 1 DAGs
[2024-03-05T01:46:25.640+0000] {logging_mixin.py:188} INFO - [2024-03-05T01:46:25.640+0000] {dag.py:3834} INFO - Setting next_dagrun for example_sensor_decorator to None, run_after=None
[2024-03-05T01:46:25.658+0000] {processor.py:183} INFO - Processing /home/airflow/.local/lib/python3.11/site-packages/airflow/example_dags/example_sensor_decorator.py took 0.056 seconds
