[2024-03-05T01:42:51.550+0000] {processor.py:161} INFO - Started process (PID=54) to work on /home/airflow/.local/lib/python3.11/site-packages/airflow/example_dags/example_sla_dag.py
[2024-03-05T01:42:51.551+0000] {processor.py:830} INFO - Processing file /home/airflow/.local/lib/python3.11/site-packages/airflow/example_dags/example_sla_dag.py for tasks to queue
[2024-03-05T01:42:51.554+0000] {logging_mixin.py:188} INFO - [2024-03-05T01:42:51.553+0000] {dagbag.py:540} INFO - Filling up the DagBag from /home/airflow/.local/lib/python3.11/site-packages/airflow/example_dags/example_sla_dag.py
[2024-03-05T01:42:51.569+0000] {processor.py:840} INFO - DAG(s) 'example_sla_dag' retrieved from /home/airflow/.local/lib/python3.11/site-packages/airflow/example_dags/example_sla_dag.py
[2024-03-05T01:42:51.580+0000] {logging_mixin.py:188} INFO - [2024-03-05T01:42:51.580+0000] {dag.py:3047} INFO - Sync 1 DAGs
[2024-03-05T01:42:51.598+0000] {logging_mixin.py:188} INFO - [2024-03-05T01:42:51.598+0000] {dag.py:3834} INFO - Setting next_dagrun for example_sla_dag to 2024-03-05 01:40:00+00:00, run_after=2024-03-05 01:42:00+00:00
[2024-03-05T01:42:51.611+0000] {processor.py:183} INFO - Processing /home/airflow/.local/lib/python3.11/site-packages/airflow/example_dags/example_sla_dag.py took 0.068 seconds
[2024-03-05T01:43:22.418+0000] {processor.py:161} INFO - Started process (PID=109) to work on /home/airflow/.local/lib/python3.11/site-packages/airflow/example_dags/example_sla_dag.py
[2024-03-05T01:43:22.420+0000] {processor.py:830} INFO - Processing file /home/airflow/.local/lib/python3.11/site-packages/airflow/example_dags/example_sla_dag.py for tasks to queue
[2024-03-05T01:43:22.421+0000] {logging_mixin.py:188} INFO - [2024-03-05T01:43:22.421+0000] {dagbag.py:540} INFO - Filling up the DagBag from /home/airflow/.local/lib/python3.11/site-packages/airflow/example_dags/example_sla_dag.py
[2024-03-05T01:43:22.429+0000] {processor.py:840} INFO - DAG(s) 'example_sla_dag' retrieved from /home/airflow/.local/lib/python3.11/site-packages/airflow/example_dags/example_sla_dag.py
[2024-03-05T01:43:22.503+0000] {logging_mixin.py:188} INFO - [2024-03-05T01:43:22.503+0000] {dag.py:3047} INFO - Sync 1 DAGs
[2024-03-05T01:43:22.520+0000] {logging_mixin.py:188} INFO - [2024-03-05T01:43:22.520+0000] {dag.py:3834} INFO - Setting next_dagrun for example_sla_dag to 2024-03-05 01:40:00+00:00, run_after=2024-03-05 01:42:00+00:00
[2024-03-05T01:43:22.537+0000] {processor.py:183} INFO - Processing /home/airflow/.local/lib/python3.11/site-packages/airflow/example_dags/example_sla_dag.py took 0.121 seconds
[2024-03-05T01:43:53.275+0000] {processor.py:161} INFO - Started process (PID=164) to work on /home/airflow/.local/lib/python3.11/site-packages/airflow/example_dags/example_sla_dag.py
[2024-03-05T01:43:53.277+0000] {processor.py:830} INFO - Processing file /home/airflow/.local/lib/python3.11/site-packages/airflow/example_dags/example_sla_dag.py for tasks to queue
[2024-03-05T01:43:53.279+0000] {logging_mixin.py:188} INFO - [2024-03-05T01:43:53.278+0000] {dagbag.py:540} INFO - Filling up the DagBag from /home/airflow/.local/lib/python3.11/site-packages/airflow/example_dags/example_sla_dag.py
[2024-03-05T01:43:53.284+0000] {processor.py:840} INFO - DAG(s) 'example_sla_dag' retrieved from /home/airflow/.local/lib/python3.11/site-packages/airflow/example_dags/example_sla_dag.py
[2024-03-05T01:43:53.298+0000] {logging_mixin.py:188} INFO - [2024-03-05T01:43:53.298+0000] {dag.py:3047} INFO - Sync 1 DAGs
[2024-03-05T01:43:53.314+0000] {logging_mixin.py:188} INFO - [2024-03-05T01:43:53.313+0000] {dag.py:3834} INFO - Setting next_dagrun for example_sla_dag to 2024-03-05 01:40:00+00:00, run_after=2024-03-05 01:42:00+00:00
[2024-03-05T01:43:53.328+0000] {processor.py:183} INFO - Processing /home/airflow/.local/lib/python3.11/site-packages/airflow/example_dags/example_sla_dag.py took 0.055 seconds
[2024-03-05T01:44:24.153+0000] {processor.py:161} INFO - Started process (PID=219) to work on /home/airflow/.local/lib/python3.11/site-packages/airflow/example_dags/example_sla_dag.py
[2024-03-05T01:44:24.154+0000] {processor.py:830} INFO - Processing file /home/airflow/.local/lib/python3.11/site-packages/airflow/example_dags/example_sla_dag.py for tasks to queue
[2024-03-05T01:44:24.155+0000] {logging_mixin.py:188} INFO - [2024-03-05T01:44:24.155+0000] {dagbag.py:540} INFO - Filling up the DagBag from /home/airflow/.local/lib/python3.11/site-packages/airflow/example_dags/example_sla_dag.py
[2024-03-05T01:44:24.162+0000] {processor.py:840} INFO - DAG(s) 'example_sla_dag' retrieved from /home/airflow/.local/lib/python3.11/site-packages/airflow/example_dags/example_sla_dag.py
[2024-03-05T01:44:24.183+0000] {logging_mixin.py:188} INFO - [2024-03-05T01:44:24.183+0000] {dag.py:3047} INFO - Sync 1 DAGs
[2024-03-05T01:44:24.208+0000] {logging_mixin.py:188} INFO - [2024-03-05T01:44:24.208+0000] {dag.py:3834} INFO - Setting next_dagrun for example_sla_dag to 2024-03-05 01:42:00+00:00, run_after=2024-03-05 01:44:00+00:00
[2024-03-05T01:44:24.238+0000] {processor.py:183} INFO - Processing /home/airflow/.local/lib/python3.11/site-packages/airflow/example_dags/example_sla_dag.py took 0.089 seconds
[2024-03-05T01:44:54.980+0000] {processor.py:161} INFO - Started process (PID=274) to work on /home/airflow/.local/lib/python3.11/site-packages/airflow/example_dags/example_sla_dag.py
[2024-03-05T01:44:54.981+0000] {processor.py:830} INFO - Processing file /home/airflow/.local/lib/python3.11/site-packages/airflow/example_dags/example_sla_dag.py for tasks to queue
[2024-03-05T01:44:54.983+0000] {logging_mixin.py:188} INFO - [2024-03-05T01:44:54.983+0000] {dagbag.py:540} INFO - Filling up the DagBag from /home/airflow/.local/lib/python3.11/site-packages/airflow/example_dags/example_sla_dag.py
[2024-03-05T01:44:54.989+0000] {processor.py:840} INFO - DAG(s) 'example_sla_dag' retrieved from /home/airflow/.local/lib/python3.11/site-packages/airflow/example_dags/example_sla_dag.py
[2024-03-05T01:44:55.005+0000] {logging_mixin.py:188} INFO - [2024-03-05T01:44:55.005+0000] {dag.py:3047} INFO - Sync 1 DAGs
[2024-03-05T01:44:55.022+0000] {logging_mixin.py:188} INFO - [2024-03-05T01:44:55.022+0000] {dag.py:3834} INFO - Setting next_dagrun for example_sla_dag to 2024-03-05 01:42:00+00:00, run_after=2024-03-05 01:44:00+00:00
[2024-03-05T01:44:55.036+0000] {processor.py:183} INFO - Processing /home/airflow/.local/lib/python3.11/site-packages/airflow/example_dags/example_sla_dag.py took 0.059 seconds
[2024-03-05T01:45:25.417+0000] {processor.py:161} INFO - Started process (PID=329) to work on /home/airflow/.local/lib/python3.11/site-packages/airflow/example_dags/example_sla_dag.py
[2024-03-05T01:45:25.423+0000] {processor.py:830} INFO - Processing file /home/airflow/.local/lib/python3.11/site-packages/airflow/example_dags/example_sla_dag.py for tasks to queue
[2024-03-05T01:45:25.430+0000] {logging_mixin.py:188} INFO - [2024-03-05T01:45:25.428+0000] {dagbag.py:540} INFO - Filling up the DagBag from /home/airflow/.local/lib/python3.11/site-packages/airflow/example_dags/example_sla_dag.py
[2024-03-05T01:45:25.455+0000] {processor.py:840} INFO - DAG(s) 'example_sla_dag' retrieved from /home/airflow/.local/lib/python3.11/site-packages/airflow/example_dags/example_sla_dag.py
[2024-03-05T01:45:25.495+0000] {logging_mixin.py:188} INFO - [2024-03-05T01:45:25.495+0000] {dag.py:3047} INFO - Sync 1 DAGs
[2024-03-05T01:45:25.536+0000] {logging_mixin.py:188} INFO - [2024-03-05T01:45:25.536+0000] {dag.py:3834} INFO - Setting next_dagrun for example_sla_dag to 2024-03-05 01:42:00+00:00, run_after=2024-03-05 01:44:00+00:00
[2024-03-05T01:45:25.558+0000] {processor.py:183} INFO - Processing /home/airflow/.local/lib/python3.11/site-packages/airflow/example_dags/example_sla_dag.py took 0.154 seconds
[2024-03-05T01:45:55.995+0000] {processor.py:161} INFO - Started process (PID=384) to work on /home/airflow/.local/lib/python3.11/site-packages/airflow/example_dags/example_sla_dag.py
[2024-03-05T01:45:55.997+0000] {processor.py:830} INFO - Processing file /home/airflow/.local/lib/python3.11/site-packages/airflow/example_dags/example_sla_dag.py for tasks to queue
[2024-03-05T01:45:55.999+0000] {logging_mixin.py:188} INFO - [2024-03-05T01:45:55.999+0000] {dagbag.py:540} INFO - Filling up the DagBag from /home/airflow/.local/lib/python3.11/site-packages/airflow/example_dags/example_sla_dag.py
[2024-03-05T01:45:56.006+0000] {processor.py:840} INFO - DAG(s) 'example_sla_dag' retrieved from /home/airflow/.local/lib/python3.11/site-packages/airflow/example_dags/example_sla_dag.py
[2024-03-05T01:45:56.021+0000] {logging_mixin.py:188} INFO - [2024-03-05T01:45:56.021+0000] {dag.py:3047} INFO - Sync 1 DAGs
[2024-03-05T01:45:56.039+0000] {logging_mixin.py:188} INFO - [2024-03-05T01:45:56.038+0000] {dag.py:3834} INFO - Setting next_dagrun for example_sla_dag to 2024-03-05 01:42:00+00:00, run_after=2024-03-05 01:44:00+00:00
[2024-03-05T01:45:56.057+0000] {processor.py:183} INFO - Processing /home/airflow/.local/lib/python3.11/site-packages/airflow/example_dags/example_sla_dag.py took 0.065 seconds
[2024-03-05T01:46:26.123+0000] {processor.py:161} INFO - Started process (PID=439) to work on /home/airflow/.local/lib/python3.11/site-packages/airflow/example_dags/example_sla_dag.py
[2024-03-05T01:46:26.124+0000] {processor.py:830} INFO - Processing file /home/airflow/.local/lib/python3.11/site-packages/airflow/example_dags/example_sla_dag.py for tasks to queue
[2024-03-05T01:46:26.127+0000] {logging_mixin.py:188} INFO - [2024-03-05T01:46:26.126+0000] {dagbag.py:540} INFO - Filling up the DagBag from /home/airflow/.local/lib/python3.11/site-packages/airflow/example_dags/example_sla_dag.py
[2024-03-05T01:46:26.134+0000] {processor.py:840} INFO - DAG(s) 'example_sla_dag' retrieved from /home/airflow/.local/lib/python3.11/site-packages/airflow/example_dags/example_sla_dag.py
[2024-03-05T01:46:26.152+0000] {logging_mixin.py:188} INFO - [2024-03-05T01:46:26.152+0000] {dag.py:3047} INFO - Sync 1 DAGs
[2024-03-05T01:46:26.168+0000] {logging_mixin.py:188} INFO - [2024-03-05T01:46:26.168+0000] {dag.py:3834} INFO - Setting next_dagrun for example_sla_dag to 2024-03-05 01:44:00+00:00, run_after=2024-03-05 01:46:00+00:00
[2024-03-05T01:46:26.184+0000] {processor.py:183} INFO - Processing /home/airflow/.local/lib/python3.11/site-packages/airflow/example_dags/example_sla_dag.py took 0.064 seconds
