[2024-03-05T01:42:51.444+0000] {processor.py:161} INFO - Started process (PID=52) to work on /home/airflow/.local/lib/python3.11/site-packages/airflow/example_dags/example_params_ui_tutorial.py
[2024-03-05T01:42:51.446+0000] {processor.py:830} INFO - Processing file /home/airflow/.local/lib/python3.11/site-packages/airflow/example_dags/example_params_ui_tutorial.py for tasks to queue
[2024-03-05T01:42:51.449+0000] {logging_mixin.py:188} INFO - [2024-03-05T01:42:51.448+0000] {dagbag.py:540} INFO - Filling up the DagBag from /home/airflow/.local/lib/python3.11/site-packages/airflow/example_dags/example_params_ui_tutorial.py
[2024-03-05T01:42:51.467+0000] {processor.py:840} INFO - DAG(s) 'example_params_ui_tutorial' retrieved from /home/airflow/.local/lib/python3.11/site-packages/airflow/example_dags/example_params_ui_tutorial.py
[2024-03-05T01:42:51.479+0000] {logging_mixin.py:188} INFO - [2024-03-05T01:42:51.479+0000] {dag.py:3047} INFO - Sync 1 DAGs
[2024-03-05T01:42:51.493+0000] {logging_mixin.py:188} INFO - [2024-03-05T01:42:51.492+0000] {dag.py:3834} INFO - Setting next_dagrun for example_params_ui_tutorial to None, run_after=None
[2024-03-05T01:42:51.513+0000] {processor.py:183} INFO - Processing /home/airflow/.local/lib/python3.11/site-packages/airflow/example_dags/example_params_ui_tutorial.py took 0.071 seconds
[2024-03-05T01:43:22.248+0000] {processor.py:161} INFO - Started process (PID=107) to work on /home/airflow/.local/lib/python3.11/site-packages/airflow/example_dags/example_params_ui_tutorial.py
[2024-03-05T01:43:22.250+0000] {processor.py:830} INFO - Processing file /home/airflow/.local/lib/python3.11/site-packages/airflow/example_dags/example_params_ui_tutorial.py for tasks to queue
[2024-03-05T01:43:22.252+0000] {logging_mixin.py:188} INFO - [2024-03-05T01:43:22.252+0000] {dagbag.py:540} INFO - Filling up the DagBag from /home/airflow/.local/lib/python3.11/site-packages/airflow/example_dags/example_params_ui_tutorial.py
[2024-03-05T01:43:22.262+0000] {processor.py:840} INFO - DAG(s) 'example_params_ui_tutorial' retrieved from /home/airflow/.local/lib/python3.11/site-packages/airflow/example_dags/example_params_ui_tutorial.py
[2024-03-05T01:43:22.357+0000] {logging_mixin.py:188} INFO - [2024-03-05T01:43:22.357+0000] {dag.py:3047} INFO - Sync 1 DAGs
[2024-03-05T01:43:22.366+0000] {logging_mixin.py:188} INFO - [2024-03-05T01:43:22.366+0000] {dag.py:3834} INFO - Setting next_dagrun for example_params_ui_tutorial to None, run_after=None
[2024-03-05T01:43:22.385+0000] {processor.py:183} INFO - Processing /home/airflow/.local/lib/python3.11/site-packages/airflow/example_dags/example_params_ui_tutorial.py took 0.140 seconds
[2024-03-05T01:43:53.182+0000] {processor.py:161} INFO - Started process (PID=162) to work on /home/airflow/.local/lib/python3.11/site-packages/airflow/example_dags/example_params_ui_tutorial.py
[2024-03-05T01:43:53.183+0000] {processor.py:830} INFO - Processing file /home/airflow/.local/lib/python3.11/site-packages/airflow/example_dags/example_params_ui_tutorial.py for tasks to queue
[2024-03-05T01:43:53.185+0000] {logging_mixin.py:188} INFO - [2024-03-05T01:43:53.184+0000] {dagbag.py:540} INFO - Filling up the DagBag from /home/airflow/.local/lib/python3.11/site-packages/airflow/example_dags/example_params_ui_tutorial.py
[2024-03-05T01:43:53.193+0000] {processor.py:840} INFO - DAG(s) 'example_params_ui_tutorial' retrieved from /home/airflow/.local/lib/python3.11/site-packages/airflow/example_dags/example_params_ui_tutorial.py
[2024-03-05T01:43:53.226+0000] {logging_mixin.py:188} INFO - [2024-03-05T01:43:53.226+0000] {dag.py:3047} INFO - Sync 1 DAGs
[2024-03-05T01:43:53.234+0000] {logging_mixin.py:188} INFO - [2024-03-05T01:43:53.234+0000] {dag.py:3834} INFO - Setting next_dagrun for example_params_ui_tutorial to None, run_after=None
[2024-03-05T01:43:53.248+0000] {processor.py:183} INFO - Processing /home/airflow/.local/lib/python3.11/site-packages/airflow/example_dags/example_params_ui_tutorial.py took 0.069 seconds
[2024-03-05T01:44:24.045+0000] {processor.py:161} INFO - Started process (PID=217) to work on /home/airflow/.local/lib/python3.11/site-packages/airflow/example_dags/example_params_ui_tutorial.py
[2024-03-05T01:44:24.047+0000] {processor.py:830} INFO - Processing file /home/airflow/.local/lib/python3.11/site-packages/airflow/example_dags/example_params_ui_tutorial.py for tasks to queue
[2024-03-05T01:44:24.049+0000] {logging_mixin.py:188} INFO - [2024-03-05T01:44:24.049+0000] {dagbag.py:540} INFO - Filling up the DagBag from /home/airflow/.local/lib/python3.11/site-packages/airflow/example_dags/example_params_ui_tutorial.py
[2024-03-05T01:44:24.058+0000] {processor.py:840} INFO - DAG(s) 'example_params_ui_tutorial' retrieved from /home/airflow/.local/lib/python3.11/site-packages/airflow/example_dags/example_params_ui_tutorial.py
[2024-03-05T01:44:24.095+0000] {logging_mixin.py:188} INFO - [2024-03-05T01:44:24.092+0000] {dag.py:3047} INFO - Sync 1 DAGs
[2024-03-05T01:44:24.104+0000] {logging_mixin.py:188} INFO - [2024-03-05T01:44:24.104+0000] {dag.py:3834} INFO - Setting next_dagrun for example_params_ui_tutorial to None, run_after=None
[2024-03-05T01:44:24.119+0000] {processor.py:183} INFO - Processing /home/airflow/.local/lib/python3.11/site-packages/airflow/example_dags/example_params_ui_tutorial.py took 0.076 seconds
[2024-03-05T01:44:54.874+0000] {processor.py:161} INFO - Started process (PID=272) to work on /home/airflow/.local/lib/python3.11/site-packages/airflow/example_dags/example_params_ui_tutorial.py
[2024-03-05T01:44:54.875+0000] {processor.py:830} INFO - Processing file /home/airflow/.local/lib/python3.11/site-packages/airflow/example_dags/example_params_ui_tutorial.py for tasks to queue
[2024-03-05T01:44:54.877+0000] {logging_mixin.py:188} INFO - [2024-03-05T01:44:54.877+0000] {dagbag.py:540} INFO - Filling up the DagBag from /home/airflow/.local/lib/python3.11/site-packages/airflow/example_dags/example_params_ui_tutorial.py
[2024-03-05T01:44:54.885+0000] {processor.py:840} INFO - DAG(s) 'example_params_ui_tutorial' retrieved from /home/airflow/.local/lib/python3.11/site-packages/airflow/example_dags/example_params_ui_tutorial.py
[2024-03-05T01:44:54.921+0000] {logging_mixin.py:188} INFO - [2024-03-05T01:44:54.921+0000] {dag.py:3047} INFO - Sync 1 DAGs
[2024-03-05T01:44:54.930+0000] {logging_mixin.py:188} INFO - [2024-03-05T01:44:54.929+0000] {dag.py:3834} INFO - Setting next_dagrun for example_params_ui_tutorial to None, run_after=None
[2024-03-05T01:44:54.946+0000] {processor.py:183} INFO - Processing /home/airflow/.local/lib/python3.11/site-packages/airflow/example_dags/example_params_ui_tutorial.py took 0.075 seconds
[2024-03-05T01:45:25.231+0000] {processor.py:161} INFO - Started process (PID=327) to work on /home/airflow/.local/lib/python3.11/site-packages/airflow/example_dags/example_params_ui_tutorial.py
[2024-03-05T01:45:25.233+0000] {processor.py:830} INFO - Processing file /home/airflow/.local/lib/python3.11/site-packages/airflow/example_dags/example_params_ui_tutorial.py for tasks to queue
[2024-03-05T01:45:25.234+0000] {logging_mixin.py:188} INFO - [2024-03-05T01:45:25.234+0000] {dagbag.py:540} INFO - Filling up the DagBag from /home/airflow/.local/lib/python3.11/site-packages/airflow/example_dags/example_params_ui_tutorial.py
[2024-03-05T01:45:25.243+0000] {processor.py:840} INFO - DAG(s) 'example_params_ui_tutorial' retrieved from /home/airflow/.local/lib/python3.11/site-packages/airflow/example_dags/example_params_ui_tutorial.py
[2024-03-05T01:45:25.283+0000] {logging_mixin.py:188} INFO - [2024-03-05T01:45:25.283+0000] {dag.py:3047} INFO - Sync 1 DAGs
[2024-03-05T01:45:25.297+0000] {logging_mixin.py:188} INFO - [2024-03-05T01:45:25.297+0000] {dag.py:3834} INFO - Setting next_dagrun for example_params_ui_tutorial to None, run_after=None
[2024-03-05T01:45:25.331+0000] {processor.py:183} INFO - Processing /home/airflow/.local/lib/python3.11/site-packages/airflow/example_dags/example_params_ui_tutorial.py took 0.102 seconds
[2024-03-05T01:45:55.853+0000] {processor.py:161} INFO - Started process (PID=382) to work on /home/airflow/.local/lib/python3.11/site-packages/airflow/example_dags/example_params_ui_tutorial.py
[2024-03-05T01:45:55.855+0000] {processor.py:830} INFO - Processing file /home/airflow/.local/lib/python3.11/site-packages/airflow/example_dags/example_params_ui_tutorial.py for tasks to queue
[2024-03-05T01:45:55.859+0000] {logging_mixin.py:188} INFO - [2024-03-05T01:45:55.859+0000] {dagbag.py:540} INFO - Filling up the DagBag from /home/airflow/.local/lib/python3.11/site-packages/airflow/example_dags/example_params_ui_tutorial.py
[2024-03-05T01:45:55.877+0000] {processor.py:840} INFO - DAG(s) 'example_params_ui_tutorial' retrieved from /home/airflow/.local/lib/python3.11/site-packages/airflow/example_dags/example_params_ui_tutorial.py
[2024-03-05T01:45:55.936+0000] {logging_mixin.py:188} INFO - [2024-03-05T01:45:55.936+0000] {dag.py:3047} INFO - Sync 1 DAGs
[2024-03-05T01:45:55.946+0000] {logging_mixin.py:188} INFO - [2024-03-05T01:45:55.946+0000] {dag.py:3834} INFO - Setting next_dagrun for example_params_ui_tutorial to None, run_after=None
[2024-03-05T01:45:56.057+0000] {processor.py:183} INFO - Processing /home/airflow/.local/lib/python3.11/site-packages/airflow/example_dags/example_params_ui_tutorial.py took 0.210 seconds
[2024-03-05T01:46:26.123+0000] {processor.py:161} INFO - Started process (PID=438) to work on /home/airflow/.local/lib/python3.11/site-packages/airflow/example_dags/example_params_ui_tutorial.py
[2024-03-05T01:46:26.124+0000] {processor.py:830} INFO - Processing file /home/airflow/.local/lib/python3.11/site-packages/airflow/example_dags/example_params_ui_tutorial.py for tasks to queue
[2024-03-05T01:46:26.127+0000] {logging_mixin.py:188} INFO - [2024-03-05T01:46:26.126+0000] {dagbag.py:540} INFO - Filling up the DagBag from /home/airflow/.local/lib/python3.11/site-packages/airflow/example_dags/example_params_ui_tutorial.py
[2024-03-05T01:46:26.137+0000] {processor.py:840} INFO - DAG(s) 'example_params_ui_tutorial' retrieved from /home/airflow/.local/lib/python3.11/site-packages/airflow/example_dags/example_params_ui_tutorial.py
[2024-03-05T01:46:26.171+0000] {logging_mixin.py:188} INFO - [2024-03-05T01:46:26.171+0000] {dag.py:3047} INFO - Sync 1 DAGs
[2024-03-05T01:46:26.179+0000] {logging_mixin.py:188} INFO - [2024-03-05T01:46:26.179+0000] {dag.py:3834} INFO - Setting next_dagrun for example_params_ui_tutorial to None, run_after=None
[2024-03-05T01:46:26.196+0000] {processor.py:183} INFO - Processing /home/airflow/.local/lib/python3.11/site-packages/airflow/example_dags/example_params_ui_tutorial.py took 0.077 seconds
