[2024-03-05T01:42:52.716+0000] {processor.py:161} INFO - Started process (PID=78) to work on /home/airflow/.local/lib/python3.11/site-packages/airflow/example_dags/example_trigger_target_dag.py
[2024-03-05T01:42:52.718+0000] {processor.py:830} INFO - Processing file /home/airflow/.local/lib/python3.11/site-packages/airflow/example_dags/example_trigger_target_dag.py for tasks to queue
[2024-03-05T01:42:52.720+0000] {logging_mixin.py:188} INFO - [2024-03-05T01:42:52.720+0000] {dagbag.py:540} INFO - Filling up the DagBag from /home/airflow/.local/lib/python3.11/site-packages/airflow/example_dags/example_trigger_target_dag.py
[2024-03-05T01:42:52.725+0000] {processor.py:840} INFO - DAG(s) 'example_trigger_target_dag' retrieved from /home/airflow/.local/lib/python3.11/site-packages/airflow/example_dags/example_trigger_target_dag.py
[2024-03-05T01:42:52.734+0000] {logging_mixin.py:188} INFO - [2024-03-05T01:42:52.734+0000] {dag.py:3047} INFO - Sync 1 DAGs
[2024-03-05T01:42:52.744+0000] {logging_mixin.py:188} INFO - [2024-03-05T01:42:52.744+0000] {dag.py:3834} INFO - Setting next_dagrun for example_trigger_target_dag to None, run_after=None
[2024-03-05T01:42:52.760+0000] {processor.py:183} INFO - Processing /home/airflow/.local/lib/python3.11/site-packages/airflow/example_dags/example_trigger_target_dag.py took 0.048 seconds
[2024-03-05T01:43:24.547+0000] {processor.py:161} INFO - Started process (PID=133) to work on /home/airflow/.local/lib/python3.11/site-packages/airflow/example_dags/example_trigger_target_dag.py
[2024-03-05T01:43:24.548+0000] {processor.py:830} INFO - Processing file /home/airflow/.local/lib/python3.11/site-packages/airflow/example_dags/example_trigger_target_dag.py for tasks to queue
[2024-03-05T01:43:24.551+0000] {logging_mixin.py:188} INFO - [2024-03-05T01:43:24.550+0000] {dagbag.py:540} INFO - Filling up the DagBag from /home/airflow/.local/lib/python3.11/site-packages/airflow/example_dags/example_trigger_target_dag.py
[2024-03-05T01:43:24.557+0000] {processor.py:840} INFO - DAG(s) 'example_trigger_target_dag' retrieved from /home/airflow/.local/lib/python3.11/site-packages/airflow/example_dags/example_trigger_target_dag.py
[2024-03-05T01:43:24.626+0000] {logging_mixin.py:188} INFO - [2024-03-05T01:43:24.625+0000] {dag.py:3047} INFO - Sync 1 DAGs
[2024-03-05T01:43:24.634+0000] {logging_mixin.py:188} INFO - [2024-03-05T01:43:24.634+0000] {dag.py:3834} INFO - Setting next_dagrun for example_trigger_target_dag to None, run_after=None
[2024-03-05T01:43:24.648+0000] {processor.py:183} INFO - Processing /home/airflow/.local/lib/python3.11/site-packages/airflow/example_dags/example_trigger_target_dag.py took 0.105 seconds
[2024-03-05T01:43:54.720+0000] {processor.py:161} INFO - Started process (PID=188) to work on /home/airflow/.local/lib/python3.11/site-packages/airflow/example_dags/example_trigger_target_dag.py
[2024-03-05T01:43:54.721+0000] {processor.py:830} INFO - Processing file /home/airflow/.local/lib/python3.11/site-packages/airflow/example_dags/example_trigger_target_dag.py for tasks to queue
[2024-03-05T01:43:54.723+0000] {logging_mixin.py:188} INFO - [2024-03-05T01:43:54.723+0000] {dagbag.py:540} INFO - Filling up the DagBag from /home/airflow/.local/lib/python3.11/site-packages/airflow/example_dags/example_trigger_target_dag.py
[2024-03-05T01:43:54.728+0000] {processor.py:840} INFO - DAG(s) 'example_trigger_target_dag' retrieved from /home/airflow/.local/lib/python3.11/site-packages/airflow/example_dags/example_trigger_target_dag.py
[2024-03-05T01:43:54.742+0000] {logging_mixin.py:188} INFO - [2024-03-05T01:43:54.742+0000] {dag.py:3047} INFO - Sync 1 DAGs
[2024-03-05T01:43:54.751+0000] {logging_mixin.py:188} INFO - [2024-03-05T01:43:54.750+0000] {dag.py:3834} INFO - Setting next_dagrun for example_trigger_target_dag to None, run_after=None
[2024-03-05T01:43:54.765+0000] {processor.py:183} INFO - Processing /home/airflow/.local/lib/python3.11/site-packages/airflow/example_dags/example_trigger_target_dag.py took 0.048 seconds
[2024-03-05T01:44:25.581+0000] {processor.py:161} INFO - Started process (PID=243) to work on /home/airflow/.local/lib/python3.11/site-packages/airflow/example_dags/example_trigger_target_dag.py
[2024-03-05T01:44:25.582+0000] {processor.py:830} INFO - Processing file /home/airflow/.local/lib/python3.11/site-packages/airflow/example_dags/example_trigger_target_dag.py for tasks to queue
[2024-03-05T01:44:25.584+0000] {logging_mixin.py:188} INFO - [2024-03-05T01:44:25.584+0000] {dagbag.py:540} INFO - Filling up the DagBag from /home/airflow/.local/lib/python3.11/site-packages/airflow/example_dags/example_trigger_target_dag.py
[2024-03-05T01:44:25.589+0000] {processor.py:840} INFO - DAG(s) 'example_trigger_target_dag' retrieved from /home/airflow/.local/lib/python3.11/site-packages/airflow/example_dags/example_trigger_target_dag.py
[2024-03-05T01:44:25.603+0000] {logging_mixin.py:188} INFO - [2024-03-05T01:44:25.603+0000] {dag.py:3047} INFO - Sync 1 DAGs
[2024-03-05T01:44:25.612+0000] {logging_mixin.py:188} INFO - [2024-03-05T01:44:25.612+0000] {dag.py:3834} INFO - Setting next_dagrun for example_trigger_target_dag to None, run_after=None
[2024-03-05T01:44:25.628+0000] {processor.py:183} INFO - Processing /home/airflow/.local/lib/python3.11/site-packages/airflow/example_dags/example_trigger_target_dag.py took 0.049 seconds
[2024-03-05T01:44:56.064+0000] {processor.py:161} INFO - Started process (PID=298) to work on /home/airflow/.local/lib/python3.11/site-packages/airflow/example_dags/example_trigger_target_dag.py
[2024-03-05T01:44:56.065+0000] {processor.py:830} INFO - Processing file /home/airflow/.local/lib/python3.11/site-packages/airflow/example_dags/example_trigger_target_dag.py for tasks to queue
[2024-03-05T01:44:56.067+0000] {logging_mixin.py:188} INFO - [2024-03-05T01:44:56.067+0000] {dagbag.py:540} INFO - Filling up the DagBag from /home/airflow/.local/lib/python3.11/site-packages/airflow/example_dags/example_trigger_target_dag.py
[2024-03-05T01:44:56.072+0000] {processor.py:840} INFO - DAG(s) 'example_trigger_target_dag' retrieved from /home/airflow/.local/lib/python3.11/site-packages/airflow/example_dags/example_trigger_target_dag.py
[2024-03-05T01:44:56.088+0000] {logging_mixin.py:188} INFO - [2024-03-05T01:44:56.088+0000] {dag.py:3047} INFO - Sync 1 DAGs
[2024-03-05T01:44:56.096+0000] {logging_mixin.py:188} INFO - [2024-03-05T01:44:56.096+0000] {dag.py:3834} INFO - Setting next_dagrun for example_trigger_target_dag to None, run_after=None
[2024-03-05T01:44:56.112+0000] {processor.py:183} INFO - Processing /home/airflow/.local/lib/python3.11/site-packages/airflow/example_dags/example_trigger_target_dag.py took 0.051 seconds
[2024-03-05T01:45:26.651+0000] {processor.py:161} INFO - Started process (PID=353) to work on /home/airflow/.local/lib/python3.11/site-packages/airflow/example_dags/example_trigger_target_dag.py
[2024-03-05T01:45:26.652+0000] {processor.py:830} INFO - Processing file /home/airflow/.local/lib/python3.11/site-packages/airflow/example_dags/example_trigger_target_dag.py for tasks to queue
[2024-03-05T01:45:26.653+0000] {logging_mixin.py:188} INFO - [2024-03-05T01:45:26.653+0000] {dagbag.py:540} INFO - Filling up the DagBag from /home/airflow/.local/lib/python3.11/site-packages/airflow/example_dags/example_trigger_target_dag.py
[2024-03-05T01:45:26.658+0000] {processor.py:840} INFO - DAG(s) 'example_trigger_target_dag' retrieved from /home/airflow/.local/lib/python3.11/site-packages/airflow/example_dags/example_trigger_target_dag.py
[2024-03-05T01:45:26.673+0000] {logging_mixin.py:188} INFO - [2024-03-05T01:45:26.673+0000] {dag.py:3047} INFO - Sync 1 DAGs
[2024-03-05T01:45:26.682+0000] {logging_mixin.py:188} INFO - [2024-03-05T01:45:26.681+0000] {dag.py:3834} INFO - Setting next_dagrun for example_trigger_target_dag to None, run_after=None
[2024-03-05T01:45:26.695+0000] {processor.py:183} INFO - Processing /home/airflow/.local/lib/python3.11/site-packages/airflow/example_dags/example_trigger_target_dag.py took 0.047 seconds
[2024-03-05T01:45:57.672+0000] {processor.py:161} INFO - Started process (PID=408) to work on /home/airflow/.local/lib/python3.11/site-packages/airflow/example_dags/example_trigger_target_dag.py
[2024-03-05T01:45:57.673+0000] {processor.py:830} INFO - Processing file /home/airflow/.local/lib/python3.11/site-packages/airflow/example_dags/example_trigger_target_dag.py for tasks to queue
[2024-03-05T01:45:57.675+0000] {logging_mixin.py:188} INFO - [2024-03-05T01:45:57.675+0000] {dagbag.py:540} INFO - Filling up the DagBag from /home/airflow/.local/lib/python3.11/site-packages/airflow/example_dags/example_trigger_target_dag.py
[2024-03-05T01:45:57.680+0000] {processor.py:840} INFO - DAG(s) 'example_trigger_target_dag' retrieved from /home/airflow/.local/lib/python3.11/site-packages/airflow/example_dags/example_trigger_target_dag.py
[2024-03-05T01:45:57.698+0000] {logging_mixin.py:188} INFO - [2024-03-05T01:45:57.696+0000] {dag.py:3047} INFO - Sync 1 DAGs
[2024-03-05T01:45:57.706+0000] {logging_mixin.py:188} INFO - [2024-03-05T01:45:57.706+0000] {dag.py:3834} INFO - Setting next_dagrun for example_trigger_target_dag to None, run_after=None
[2024-03-05T01:45:57.723+0000] {processor.py:183} INFO - Processing /home/airflow/.local/lib/python3.11/site-packages/airflow/example_dags/example_trigger_target_dag.py took 0.053 seconds
[2024-03-05T01:46:27.932+0000] {processor.py:161} INFO - Started process (PID=463) to work on /home/airflow/.local/lib/python3.11/site-packages/airflow/example_dags/example_trigger_target_dag.py
[2024-03-05T01:46:27.934+0000] {processor.py:830} INFO - Processing file /home/airflow/.local/lib/python3.11/site-packages/airflow/example_dags/example_trigger_target_dag.py for tasks to queue
[2024-03-05T01:46:27.937+0000] {logging_mixin.py:188} INFO - [2024-03-05T01:46:27.935+0000] {dagbag.py:540} INFO - Filling up the DagBag from /home/airflow/.local/lib/python3.11/site-packages/airflow/example_dags/example_trigger_target_dag.py
[2024-03-05T01:46:27.942+0000] {processor.py:840} INFO - DAG(s) 'example_trigger_target_dag' retrieved from /home/airflow/.local/lib/python3.11/site-packages/airflow/example_dags/example_trigger_target_dag.py
[2024-03-05T01:46:27.956+0000] {logging_mixin.py:188} INFO - [2024-03-05T01:46:27.956+0000] {dag.py:3047} INFO - Sync 1 DAGs
[2024-03-05T01:46:27.965+0000] {logging_mixin.py:188} INFO - [2024-03-05T01:46:27.965+0000] {dag.py:3834} INFO - Setting next_dagrun for example_trigger_target_dag to None, run_after=None
[2024-03-05T01:46:27.982+0000] {processor.py:183} INFO - Processing /home/airflow/.local/lib/python3.11/site-packages/airflow/example_dags/example_trigger_target_dag.py took 0.056 seconds
