[2024-03-05T01:42:51.604+0000] {processor.py:161} INFO - Started process (PID=55) to work on /home/airflow/.local/lib/python3.11/site-packages/airflow/example_dags/example_short_circuit_operator.py
[2024-03-05T01:42:51.605+0000] {processor.py:830} INFO - Processing file /home/airflow/.local/lib/python3.11/site-packages/airflow/example_dags/example_short_circuit_operator.py for tasks to queue
[2024-03-05T01:42:51.607+0000] {logging_mixin.py:188} INFO - [2024-03-05T01:42:51.607+0000] {dagbag.py:540} INFO - Filling up the DagBag from /home/airflow/.local/lib/python3.11/site-packages/airflow/example_dags/example_short_circuit_operator.py
[2024-03-05T01:42:51.619+0000] {processor.py:840} INFO - DAG(s) 'example_short_circuit_operator' retrieved from /home/airflow/.local/lib/python3.11/site-packages/airflow/example_dags/example_short_circuit_operator.py
[2024-03-05T01:42:51.633+0000] {logging_mixin.py:188} INFO - [2024-03-05T01:42:51.633+0000] {dag.py:3047} INFO - Sync 1 DAGs
[2024-03-05T01:42:51.661+0000] {logging_mixin.py:188} INFO - [2024-03-05T01:42:51.661+0000] {dag.py:3834} INFO - Setting next_dagrun for example_short_circuit_operator to 2024-03-04 00:00:00+00:00, run_after=2024-03-05 00:00:00+00:00
[2024-03-05T01:42:51.684+0000] {processor.py:183} INFO - Processing /home/airflow/.local/lib/python3.11/site-packages/airflow/example_dags/example_short_circuit_operator.py took 0.083 seconds
[2024-03-05T01:43:22.456+0000] {processor.py:161} INFO - Started process (PID=110) to work on /home/airflow/.local/lib/python3.11/site-packages/airflow/example_dags/example_short_circuit_operator.py
[2024-03-05T01:43:22.457+0000] {processor.py:830} INFO - Processing file /home/airflow/.local/lib/python3.11/site-packages/airflow/example_dags/example_short_circuit_operator.py for tasks to queue
[2024-03-05T01:43:22.459+0000] {logging_mixin.py:188} INFO - [2024-03-05T01:43:22.459+0000] {dagbag.py:540} INFO - Filling up the DagBag from /home/airflow/.local/lib/python3.11/site-packages/airflow/example_dags/example_short_circuit_operator.py
[2024-03-05T01:43:22.465+0000] {processor.py:840} INFO - DAG(s) 'example_short_circuit_operator' retrieved from /home/airflow/.local/lib/python3.11/site-packages/airflow/example_dags/example_short_circuit_operator.py
[2024-03-05T01:43:22.543+0000] {logging_mixin.py:188} INFO - [2024-03-05T01:43:22.543+0000] {dag.py:3047} INFO - Sync 1 DAGs
[2024-03-05T01:43:22.561+0000] {logging_mixin.py:188} INFO - [2024-03-05T01:43:22.560+0000] {dag.py:3834} INFO - Setting next_dagrun for example_short_circuit_operator to 2024-03-04 00:00:00+00:00, run_after=2024-03-05 00:00:00+00:00
[2024-03-05T01:43:22.581+0000] {processor.py:183} INFO - Processing /home/airflow/.local/lib/python3.11/site-packages/airflow/example_dags/example_short_circuit_operator.py took 0.128 seconds
[2024-03-05T01:43:53.376+0000] {processor.py:161} INFO - Started process (PID=165) to work on /home/airflow/.local/lib/python3.11/site-packages/airflow/example_dags/example_short_circuit_operator.py
[2024-03-05T01:43:53.377+0000] {processor.py:830} INFO - Processing file /home/airflow/.local/lib/python3.11/site-packages/airflow/example_dags/example_short_circuit_operator.py for tasks to queue
[2024-03-05T01:43:53.379+0000] {logging_mixin.py:188} INFO - [2024-03-05T01:43:53.379+0000] {dagbag.py:540} INFO - Filling up the DagBag from /home/airflow/.local/lib/python3.11/site-packages/airflow/example_dags/example_short_circuit_operator.py
[2024-03-05T01:43:53.385+0000] {processor.py:840} INFO - DAG(s) 'example_short_circuit_operator' retrieved from /home/airflow/.local/lib/python3.11/site-packages/airflow/example_dags/example_short_circuit_operator.py
[2024-03-05T01:43:53.402+0000] {logging_mixin.py:188} INFO - [2024-03-05T01:43:53.402+0000] {dag.py:3047} INFO - Sync 1 DAGs
[2024-03-05T01:43:53.418+0000] {logging_mixin.py:188} INFO - [2024-03-05T01:43:53.417+0000] {dag.py:3834} INFO - Setting next_dagrun for example_short_circuit_operator to 2024-03-04 00:00:00+00:00, run_after=2024-03-05 00:00:00+00:00
[2024-03-05T01:43:53.434+0000] {processor.py:183} INFO - Processing /home/airflow/.local/lib/python3.11/site-packages/airflow/example_dags/example_short_circuit_operator.py took 0.060 seconds
[2024-03-05T01:44:24.256+0000] {processor.py:161} INFO - Started process (PID=220) to work on /home/airflow/.local/lib/python3.11/site-packages/airflow/example_dags/example_short_circuit_operator.py
[2024-03-05T01:44:24.257+0000] {processor.py:830} INFO - Processing file /home/airflow/.local/lib/python3.11/site-packages/airflow/example_dags/example_short_circuit_operator.py for tasks to queue
[2024-03-05T01:44:24.260+0000] {logging_mixin.py:188} INFO - [2024-03-05T01:44:24.260+0000] {dagbag.py:540} INFO - Filling up the DagBag from /home/airflow/.local/lib/python3.11/site-packages/airflow/example_dags/example_short_circuit_operator.py
[2024-03-05T01:44:24.266+0000] {processor.py:840} INFO - DAG(s) 'example_short_circuit_operator' retrieved from /home/airflow/.local/lib/python3.11/site-packages/airflow/example_dags/example_short_circuit_operator.py
[2024-03-05T01:44:24.289+0000] {logging_mixin.py:188} INFO - [2024-03-05T01:44:24.289+0000] {dag.py:3047} INFO - Sync 1 DAGs
[2024-03-05T01:44:24.305+0000] {logging_mixin.py:188} INFO - [2024-03-05T01:44:24.305+0000] {dag.py:3834} INFO - Setting next_dagrun for example_short_circuit_operator to 2024-03-04 00:00:00+00:00, run_after=2024-03-05 00:00:00+00:00
[2024-03-05T01:44:24.322+0000] {processor.py:183} INFO - Processing /home/airflow/.local/lib/python3.11/site-packages/airflow/example_dags/example_short_circuit_operator.py took 0.069 seconds
[2024-03-05T01:44:55.041+0000] {processor.py:161} INFO - Started process (PID=275) to work on /home/airflow/.local/lib/python3.11/site-packages/airflow/example_dags/example_short_circuit_operator.py
[2024-03-05T01:44:55.042+0000] {processor.py:830} INFO - Processing file /home/airflow/.local/lib/python3.11/site-packages/airflow/example_dags/example_short_circuit_operator.py for tasks to queue
[2024-03-05T01:44:55.044+0000] {logging_mixin.py:188} INFO - [2024-03-05T01:44:55.044+0000] {dagbag.py:540} INFO - Filling up the DagBag from /home/airflow/.local/lib/python3.11/site-packages/airflow/example_dags/example_short_circuit_operator.py
[2024-03-05T01:44:55.050+0000] {processor.py:840} INFO - DAG(s) 'example_short_circuit_operator' retrieved from /home/airflow/.local/lib/python3.11/site-packages/airflow/example_dags/example_short_circuit_operator.py
[2024-03-05T01:44:55.066+0000] {logging_mixin.py:188} INFO - [2024-03-05T01:44:55.066+0000] {dag.py:3047} INFO - Sync 1 DAGs
[2024-03-05T01:44:55.081+0000] {logging_mixin.py:188} INFO - [2024-03-05T01:44:55.081+0000] {dag.py:3834} INFO - Setting next_dagrun for example_short_circuit_operator to 2024-03-04 00:00:00+00:00, run_after=2024-03-05 00:00:00+00:00
[2024-03-05T01:44:55.096+0000] {processor.py:183} INFO - Processing /home/airflow/.local/lib/python3.11/site-packages/airflow/example_dags/example_short_circuit_operator.py took 0.057 seconds
[2024-03-05T01:45:25.598+0000] {processor.py:161} INFO - Started process (PID=330) to work on /home/airflow/.local/lib/python3.11/site-packages/airflow/example_dags/example_short_circuit_operator.py
[2024-03-05T01:45:25.601+0000] {processor.py:830} INFO - Processing file /home/airflow/.local/lib/python3.11/site-packages/airflow/example_dags/example_short_circuit_operator.py for tasks to queue
[2024-03-05T01:45:25.605+0000] {logging_mixin.py:188} INFO - [2024-03-05T01:45:25.605+0000] {dagbag.py:540} INFO - Filling up the DagBag from /home/airflow/.local/lib/python3.11/site-packages/airflow/example_dags/example_short_circuit_operator.py
[2024-03-05T01:45:25.620+0000] {processor.py:840} INFO - DAG(s) 'example_short_circuit_operator' retrieved from /home/airflow/.local/lib/python3.11/site-packages/airflow/example_dags/example_short_circuit_operator.py
[2024-03-05T01:45:25.664+0000] {logging_mixin.py:188} INFO - [2024-03-05T01:45:25.664+0000] {dag.py:3047} INFO - Sync 1 DAGs
[2024-03-05T01:45:25.696+0000] {logging_mixin.py:188} INFO - [2024-03-05T01:45:25.696+0000] {dag.py:3834} INFO - Setting next_dagrun for example_short_circuit_operator to 2024-03-04 00:00:00+00:00, run_after=2024-03-05 00:00:00+00:00
[2024-03-05T01:45:25.726+0000] {processor.py:183} INFO - Processing /home/airflow/.local/lib/python3.11/site-packages/airflow/example_dags/example_short_circuit_operator.py took 0.130 seconds
[2024-03-05T01:45:56.095+0000] {processor.py:161} INFO - Started process (PID=385) to work on /home/airflow/.local/lib/python3.11/site-packages/airflow/example_dags/example_short_circuit_operator.py
[2024-03-05T01:45:56.098+0000] {processor.py:830} INFO - Processing file /home/airflow/.local/lib/python3.11/site-packages/airflow/example_dags/example_short_circuit_operator.py for tasks to queue
[2024-03-05T01:45:56.100+0000] {logging_mixin.py:188} INFO - [2024-03-05T01:45:56.100+0000] {dagbag.py:540} INFO - Filling up the DagBag from /home/airflow/.local/lib/python3.11/site-packages/airflow/example_dags/example_short_circuit_operator.py
[2024-03-05T01:45:56.107+0000] {processor.py:840} INFO - DAG(s) 'example_short_circuit_operator' retrieved from /home/airflow/.local/lib/python3.11/site-packages/airflow/example_dags/example_short_circuit_operator.py
[2024-03-05T01:45:56.745+0000] {logging_mixin.py:188} INFO - [2024-03-05T01:45:56.745+0000] {dag.py:3047} INFO - Sync 1 DAGs
[2024-03-05T01:45:56.763+0000] {logging_mixin.py:188} INFO - [2024-03-05T01:45:56.763+0000] {dag.py:3834} INFO - Setting next_dagrun for example_short_circuit_operator to 2024-03-04 00:00:00+00:00, run_after=2024-03-05 00:00:00+00:00
[2024-03-05T01:45:56.779+0000] {processor.py:183} INFO - Processing /home/airflow/.local/lib/python3.11/site-packages/airflow/example_dags/example_short_circuit_operator.py took 0.688 seconds
[2024-03-05T01:46:26.865+0000] {processor.py:161} INFO - Started process (PID=446) to work on /home/airflow/.local/lib/python3.11/site-packages/airflow/example_dags/example_short_circuit_operator.py
[2024-03-05T01:46:26.866+0000] {processor.py:830} INFO - Processing file /home/airflow/.local/lib/python3.11/site-packages/airflow/example_dags/example_short_circuit_operator.py for tasks to queue
[2024-03-05T01:46:26.868+0000] {logging_mixin.py:188} INFO - [2024-03-05T01:46:26.867+0000] {dagbag.py:540} INFO - Filling up the DagBag from /home/airflow/.local/lib/python3.11/site-packages/airflow/example_dags/example_short_circuit_operator.py
[2024-03-05T01:46:26.873+0000] {processor.py:840} INFO - DAG(s) 'example_short_circuit_operator' retrieved from /home/airflow/.local/lib/python3.11/site-packages/airflow/example_dags/example_short_circuit_operator.py
[2024-03-05T01:46:26.890+0000] {logging_mixin.py:188} INFO - [2024-03-05T01:46:26.890+0000] {dag.py:3047} INFO - Sync 1 DAGs
[2024-03-05T01:46:26.906+0000] {logging_mixin.py:188} INFO - [2024-03-05T01:46:26.906+0000] {dag.py:3834} INFO - Setting next_dagrun for example_short_circuit_operator to 2024-03-04 00:00:00+00:00, run_after=2024-03-05 00:00:00+00:00
[2024-03-05T01:46:26.919+0000] {processor.py:183} INFO - Processing /home/airflow/.local/lib/python3.11/site-packages/airflow/example_dags/example_short_circuit_operator.py took 0.057 seconds
