[2024-03-05T01:42:52.487+0000] {processor.py:161} INFO - Started process (PID=73) to work on /home/airflow/.local/lib/python3.11/site-packages/airflow/example_dags/example_kubernetes_executor.py
[2024-03-05T01:42:52.489+0000] {processor.py:830} INFO - Processing file /home/airflow/.local/lib/python3.11/site-packages/airflow/example_dags/example_kubernetes_executor.py for tasks to queue
[2024-03-05T01:42:52.491+0000] {logging_mixin.py:188} INFO - [2024-03-05T01:42:52.491+0000] {dagbag.py:540} INFO - Filling up the DagBag from /home/airflow/.local/lib/python3.11/site-packages/airflow/example_dags/example_kubernetes_executor.py
[2024-03-05T01:42:52.504+0000] {processor.py:840} INFO - DAG(s) 'example_kubernetes_executor' retrieved from /home/airflow/.local/lib/python3.11/site-packages/airflow/example_dags/example_kubernetes_executor.py
[2024-03-05T01:42:52.514+0000] {logging_mixin.py:188} INFO - [2024-03-05T01:42:52.514+0000] {dag.py:3047} INFO - Sync 1 DAGs
[2024-03-05T01:42:52.525+0000] {logging_mixin.py:188} INFO - [2024-03-05T01:42:52.524+0000] {dag.py:3834} INFO - Setting next_dagrun for example_kubernetes_executor to None, run_after=None
[2024-03-05T01:42:52.539+0000] {processor.py:183} INFO - Processing /home/airflow/.local/lib/python3.11/site-packages/airflow/example_dags/example_kubernetes_executor.py took 0.055 seconds
[2024-03-05T01:43:23.978+0000] {processor.py:161} INFO - Started process (PID=128) to work on /home/airflow/.local/lib/python3.11/site-packages/airflow/example_dags/example_kubernetes_executor.py
[2024-03-05T01:43:23.979+0000] {processor.py:830} INFO - Processing file /home/airflow/.local/lib/python3.11/site-packages/airflow/example_dags/example_kubernetes_executor.py for tasks to queue
[2024-03-05T01:43:23.981+0000] {logging_mixin.py:188} INFO - [2024-03-05T01:43:23.981+0000] {dagbag.py:540} INFO - Filling up the DagBag from /home/airflow/.local/lib/python3.11/site-packages/airflow/example_dags/example_kubernetes_executor.py
[2024-03-05T01:43:23.992+0000] {processor.py:840} INFO - DAG(s) 'example_kubernetes_executor' retrieved from /home/airflow/.local/lib/python3.11/site-packages/airflow/example_dags/example_kubernetes_executor.py
[2024-03-05T01:43:24.077+0000] {logging_mixin.py:188} INFO - [2024-03-05T01:43:24.077+0000] {dag.py:3047} INFO - Sync 1 DAGs
[2024-03-05T01:43:24.086+0000] {logging_mixin.py:188} INFO - [2024-03-05T01:43:24.086+0000] {dag.py:3834} INFO - Setting next_dagrun for example_kubernetes_executor to None, run_after=None
[2024-03-05T01:43:24.104+0000] {processor.py:183} INFO - Processing /home/airflow/.local/lib/python3.11/site-packages/airflow/example_dags/example_kubernetes_executor.py took 0.129 seconds
[2024-03-05T01:43:54.462+0000] {processor.py:161} INFO - Started process (PID=183) to work on /home/airflow/.local/lib/python3.11/site-packages/airflow/example_dags/example_kubernetes_executor.py
[2024-03-05T01:43:54.464+0000] {processor.py:830} INFO - Processing file /home/airflow/.local/lib/python3.11/site-packages/airflow/example_dags/example_kubernetes_executor.py for tasks to queue
[2024-03-05T01:43:54.468+0000] {logging_mixin.py:188} INFO - [2024-03-05T01:43:54.467+0000] {dagbag.py:540} INFO - Filling up the DagBag from /home/airflow/.local/lib/python3.11/site-packages/airflow/example_dags/example_kubernetes_executor.py
[2024-03-05T01:43:54.493+0000] {processor.py:840} INFO - DAG(s) 'example_kubernetes_executor' retrieved from /home/airflow/.local/lib/python3.11/site-packages/airflow/example_dags/example_kubernetes_executor.py
[2024-03-05T01:43:54.544+0000] {logging_mixin.py:188} INFO - [2024-03-05T01:43:54.543+0000] {dag.py:3047} INFO - Sync 1 DAGs
[2024-03-05T01:43:54.553+0000] {logging_mixin.py:188} INFO - [2024-03-05T01:43:54.552+0000] {dag.py:3834} INFO - Setting next_dagrun for example_kubernetes_executor to None, run_after=None
[2024-03-05T01:43:54.569+0000] {processor.py:183} INFO - Processing /home/airflow/.local/lib/python3.11/site-packages/airflow/example_dags/example_kubernetes_executor.py took 0.110 seconds
[2024-03-05T01:44:25.274+0000] {processor.py:161} INFO - Started process (PID=238) to work on /home/airflow/.local/lib/python3.11/site-packages/airflow/example_dags/example_kubernetes_executor.py
[2024-03-05T01:44:25.276+0000] {processor.py:830} INFO - Processing file /home/airflow/.local/lib/python3.11/site-packages/airflow/example_dags/example_kubernetes_executor.py for tasks to queue
[2024-03-05T01:44:25.278+0000] {logging_mixin.py:188} INFO - [2024-03-05T01:44:25.278+0000] {dagbag.py:540} INFO - Filling up the DagBag from /home/airflow/.local/lib/python3.11/site-packages/airflow/example_dags/example_kubernetes_executor.py
[2024-03-05T01:44:25.286+0000] {processor.py:840} INFO - DAG(s) 'example_kubernetes_executor' retrieved from /home/airflow/.local/lib/python3.11/site-packages/airflow/example_dags/example_kubernetes_executor.py
[2024-03-05T01:44:25.314+0000] {logging_mixin.py:188} INFO - [2024-03-05T01:44:25.314+0000] {dag.py:3047} INFO - Sync 1 DAGs
[2024-03-05T01:44:25.323+0000] {logging_mixin.py:188} INFO - [2024-03-05T01:44:25.322+0000] {dag.py:3834} INFO - Setting next_dagrun for example_kubernetes_executor to None, run_after=None
[2024-03-05T01:44:25.339+0000] {processor.py:183} INFO - Processing /home/airflow/.local/lib/python3.11/site-packages/airflow/example_dags/example_kubernetes_executor.py took 0.068 seconds
[2024-03-05T01:44:55.845+0000] {processor.py:161} INFO - Started process (PID=293) to work on /home/airflow/.local/lib/python3.11/site-packages/airflow/example_dags/example_kubernetes_executor.py
[2024-03-05T01:44:55.847+0000] {processor.py:830} INFO - Processing file /home/airflow/.local/lib/python3.11/site-packages/airflow/example_dags/example_kubernetes_executor.py for tasks to queue
[2024-03-05T01:44:55.849+0000] {logging_mixin.py:188} INFO - [2024-03-05T01:44:55.848+0000] {dagbag.py:540} INFO - Filling up the DagBag from /home/airflow/.local/lib/python3.11/site-packages/airflow/example_dags/example_kubernetes_executor.py
[2024-03-05T01:44:55.863+0000] {processor.py:840} INFO - DAG(s) 'example_kubernetes_executor' retrieved from /home/airflow/.local/lib/python3.11/site-packages/airflow/example_dags/example_kubernetes_executor.py
[2024-03-05T01:44:55.892+0000] {logging_mixin.py:188} INFO - [2024-03-05T01:44:55.892+0000] {dag.py:3047} INFO - Sync 1 DAGs
[2024-03-05T01:44:55.901+0000] {logging_mixin.py:188} INFO - [2024-03-05T01:44:55.901+0000] {dag.py:3834} INFO - Setting next_dagrun for example_kubernetes_executor to None, run_after=None
[2024-03-05T01:44:55.916+0000] {processor.py:183} INFO - Processing /home/airflow/.local/lib/python3.11/site-packages/airflow/example_dags/example_kubernetes_executor.py took 0.073 seconds
[2024-03-05T01:45:26.455+0000] {processor.py:161} INFO - Started process (PID=348) to work on /home/airflow/.local/lib/python3.11/site-packages/airflow/example_dags/example_kubernetes_executor.py
[2024-03-05T01:45:26.456+0000] {processor.py:830} INFO - Processing file /home/airflow/.local/lib/python3.11/site-packages/airflow/example_dags/example_kubernetes_executor.py for tasks to queue
[2024-03-05T01:45:26.458+0000] {logging_mixin.py:188} INFO - [2024-03-05T01:45:26.458+0000] {dagbag.py:540} INFO - Filling up the DagBag from /home/airflow/.local/lib/python3.11/site-packages/airflow/example_dags/example_kubernetes_executor.py
[2024-03-05T01:45:26.467+0000] {processor.py:840} INFO - DAG(s) 'example_kubernetes_executor' retrieved from /home/airflow/.local/lib/python3.11/site-packages/airflow/example_dags/example_kubernetes_executor.py
[2024-03-05T01:45:26.492+0000] {logging_mixin.py:188} INFO - [2024-03-05T01:45:26.492+0000] {dag.py:3047} INFO - Sync 1 DAGs
[2024-03-05T01:45:26.501+0000] {logging_mixin.py:188} INFO - [2024-03-05T01:45:26.501+0000] {dag.py:3834} INFO - Setting next_dagrun for example_kubernetes_executor to None, run_after=None
[2024-03-05T01:45:26.513+0000] {processor.py:183} INFO - Processing /home/airflow/.local/lib/python3.11/site-packages/airflow/example_dags/example_kubernetes_executor.py took 0.061 seconds
[2024-03-05T01:45:57.480+0000] {processor.py:161} INFO - Started process (PID=403) to work on /home/airflow/.local/lib/python3.11/site-packages/airflow/example_dags/example_kubernetes_executor.py
[2024-03-05T01:45:57.481+0000] {processor.py:830} INFO - Processing file /home/airflow/.local/lib/python3.11/site-packages/airflow/example_dags/example_kubernetes_executor.py for tasks to queue
[2024-03-05T01:45:57.483+0000] {logging_mixin.py:188} INFO - [2024-03-05T01:45:57.483+0000] {dagbag.py:540} INFO - Filling up the DagBag from /home/airflow/.local/lib/python3.11/site-packages/airflow/example_dags/example_kubernetes_executor.py
[2024-03-05T01:45:57.492+0000] {processor.py:840} INFO - DAG(s) 'example_kubernetes_executor' retrieved from /home/airflow/.local/lib/python3.11/site-packages/airflow/example_dags/example_kubernetes_executor.py
[2024-03-05T01:45:57.521+0000] {logging_mixin.py:188} INFO - [2024-03-05T01:45:57.520+0000] {dag.py:3047} INFO - Sync 1 DAGs
[2024-03-05T01:45:57.530+0000] {logging_mixin.py:188} INFO - [2024-03-05T01:45:57.530+0000] {dag.py:3834} INFO - Setting next_dagrun for example_kubernetes_executor to None, run_after=None
[2024-03-05T01:45:57.545+0000] {processor.py:183} INFO - Processing /home/airflow/.local/lib/python3.11/site-packages/airflow/example_dags/example_kubernetes_executor.py took 0.068 seconds
[2024-03-05T01:46:27.725+0000] {processor.py:161} INFO - Started process (PID=458) to work on /home/airflow/.local/lib/python3.11/site-packages/airflow/example_dags/example_kubernetes_executor.py
[2024-03-05T01:46:27.726+0000] {processor.py:830} INFO - Processing file /home/airflow/.local/lib/python3.11/site-packages/airflow/example_dags/example_kubernetes_executor.py for tasks to queue
[2024-03-05T01:46:27.727+0000] {logging_mixin.py:188} INFO - [2024-03-05T01:46:27.727+0000] {dagbag.py:540} INFO - Filling up the DagBag from /home/airflow/.local/lib/python3.11/site-packages/airflow/example_dags/example_kubernetes_executor.py
[2024-03-05T01:46:27.744+0000] {processor.py:840} INFO - DAG(s) 'example_kubernetes_executor' retrieved from /home/airflow/.local/lib/python3.11/site-packages/airflow/example_dags/example_kubernetes_executor.py
[2024-03-05T01:46:27.774+0000] {logging_mixin.py:188} INFO - [2024-03-05T01:46:27.774+0000] {dag.py:3047} INFO - Sync 1 DAGs
[2024-03-05T01:46:27.784+0000] {logging_mixin.py:188} INFO - [2024-03-05T01:46:27.783+0000] {dag.py:3834} INFO - Setting next_dagrun for example_kubernetes_executor to None, run_after=None
[2024-03-05T01:46:27.799+0000] {processor.py:183} INFO - Processing /home/airflow/.local/lib/python3.11/site-packages/airflow/example_dags/example_kubernetes_executor.py took 0.077 seconds
