[2024-03-05T01:42:52.038+0000] {processor.py:161} INFO - Started process (PID=64) to work on /home/airflow/.local/lib/python3.11/site-packages/airflow/example_dags/example_datasets.py
[2024-03-05T01:42:52.040+0000] {processor.py:830} INFO - Processing file /home/airflow/.local/lib/python3.11/site-packages/airflow/example_dags/example_datasets.py for tasks to queue
[2024-03-05T01:42:52.042+0000] {logging_mixin.py:188} INFO - [2024-03-05T01:42:52.041+0000] {dagbag.py:540} INFO - Filling up the DagBag from /home/airflow/.local/lib/python3.11/site-packages/airflow/example_dags/example_datasets.py
[2024-03-05T01:42:52.051+0000] {processor.py:840} INFO - DAG(s) 'dataset_consumes_1', 'dataset_consumes_1_and_2', 'dataset_consumes_unknown_never_scheduled', 'dataset_consumes_1_never_scheduled', 'dataset_produces_2', 'dataset_produces_1' retrieved from /home/airflow/.local/lib/python3.11/site-packages/airflow/example_dags/example_datasets.py
[2024-03-05T01:42:52.068+0000] {logging_mixin.py:188} INFO - [2024-03-05T01:42:52.067+0000] {dag.py:3047} INFO - Sync 6 DAGs
[2024-03-05T01:42:52.085+0000] {logging_mixin.py:188} INFO - [2024-03-05T01:42:52.085+0000] {dag.py:3834} INFO - Setting next_dagrun for dataset_consumes_1 to None, run_after=None
[2024-03-05T01:42:52.089+0000] {logging_mixin.py:188} INFO - [2024-03-05T01:42:52.089+0000] {dag.py:3834} INFO - Setting next_dagrun for dataset_consumes_1_and_2 to None, run_after=None
[2024-03-05T01:42:52.091+0000] {logging_mixin.py:188} INFO - [2024-03-05T01:42:52.091+0000] {dag.py:3834} INFO - Setting next_dagrun for dataset_consumes_1_never_scheduled to None, run_after=None
[2024-03-05T01:42:52.093+0000] {logging_mixin.py:188} INFO - [2024-03-05T01:42:52.093+0000] {dag.py:3834} INFO - Setting next_dagrun for dataset_consumes_unknown_never_scheduled to None, run_after=None
[2024-03-05T01:42:52.095+0000] {logging_mixin.py:188} INFO - [2024-03-05T01:42:52.095+0000] {dag.py:3834} INFO - Setting next_dagrun for dataset_produces_1 to 2024-03-04 00:00:00+00:00, run_after=2024-03-05 00:00:00+00:00
[2024-03-05T01:42:52.097+0000] {logging_mixin.py:188} INFO - [2024-03-05T01:42:52.097+0000] {dag.py:3834} INFO - Setting next_dagrun for dataset_produces_2 to None, run_after=None
[2024-03-05T01:42:52.121+0000] {processor.py:183} INFO - Processing /home/airflow/.local/lib/python3.11/site-packages/airflow/example_dags/example_datasets.py took 0.086 seconds
[2024-03-05T01:43:23.227+0000] {processor.py:161} INFO - Started process (PID=119) to work on /home/airflow/.local/lib/python3.11/site-packages/airflow/example_dags/example_datasets.py
[2024-03-05T01:43:23.228+0000] {processor.py:830} INFO - Processing file /home/airflow/.local/lib/python3.11/site-packages/airflow/example_dags/example_datasets.py for tasks to queue
[2024-03-05T01:43:23.229+0000] {logging_mixin.py:188} INFO - [2024-03-05T01:43:23.229+0000] {dagbag.py:540} INFO - Filling up the DagBag from /home/airflow/.local/lib/python3.11/site-packages/airflow/example_dags/example_datasets.py
[2024-03-05T01:43:23.236+0000] {processor.py:840} INFO - DAG(s) 'dataset_consumes_1_and_2', 'dataset_produces_2', 'dataset_produces_1', 'dataset_consumes_1_never_scheduled', 'dataset_consumes_1', 'dataset_consumes_unknown_never_scheduled' retrieved from /home/airflow/.local/lib/python3.11/site-packages/airflow/example_dags/example_datasets.py
[2024-03-05T01:43:23.371+0000] {logging_mixin.py:188} INFO - [2024-03-05T01:43:23.371+0000] {dag.py:3047} INFO - Sync 6 DAGs
[2024-03-05T01:43:23.388+0000] {logging_mixin.py:188} INFO - [2024-03-05T01:43:23.387+0000] {dag.py:3834} INFO - Setting next_dagrun for dataset_consumes_1 to None, run_after=None
[2024-03-05T01:43:23.390+0000] {logging_mixin.py:188} INFO - [2024-03-05T01:43:23.390+0000] {dag.py:3834} INFO - Setting next_dagrun for dataset_consumes_1_and_2 to None, run_after=None
[2024-03-05T01:43:23.391+0000] {logging_mixin.py:188} INFO - [2024-03-05T01:43:23.391+0000] {dag.py:3834} INFO - Setting next_dagrun for dataset_consumes_1_never_scheduled to None, run_after=None
[2024-03-05T01:43:23.392+0000] {logging_mixin.py:188} INFO - [2024-03-05T01:43:23.392+0000] {dag.py:3834} INFO - Setting next_dagrun for dataset_consumes_unknown_never_scheduled to None, run_after=None
[2024-03-05T01:43:23.394+0000] {logging_mixin.py:188} INFO - [2024-03-05T01:43:23.394+0000] {dag.py:3834} INFO - Setting next_dagrun for dataset_produces_1 to 2024-03-04 00:00:00+00:00, run_after=2024-03-05 00:00:00+00:00
[2024-03-05T01:43:23.396+0000] {logging_mixin.py:188} INFO - [2024-03-05T01:43:23.396+0000] {dag.py:3834} INFO - Setting next_dagrun for dataset_produces_2 to None, run_after=None
[2024-03-05T01:43:23.416+0000] {processor.py:183} INFO - Processing /home/airflow/.local/lib/python3.11/site-packages/airflow/example_dags/example_datasets.py took 0.192 seconds
[2024-03-05T01:43:54.017+0000] {processor.py:161} INFO - Started process (PID=174) to work on /home/airflow/.local/lib/python3.11/site-packages/airflow/example_dags/example_datasets.py
[2024-03-05T01:43:54.019+0000] {processor.py:830} INFO - Processing file /home/airflow/.local/lib/python3.11/site-packages/airflow/example_dags/example_datasets.py for tasks to queue
[2024-03-05T01:43:54.021+0000] {logging_mixin.py:188} INFO - [2024-03-05T01:43:54.020+0000] {dagbag.py:540} INFO - Filling up the DagBag from /home/airflow/.local/lib/python3.11/site-packages/airflow/example_dags/example_datasets.py
[2024-03-05T01:43:54.028+0000] {processor.py:840} INFO - DAG(s) 'dataset_produces_2', 'dataset_consumes_1', 'dataset_consumes_1_and_2', 'dataset_produces_1', 'dataset_consumes_unknown_never_scheduled', 'dataset_consumes_1_never_scheduled' retrieved from /home/airflow/.local/lib/python3.11/site-packages/airflow/example_dags/example_datasets.py
[2024-03-05T01:43:54.052+0000] {logging_mixin.py:188} INFO - [2024-03-05T01:43:54.052+0000] {dag.py:3047} INFO - Sync 6 DAGs
[2024-03-05T01:43:54.066+0000] {logging_mixin.py:188} INFO - [2024-03-05T01:43:54.066+0000] {dag.py:3834} INFO - Setting next_dagrun for dataset_consumes_1 to None, run_after=None
[2024-03-05T01:43:54.069+0000] {logging_mixin.py:188} INFO - [2024-03-05T01:43:54.069+0000] {dag.py:3834} INFO - Setting next_dagrun for dataset_consumes_1_and_2 to None, run_after=None
[2024-03-05T01:43:54.071+0000] {logging_mixin.py:188} INFO - [2024-03-05T01:43:54.071+0000] {dag.py:3834} INFO - Setting next_dagrun for dataset_consumes_1_never_scheduled to None, run_after=None
[2024-03-05T01:43:54.073+0000] {logging_mixin.py:188} INFO - [2024-03-05T01:43:54.073+0000] {dag.py:3834} INFO - Setting next_dagrun for dataset_consumes_unknown_never_scheduled to None, run_after=None
[2024-03-05T01:43:54.075+0000] {logging_mixin.py:188} INFO - [2024-03-05T01:43:54.075+0000] {dag.py:3834} INFO - Setting next_dagrun for dataset_produces_1 to 2024-03-04 00:00:00+00:00, run_after=2024-03-05 00:00:00+00:00
[2024-03-05T01:43:54.077+0000] {logging_mixin.py:188} INFO - [2024-03-05T01:43:54.077+0000] {dag.py:3834} INFO - Setting next_dagrun for dataset_produces_2 to None, run_after=None
[2024-03-05T01:43:54.104+0000] {processor.py:183} INFO - Processing /home/airflow/.local/lib/python3.11/site-packages/airflow/example_dags/example_datasets.py took 0.090 seconds
[2024-03-05T01:44:24.825+0000] {processor.py:161} INFO - Started process (PID=229) to work on /home/airflow/.local/lib/python3.11/site-packages/airflow/example_dags/example_datasets.py
[2024-03-05T01:44:24.826+0000] {processor.py:830} INFO - Processing file /home/airflow/.local/lib/python3.11/site-packages/airflow/example_dags/example_datasets.py for tasks to queue
[2024-03-05T01:44:24.828+0000] {logging_mixin.py:188} INFO - [2024-03-05T01:44:24.828+0000] {dagbag.py:540} INFO - Filling up the DagBag from /home/airflow/.local/lib/python3.11/site-packages/airflow/example_dags/example_datasets.py
[2024-03-05T01:44:24.835+0000] {processor.py:840} INFO - DAG(s) 'dataset_consumes_1_never_scheduled', 'dataset_consumes_1_and_2', 'dataset_produces_2', 'dataset_consumes_unknown_never_scheduled', 'dataset_consumes_1', 'dataset_produces_1' retrieved from /home/airflow/.local/lib/python3.11/site-packages/airflow/example_dags/example_datasets.py
[2024-03-05T01:44:24.859+0000] {logging_mixin.py:188} INFO - [2024-03-05T01:44:24.859+0000] {dag.py:3047} INFO - Sync 6 DAGs
[2024-03-05T01:44:24.873+0000] {logging_mixin.py:188} INFO - [2024-03-05T01:44:24.873+0000] {dag.py:3834} INFO - Setting next_dagrun for dataset_consumes_1 to None, run_after=None
[2024-03-05T01:44:24.876+0000] {logging_mixin.py:188} INFO - [2024-03-05T01:44:24.876+0000] {dag.py:3834} INFO - Setting next_dagrun for dataset_consumes_1_and_2 to None, run_after=None
[2024-03-05T01:44:24.878+0000] {logging_mixin.py:188} INFO - [2024-03-05T01:44:24.878+0000] {dag.py:3834} INFO - Setting next_dagrun for dataset_consumes_1_never_scheduled to None, run_after=None
[2024-03-05T01:44:24.880+0000] {logging_mixin.py:188} INFO - [2024-03-05T01:44:24.880+0000] {dag.py:3834} INFO - Setting next_dagrun for dataset_consumes_unknown_never_scheduled to None, run_after=None
[2024-03-05T01:44:24.882+0000] {logging_mixin.py:188} INFO - [2024-03-05T01:44:24.882+0000] {dag.py:3834} INFO - Setting next_dagrun for dataset_produces_1 to 2024-03-04 00:00:00+00:00, run_after=2024-03-05 00:00:00+00:00
[2024-03-05T01:44:24.885+0000] {logging_mixin.py:188} INFO - [2024-03-05T01:44:24.884+0000] {dag.py:3834} INFO - Setting next_dagrun for dataset_produces_2 to None, run_after=None
[2024-03-05T01:44:24.909+0000] {processor.py:183} INFO - Processing /home/airflow/.local/lib/python3.11/site-packages/airflow/example_dags/example_datasets.py took 0.087 seconds
[2024-03-05T01:44:55.427+0000] {processor.py:161} INFO - Started process (PID=284) to work on /home/airflow/.local/lib/python3.11/site-packages/airflow/example_dags/example_datasets.py
[2024-03-05T01:44:55.428+0000] {processor.py:830} INFO - Processing file /home/airflow/.local/lib/python3.11/site-packages/airflow/example_dags/example_datasets.py for tasks to queue
[2024-03-05T01:44:55.431+0000] {logging_mixin.py:188} INFO - [2024-03-05T01:44:55.430+0000] {dagbag.py:540} INFO - Filling up the DagBag from /home/airflow/.local/lib/python3.11/site-packages/airflow/example_dags/example_datasets.py
[2024-03-05T01:44:55.437+0000] {processor.py:840} INFO - DAG(s) 'dataset_consumes_1_and_2', 'dataset_consumes_1', 'dataset_produces_1', 'dataset_produces_2', 'dataset_consumes_unknown_never_scheduled', 'dataset_consumes_1_never_scheduled' retrieved from /home/airflow/.local/lib/python3.11/site-packages/airflow/example_dags/example_datasets.py
[2024-03-05T01:44:55.462+0000] {logging_mixin.py:188} INFO - [2024-03-05T01:44:55.462+0000] {dag.py:3047} INFO - Sync 6 DAGs
[2024-03-05T01:44:55.478+0000] {logging_mixin.py:188} INFO - [2024-03-05T01:44:55.478+0000] {dag.py:3834} INFO - Setting next_dagrun for dataset_consumes_1 to None, run_after=None
[2024-03-05T01:44:55.481+0000] {logging_mixin.py:188} INFO - [2024-03-05T01:44:55.481+0000] {dag.py:3834} INFO - Setting next_dagrun for dataset_consumes_1_and_2 to None, run_after=None
[2024-03-05T01:44:55.482+0000] {logging_mixin.py:188} INFO - [2024-03-05T01:44:55.482+0000] {dag.py:3834} INFO - Setting next_dagrun for dataset_consumes_1_never_scheduled to None, run_after=None
[2024-03-05T01:44:55.484+0000] {logging_mixin.py:188} INFO - [2024-03-05T01:44:55.484+0000] {dag.py:3834} INFO - Setting next_dagrun for dataset_consumes_unknown_never_scheduled to None, run_after=None
[2024-03-05T01:44:55.486+0000] {logging_mixin.py:188} INFO - [2024-03-05T01:44:55.486+0000] {dag.py:3834} INFO - Setting next_dagrun for dataset_produces_1 to 2024-03-04 00:00:00+00:00, run_after=2024-03-05 00:00:00+00:00
[2024-03-05T01:44:55.488+0000] {logging_mixin.py:188} INFO - [2024-03-05T01:44:55.488+0000] {dag.py:3834} INFO - Setting next_dagrun for dataset_produces_2 to None, run_after=None
[2024-03-05T01:44:55.508+0000] {processor.py:183} INFO - Processing /home/airflow/.local/lib/python3.11/site-packages/airflow/example_dags/example_datasets.py took 0.084 seconds
[2024-03-05T01:45:26.048+0000] {processor.py:161} INFO - Started process (PID=339) to work on /home/airflow/.local/lib/python3.11/site-packages/airflow/example_dags/example_datasets.py
[2024-03-05T01:45:26.049+0000] {processor.py:830} INFO - Processing file /home/airflow/.local/lib/python3.11/site-packages/airflow/example_dags/example_datasets.py for tasks to queue
[2024-03-05T01:45:26.051+0000] {logging_mixin.py:188} INFO - [2024-03-05T01:45:26.051+0000] {dagbag.py:540} INFO - Filling up the DagBag from /home/airflow/.local/lib/python3.11/site-packages/airflow/example_dags/example_datasets.py
[2024-03-05T01:45:26.058+0000] {processor.py:840} INFO - DAG(s) 'dataset_produces_2', 'dataset_consumes_1', 'dataset_consumes_unknown_never_scheduled', 'dataset_consumes_1_and_2', 'dataset_produces_1', 'dataset_consumes_1_never_scheduled' retrieved from /home/airflow/.local/lib/python3.11/site-packages/airflow/example_dags/example_datasets.py
[2024-03-05T01:45:26.081+0000] {logging_mixin.py:188} INFO - [2024-03-05T01:45:26.081+0000] {dag.py:3047} INFO - Sync 6 DAGs
[2024-03-05T01:45:26.096+0000] {logging_mixin.py:188} INFO - [2024-03-05T01:45:26.095+0000] {dag.py:3834} INFO - Setting next_dagrun for dataset_consumes_1 to None, run_after=None
[2024-03-05T01:45:26.098+0000] {logging_mixin.py:188} INFO - [2024-03-05T01:45:26.098+0000] {dag.py:3834} INFO - Setting next_dagrun for dataset_consumes_1_and_2 to None, run_after=None
[2024-03-05T01:45:26.100+0000] {logging_mixin.py:188} INFO - [2024-03-05T01:45:26.100+0000] {dag.py:3834} INFO - Setting next_dagrun for dataset_consumes_1_never_scheduled to None, run_after=None
[2024-03-05T01:45:26.102+0000] {logging_mixin.py:188} INFO - [2024-03-05T01:45:26.101+0000] {dag.py:3834} INFO - Setting next_dagrun for dataset_consumes_unknown_never_scheduled to None, run_after=None
[2024-03-05T01:45:26.104+0000] {logging_mixin.py:188} INFO - [2024-03-05T01:45:26.104+0000] {dag.py:3834} INFO - Setting next_dagrun for dataset_produces_1 to 2024-03-04 00:00:00+00:00, run_after=2024-03-05 00:00:00+00:00
[2024-03-05T01:45:26.105+0000] {logging_mixin.py:188} INFO - [2024-03-05T01:45:26.105+0000] {dag.py:3834} INFO - Setting next_dagrun for dataset_produces_2 to None, run_after=None
[2024-03-05T01:45:26.128+0000] {processor.py:183} INFO - Processing /home/airflow/.local/lib/python3.11/site-packages/airflow/example_dags/example_datasets.py took 0.083 seconds
[2024-03-05T01:45:56.819+0000] {processor.py:161} INFO - Started process (PID=394) to work on /home/airflow/.local/lib/python3.11/site-packages/airflow/example_dags/example_datasets.py
[2024-03-05T01:45:56.821+0000] {processor.py:830} INFO - Processing file /home/airflow/.local/lib/python3.11/site-packages/airflow/example_dags/example_datasets.py for tasks to queue
[2024-03-05T01:45:56.823+0000] {logging_mixin.py:188} INFO - [2024-03-05T01:45:56.822+0000] {dagbag.py:540} INFO - Filling up the DagBag from /home/airflow/.local/lib/python3.11/site-packages/airflow/example_dags/example_datasets.py
[2024-03-05T01:45:56.831+0000] {processor.py:840} INFO - DAG(s) 'dataset_produces_1', 'dataset_consumes_unknown_never_scheduled', 'dataset_consumes_1_and_2', 'dataset_consumes_1', 'dataset_produces_2', 'dataset_consumes_1_never_scheduled' retrieved from /home/airflow/.local/lib/python3.11/site-packages/airflow/example_dags/example_datasets.py
[2024-03-05T01:45:56.860+0000] {logging_mixin.py:188} INFO - [2024-03-05T01:45:56.860+0000] {dag.py:3047} INFO - Sync 6 DAGs
[2024-03-05T01:45:56.881+0000] {logging_mixin.py:188} INFO - [2024-03-05T01:45:56.881+0000] {dag.py:3834} INFO - Setting next_dagrun for dataset_consumes_1 to None, run_after=None
[2024-03-05T01:45:56.885+0000] {logging_mixin.py:188} INFO - [2024-03-05T01:45:56.885+0000] {dag.py:3834} INFO - Setting next_dagrun for dataset_consumes_1_and_2 to None, run_after=None
[2024-03-05T01:45:56.887+0000] {logging_mixin.py:188} INFO - [2024-03-05T01:45:56.886+0000] {dag.py:3834} INFO - Setting next_dagrun for dataset_consumes_1_never_scheduled to None, run_after=None
[2024-03-05T01:45:56.888+0000] {logging_mixin.py:188} INFO - [2024-03-05T01:45:56.888+0000] {dag.py:3834} INFO - Setting next_dagrun for dataset_consumes_unknown_never_scheduled to None, run_after=None
[2024-03-05T01:45:56.891+0000] {logging_mixin.py:188} INFO - [2024-03-05T01:45:56.891+0000] {dag.py:3834} INFO - Setting next_dagrun for dataset_produces_1 to 2024-03-04 00:00:00+00:00, run_after=2024-03-05 00:00:00+00:00
[2024-03-05T01:45:56.893+0000] {logging_mixin.py:188} INFO - [2024-03-05T01:45:56.892+0000] {dag.py:3834} INFO - Setting next_dagrun for dataset_produces_2 to None, run_after=None
[2024-03-05T01:45:56.922+0000] {processor.py:183} INFO - Processing /home/airflow/.local/lib/python3.11/site-packages/airflow/example_dags/example_datasets.py took 0.106 seconds
[2024-03-05T01:46:26.951+0000] {processor.py:161} INFO - Started process (PID=449) to work on /home/airflow/.local/lib/python3.11/site-packages/airflow/example_dags/example_datasets.py
[2024-03-05T01:46:26.952+0000] {processor.py:830} INFO - Processing file /home/airflow/.local/lib/python3.11/site-packages/airflow/example_dags/example_datasets.py for tasks to queue
[2024-03-05T01:46:26.954+0000] {logging_mixin.py:188} INFO - [2024-03-05T01:46:26.954+0000] {dagbag.py:540} INFO - Filling up the DagBag from /home/airflow/.local/lib/python3.11/site-packages/airflow/example_dags/example_datasets.py
[2024-03-05T01:46:26.961+0000] {processor.py:840} INFO - DAG(s) 'dataset_consumes_unknown_never_scheduled', 'dataset_consumes_1_and_2', 'dataset_consumes_1_never_scheduled', 'dataset_consumes_1', 'dataset_produces_2', 'dataset_produces_1' retrieved from /home/airflow/.local/lib/python3.11/site-packages/airflow/example_dags/example_datasets.py
[2024-03-05T01:46:26.987+0000] {logging_mixin.py:188} INFO - [2024-03-05T01:46:26.987+0000] {dag.py:3047} INFO - Sync 6 DAGs
[2024-03-05T01:46:27.003+0000] {logging_mixin.py:188} INFO - [2024-03-05T01:46:27.003+0000] {dag.py:3834} INFO - Setting next_dagrun for dataset_consumes_1 to None, run_after=None
[2024-03-05T01:46:27.006+0000] {logging_mixin.py:188} INFO - [2024-03-05T01:46:27.006+0000] {dag.py:3834} INFO - Setting next_dagrun for dataset_consumes_1_and_2 to None, run_after=None
[2024-03-05T01:46:27.008+0000] {logging_mixin.py:188} INFO - [2024-03-05T01:46:27.008+0000] {dag.py:3834} INFO - Setting next_dagrun for dataset_consumes_1_never_scheduled to None, run_after=None
[2024-03-05T01:46:27.010+0000] {logging_mixin.py:188} INFO - [2024-03-05T01:46:27.010+0000] {dag.py:3834} INFO - Setting next_dagrun for dataset_consumes_unknown_never_scheduled to None, run_after=None
[2024-03-05T01:46:27.012+0000] {logging_mixin.py:188} INFO - [2024-03-05T01:46:27.012+0000] {dag.py:3834} INFO - Setting next_dagrun for dataset_produces_1 to 2024-03-04 00:00:00+00:00, run_after=2024-03-05 00:00:00+00:00
[2024-03-05T01:46:27.014+0000] {logging_mixin.py:188} INFO - [2024-03-05T01:46:27.014+0000] {dag.py:3834} INFO - Setting next_dagrun for dataset_produces_2 to None, run_after=None
[2024-03-05T01:46:27.041+0000] {processor.py:183} INFO - Processing /home/airflow/.local/lib/python3.11/site-packages/airflow/example_dags/example_datasets.py took 0.093 seconds
