[2024-03-05T01:42:50.789+0000] {processor.py:161} INFO - Started process (PID=42) to work on /home/airflow/.local/lib/python3.11/site-packages/airflow/example_dags/example_bash_operator.py
[2024-03-05T01:42:50.790+0000] {processor.py:830} INFO - Processing file /home/airflow/.local/lib/python3.11/site-packages/airflow/example_dags/example_bash_operator.py for tasks to queue
[2024-03-05T01:42:50.792+0000] {logging_mixin.py:188} INFO - [2024-03-05T01:42:50.791+0000] {dagbag.py:540} INFO - Filling up the DagBag from /home/airflow/.local/lib/python3.11/site-packages/airflow/example_dags/example_bash_operator.py
[2024-03-05T01:42:50.810+0000] {processor.py:840} INFO - DAG(s) 'example_bash_operator' retrieved from /home/airflow/.local/lib/python3.11/site-packages/airflow/example_dags/example_bash_operator.py
[2024-03-05T01:42:50.842+0000] {logging_mixin.py:188} INFO - [2024-03-05T01:42:50.841+0000] {dag.py:3047} INFO - Sync 1 DAGs
[2024-03-05T01:42:50.862+0000] {logging_mixin.py:188} INFO - [2024-03-05T01:42:50.861+0000] {dag.py:3834} INFO - Setting next_dagrun for example_bash_operator to 2024-03-04 00:00:00+00:00, run_after=2024-03-05 00:00:00+00:00
[2024-03-05T01:42:50.882+0000] {processor.py:183} INFO - Processing /home/airflow/.local/lib/python3.11/site-packages/airflow/example_dags/example_bash_operator.py took 0.096 seconds
[2024-03-05T01:43:21.296+0000] {processor.py:161} INFO - Started process (PID=97) to work on /home/airflow/.local/lib/python3.11/site-packages/airflow/example_dags/example_bash_operator.py
[2024-03-05T01:43:21.297+0000] {processor.py:830} INFO - Processing file /home/airflow/.local/lib/python3.11/site-packages/airflow/example_dags/example_bash_operator.py for tasks to queue
[2024-03-05T01:43:21.300+0000] {logging_mixin.py:188} INFO - [2024-03-05T01:43:21.300+0000] {dagbag.py:540} INFO - Filling up the DagBag from /home/airflow/.local/lib/python3.11/site-packages/airflow/example_dags/example_bash_operator.py
[2024-03-05T01:43:21.310+0000] {processor.py:840} INFO - DAG(s) 'example_bash_operator' retrieved from /home/airflow/.local/lib/python3.11/site-packages/airflow/example_dags/example_bash_operator.py
[2024-03-05T01:43:21.439+0000] {logging_mixin.py:188} INFO - [2024-03-05T01:43:21.439+0000] {dag.py:3047} INFO - Sync 1 DAGs
[2024-03-05T01:43:21.453+0000] {logging_mixin.py:188} INFO - [2024-03-05T01:43:21.453+0000] {dag.py:3834} INFO - Setting next_dagrun for example_bash_operator to 2024-03-04 00:00:00+00:00, run_after=2024-03-05 00:00:00+00:00
[2024-03-05T01:43:21.469+0000] {processor.py:183} INFO - Processing /home/airflow/.local/lib/python3.11/site-packages/airflow/example_dags/example_bash_operator.py took 0.175 seconds
[2024-03-05T01:43:51.651+0000] {processor.py:161} INFO - Started process (PID=152) to work on /home/airflow/.local/lib/python3.11/site-packages/airflow/example_dags/example_bash_operator.py
[2024-03-05T01:43:51.654+0000] {processor.py:830} INFO - Processing file /home/airflow/.local/lib/python3.11/site-packages/airflow/example_dags/example_bash_operator.py for tasks to queue
[2024-03-05T01:43:51.657+0000] {logging_mixin.py:188} INFO - [2024-03-05T01:43:51.657+0000] {dagbag.py:540} INFO - Filling up the DagBag from /home/airflow/.local/lib/python3.11/site-packages/airflow/example_dags/example_bash_operator.py
[2024-03-05T01:43:51.665+0000] {processor.py:840} INFO - DAG(s) 'example_bash_operator' retrieved from /home/airflow/.local/lib/python3.11/site-packages/airflow/example_dags/example_bash_operator.py
[2024-03-05T01:43:51.685+0000] {logging_mixin.py:188} INFO - [2024-03-05T01:43:51.685+0000] {dag.py:3047} INFO - Sync 1 DAGs
[2024-03-05T01:43:51.700+0000] {logging_mixin.py:188} INFO - [2024-03-05T01:43:51.700+0000] {dag.py:3834} INFO - Setting next_dagrun for example_bash_operator to 2024-03-04 00:00:00+00:00, run_after=2024-03-05 00:00:00+00:00
[2024-03-05T01:43:51.716+0000] {processor.py:183} INFO - Processing /home/airflow/.local/lib/python3.11/site-packages/airflow/example_dags/example_bash_operator.py took 0.067 seconds
[2024-03-05T01:44:22.490+0000] {processor.py:161} INFO - Started process (PID=207) to work on /home/airflow/.local/lib/python3.11/site-packages/airflow/example_dags/example_bash_operator.py
[2024-03-05T01:44:22.491+0000] {processor.py:830} INFO - Processing file /home/airflow/.local/lib/python3.11/site-packages/airflow/example_dags/example_bash_operator.py for tasks to queue
[2024-03-05T01:44:22.493+0000] {logging_mixin.py:188} INFO - [2024-03-05T01:44:22.493+0000] {dagbag.py:540} INFO - Filling up the DagBag from /home/airflow/.local/lib/python3.11/site-packages/airflow/example_dags/example_bash_operator.py
[2024-03-05T01:44:22.502+0000] {processor.py:840} INFO - DAG(s) 'example_bash_operator' retrieved from /home/airflow/.local/lib/python3.11/site-packages/airflow/example_dags/example_bash_operator.py
[2024-03-05T01:44:22.522+0000] {logging_mixin.py:188} INFO - [2024-03-05T01:44:22.522+0000] {dag.py:3047} INFO - Sync 1 DAGs
[2024-03-05T01:44:22.537+0000] {logging_mixin.py:188} INFO - [2024-03-05T01:44:22.537+0000] {dag.py:3834} INFO - Setting next_dagrun for example_bash_operator to 2024-03-04 00:00:00+00:00, run_after=2024-03-05 00:00:00+00:00
[2024-03-05T01:44:22.552+0000] {processor.py:183} INFO - Processing /home/airflow/.local/lib/python3.11/site-packages/airflow/example_dags/example_bash_operator.py took 0.064 seconds
[2024-03-05T01:44:53.284+0000] {processor.py:161} INFO - Started process (PID=262) to work on /home/airflow/.local/lib/python3.11/site-packages/airflow/example_dags/example_bash_operator.py
[2024-03-05T01:44:53.286+0000] {processor.py:830} INFO - Processing file /home/airflow/.local/lib/python3.11/site-packages/airflow/example_dags/example_bash_operator.py for tasks to queue
[2024-03-05T01:44:53.288+0000] {logging_mixin.py:188} INFO - [2024-03-05T01:44:53.287+0000] {dagbag.py:540} INFO - Filling up the DagBag from /home/airflow/.local/lib/python3.11/site-packages/airflow/example_dags/example_bash_operator.py
[2024-03-05T01:44:53.297+0000] {processor.py:840} INFO - DAG(s) 'example_bash_operator' retrieved from /home/airflow/.local/lib/python3.11/site-packages/airflow/example_dags/example_bash_operator.py
[2024-03-05T01:44:53.320+0000] {logging_mixin.py:188} INFO - [2024-03-05T01:44:53.320+0000] {dag.py:3047} INFO - Sync 1 DAGs
[2024-03-05T01:44:53.336+0000] {logging_mixin.py:188} INFO - [2024-03-05T01:44:53.336+0000] {dag.py:3834} INFO - Setting next_dagrun for example_bash_operator to 2024-03-04 00:00:00+00:00, run_after=2024-03-05 00:00:00+00:00
[2024-03-05T01:44:53.354+0000] {processor.py:183} INFO - Processing /home/airflow/.local/lib/python3.11/site-packages/airflow/example_dags/example_bash_operator.py took 0.072 seconds
[2024-03-05T01:45:23.751+0000] {processor.py:161} INFO - Started process (PID=317) to work on /home/airflow/.local/lib/python3.11/site-packages/airflow/example_dags/example_bash_operator.py
[2024-03-05T01:45:23.753+0000] {processor.py:830} INFO - Processing file /home/airflow/.local/lib/python3.11/site-packages/airflow/example_dags/example_bash_operator.py for tasks to queue
[2024-03-05T01:45:23.755+0000] {logging_mixin.py:188} INFO - [2024-03-05T01:45:23.754+0000] {dagbag.py:540} INFO - Filling up the DagBag from /home/airflow/.local/lib/python3.11/site-packages/airflow/example_dags/example_bash_operator.py
[2024-03-05T01:45:23.764+0000] {processor.py:840} INFO - DAG(s) 'example_bash_operator' retrieved from /home/airflow/.local/lib/python3.11/site-packages/airflow/example_dags/example_bash_operator.py
[2024-03-05T01:45:23.784+0000] {logging_mixin.py:188} INFO - [2024-03-05T01:45:23.783+0000] {dag.py:3047} INFO - Sync 1 DAGs
[2024-03-05T01:45:23.798+0000] {logging_mixin.py:188} INFO - [2024-03-05T01:45:23.798+0000] {dag.py:3834} INFO - Setting next_dagrun for example_bash_operator to 2024-03-04 00:00:00+00:00, run_after=2024-03-05 00:00:00+00:00
[2024-03-05T01:45:23.811+0000] {processor.py:183} INFO - Processing /home/airflow/.local/lib/python3.11/site-packages/airflow/example_dags/example_bash_operator.py took 0.062 seconds
[2024-03-05T01:45:54.324+0000] {processor.py:161} INFO - Started process (PID=372) to work on /home/airflow/.local/lib/python3.11/site-packages/airflow/example_dags/example_bash_operator.py
[2024-03-05T01:45:54.325+0000] {processor.py:830} INFO - Processing file /home/airflow/.local/lib/python3.11/site-packages/airflow/example_dags/example_bash_operator.py for tasks to queue
[2024-03-05T01:45:54.327+0000] {logging_mixin.py:188} INFO - [2024-03-05T01:45:54.327+0000] {dagbag.py:540} INFO - Filling up the DagBag from /home/airflow/.local/lib/python3.11/site-packages/airflow/example_dags/example_bash_operator.py
[2024-03-05T01:45:54.335+0000] {processor.py:840} INFO - DAG(s) 'example_bash_operator' retrieved from /home/airflow/.local/lib/python3.11/site-packages/airflow/example_dags/example_bash_operator.py
[2024-03-05T01:45:54.364+0000] {logging_mixin.py:188} INFO - [2024-03-05T01:45:54.364+0000] {dag.py:3047} INFO - Sync 1 DAGs
[2024-03-05T01:45:54.380+0000] {logging_mixin.py:188} INFO - [2024-03-05T01:45:54.379+0000] {dag.py:3834} INFO - Setting next_dagrun for example_bash_operator to 2024-03-04 00:00:00+00:00, run_after=2024-03-05 00:00:00+00:00
[2024-03-05T01:45:54.392+0000] {processor.py:183} INFO - Processing /home/airflow/.local/lib/python3.11/site-packages/airflow/example_dags/example_bash_operator.py took 0.071 seconds
[2024-03-05T01:46:24.490+0000] {processor.py:161} INFO - Started process (PID=427) to work on /home/airflow/.local/lib/python3.11/site-packages/airflow/example_dags/example_bash_operator.py
[2024-03-05T01:46:24.492+0000] {processor.py:830} INFO - Processing file /home/airflow/.local/lib/python3.11/site-packages/airflow/example_dags/example_bash_operator.py for tasks to queue
[2024-03-05T01:46:24.494+0000] {logging_mixin.py:188} INFO - [2024-03-05T01:46:24.494+0000] {dagbag.py:540} INFO - Filling up the DagBag from /home/airflow/.local/lib/python3.11/site-packages/airflow/example_dags/example_bash_operator.py
[2024-03-05T01:46:24.505+0000] {processor.py:840} INFO - DAG(s) 'example_bash_operator' retrieved from /home/airflow/.local/lib/python3.11/site-packages/airflow/example_dags/example_bash_operator.py
[2024-03-05T01:46:24.526+0000] {logging_mixin.py:188} INFO - [2024-03-05T01:46:24.526+0000] {dag.py:3047} INFO - Sync 1 DAGs
[2024-03-05T01:46:24.543+0000] {logging_mixin.py:188} INFO - [2024-03-05T01:46:24.543+0000] {dag.py:3834} INFO - Setting next_dagrun for example_bash_operator to 2024-03-04 00:00:00+00:00, run_after=2024-03-05 00:00:00+00:00
[2024-03-05T01:46:24.561+0000] {processor.py:183} INFO - Processing /home/airflow/.local/lib/python3.11/site-packages/airflow/example_dags/example_bash_operator.py took 0.075 seconds
