[2024-03-05T01:42:51.898+0000] {processor.py:161} INFO - Started process (PID=61) to work on /home/airflow/.local/lib/python3.11/site-packages/airflow/example_dags/tutorial_dag.py
[2024-03-05T01:42:51.900+0000] {processor.py:830} INFO - Processing file /home/airflow/.local/lib/python3.11/site-packages/airflow/example_dags/tutorial_dag.py for tasks to queue
[2024-03-05T01:42:51.902+0000] {logging_mixin.py:188} INFO - [2024-03-05T01:42:51.901+0000] {dagbag.py:540} INFO - Filling up the DagBag from /home/airflow/.local/lib/python3.11/site-packages/airflow/example_dags/tutorial_dag.py
[2024-03-05T01:42:51.908+0000] {processor.py:840} INFO - DAG(s) 'tutorial_dag' retrieved from /home/airflow/.local/lib/python3.11/site-packages/airflow/example_dags/tutorial_dag.py
[2024-03-05T01:42:51.920+0000] {logging_mixin.py:188} INFO - [2024-03-05T01:42:51.920+0000] {dag.py:3047} INFO - Sync 1 DAGs
[2024-03-05T01:42:51.930+0000] {logging_mixin.py:188} INFO - [2024-03-05T01:42:51.930+0000] {dag.py:3834} INFO - Setting next_dagrun for tutorial_dag to None, run_after=None
[2024-03-05T01:42:51.946+0000] {processor.py:183} INFO - Processing /home/airflow/.local/lib/python3.11/site-packages/airflow/example_dags/tutorial_dag.py took 0.050 seconds
[2024-03-05T01:43:22.914+0000] {processor.py:161} INFO - Started process (PID=116) to work on /home/airflow/.local/lib/python3.11/site-packages/airflow/example_dags/tutorial_dag.py
[2024-03-05T01:43:22.915+0000] {processor.py:830} INFO - Processing file /home/airflow/.local/lib/python3.11/site-packages/airflow/example_dags/tutorial_dag.py for tasks to queue
[2024-03-05T01:43:22.917+0000] {logging_mixin.py:188} INFO - [2024-03-05T01:43:22.917+0000] {dagbag.py:540} INFO - Filling up the DagBag from /home/airflow/.local/lib/python3.11/site-packages/airflow/example_dags/tutorial_dag.py
[2024-03-05T01:43:22.922+0000] {processor.py:840} INFO - DAG(s) 'tutorial_dag' retrieved from /home/airflow/.local/lib/python3.11/site-packages/airflow/example_dags/tutorial_dag.py
[2024-03-05T01:43:22.997+0000] {logging_mixin.py:188} INFO - [2024-03-05T01:43:22.997+0000] {dag.py:3047} INFO - Sync 1 DAGs
[2024-03-05T01:43:23.005+0000] {logging_mixin.py:188} INFO - [2024-03-05T01:43:23.005+0000] {dag.py:3834} INFO - Setting next_dagrun for tutorial_dag to None, run_after=None
[2024-03-05T01:43:23.021+0000] {processor.py:183} INFO - Processing /home/airflow/.local/lib/python3.11/site-packages/airflow/example_dags/tutorial_dag.py took 0.110 seconds
[2024-03-05T01:43:53.806+0000] {processor.py:161} INFO - Started process (PID=171) to work on /home/airflow/.local/lib/python3.11/site-packages/airflow/example_dags/tutorial_dag.py
[2024-03-05T01:43:53.808+0000] {processor.py:830} INFO - Processing file /home/airflow/.local/lib/python3.11/site-packages/airflow/example_dags/tutorial_dag.py for tasks to queue
[2024-03-05T01:43:53.810+0000] {logging_mixin.py:188} INFO - [2024-03-05T01:43:53.809+0000] {dagbag.py:540} INFO - Filling up the DagBag from /home/airflow/.local/lib/python3.11/site-packages/airflow/example_dags/tutorial_dag.py
[2024-03-05T01:43:53.814+0000] {processor.py:840} INFO - DAG(s) 'tutorial_dag' retrieved from /home/airflow/.local/lib/python3.11/site-packages/airflow/example_dags/tutorial_dag.py
[2024-03-05T01:43:53.830+0000] {logging_mixin.py:188} INFO - [2024-03-05T01:43:53.830+0000] {dag.py:3047} INFO - Sync 1 DAGs
[2024-03-05T01:43:53.845+0000] {logging_mixin.py:188} INFO - [2024-03-05T01:43:53.845+0000] {dag.py:3834} INFO - Setting next_dagrun for tutorial_dag to None, run_after=None
[2024-03-05T01:43:53.859+0000] {processor.py:183} INFO - Processing /home/airflow/.local/lib/python3.11/site-packages/airflow/example_dags/tutorial_dag.py took 0.056 seconds
[2024-03-05T01:44:24.732+0000] {processor.py:161} INFO - Started process (PID=226) to work on /home/airflow/.local/lib/python3.11/site-packages/airflow/example_dags/tutorial_dag.py
[2024-03-05T01:44:24.734+0000] {processor.py:830} INFO - Processing file /home/airflow/.local/lib/python3.11/site-packages/airflow/example_dags/tutorial_dag.py for tasks to queue
[2024-03-05T01:44:24.736+0000] {logging_mixin.py:188} INFO - [2024-03-05T01:44:24.736+0000] {dagbag.py:540} INFO - Filling up the DagBag from /home/airflow/.local/lib/python3.11/site-packages/airflow/example_dags/tutorial_dag.py
[2024-03-05T01:44:24.741+0000] {processor.py:840} INFO - DAG(s) 'tutorial_dag' retrieved from /home/airflow/.local/lib/python3.11/site-packages/airflow/example_dags/tutorial_dag.py
[2024-03-05T01:44:24.759+0000] {logging_mixin.py:188} INFO - [2024-03-05T01:44:24.759+0000] {dag.py:3047} INFO - Sync 1 DAGs
[2024-03-05T01:44:24.768+0000] {logging_mixin.py:188} INFO - [2024-03-05T01:44:24.768+0000] {dag.py:3834} INFO - Setting next_dagrun for tutorial_dag to None, run_after=None
[2024-03-05T01:44:24.783+0000] {processor.py:183} INFO - Processing /home/airflow/.local/lib/python3.11/site-packages/airflow/example_dags/tutorial_dag.py took 0.054 seconds
[2024-03-05T01:44:55.302+0000] {processor.py:161} INFO - Started process (PID=281) to work on /home/airflow/.local/lib/python3.11/site-packages/airflow/example_dags/tutorial_dag.py
[2024-03-05T01:44:55.303+0000] {processor.py:830} INFO - Processing file /home/airflow/.local/lib/python3.11/site-packages/airflow/example_dags/tutorial_dag.py for tasks to queue
[2024-03-05T01:44:55.305+0000] {logging_mixin.py:188} INFO - [2024-03-05T01:44:55.304+0000] {dagbag.py:540} INFO - Filling up the DagBag from /home/airflow/.local/lib/python3.11/site-packages/airflow/example_dags/tutorial_dag.py
[2024-03-05T01:44:55.315+0000] {processor.py:840} INFO - DAG(s) 'tutorial_dag' retrieved from /home/airflow/.local/lib/python3.11/site-packages/airflow/example_dags/tutorial_dag.py
[2024-03-05T01:44:55.331+0000] {logging_mixin.py:188} INFO - [2024-03-05T01:44:55.331+0000] {dag.py:3047} INFO - Sync 1 DAGs
[2024-03-05T01:44:55.339+0000] {logging_mixin.py:188} INFO - [2024-03-05T01:44:55.339+0000] {dag.py:3834} INFO - Setting next_dagrun for tutorial_dag to None, run_after=None
[2024-03-05T01:44:55.355+0000] {processor.py:183} INFO - Processing /home/airflow/.local/lib/python3.11/site-packages/airflow/example_dags/tutorial_dag.py took 0.056 seconds
[2024-03-05T01:45:25.946+0000] {processor.py:161} INFO - Started process (PID=336) to work on /home/airflow/.local/lib/python3.11/site-packages/airflow/example_dags/tutorial_dag.py
[2024-03-05T01:45:25.947+0000] {processor.py:830} INFO - Processing file /home/airflow/.local/lib/python3.11/site-packages/airflow/example_dags/tutorial_dag.py for tasks to queue
[2024-03-05T01:45:25.949+0000] {logging_mixin.py:188} INFO - [2024-03-05T01:45:25.949+0000] {dagbag.py:540} INFO - Filling up the DagBag from /home/airflow/.local/lib/python3.11/site-packages/airflow/example_dags/tutorial_dag.py
[2024-03-05T01:45:25.953+0000] {processor.py:840} INFO - DAG(s) 'tutorial_dag' retrieved from /home/airflow/.local/lib/python3.11/site-packages/airflow/example_dags/tutorial_dag.py
[2024-03-05T01:45:25.968+0000] {logging_mixin.py:188} INFO - [2024-03-05T01:45:25.968+0000] {dag.py:3047} INFO - Sync 1 DAGs
[2024-03-05T01:45:25.976+0000] {logging_mixin.py:188} INFO - [2024-03-05T01:45:25.976+0000] {dag.py:3834} INFO - Setting next_dagrun for tutorial_dag to None, run_after=None
[2024-03-05T01:45:25.990+0000] {processor.py:183} INFO - Processing /home/airflow/.local/lib/python3.11/site-packages/airflow/example_dags/tutorial_dag.py took 0.046 seconds
[2024-03-05T01:45:56.586+0000] {processor.py:161} INFO - Started process (PID=391) to work on /home/airflow/.local/lib/python3.11/site-packages/airflow/example_dags/tutorial_dag.py
[2024-03-05T01:45:56.588+0000] {processor.py:830} INFO - Processing file /home/airflow/.local/lib/python3.11/site-packages/airflow/example_dags/tutorial_dag.py for tasks to queue
[2024-03-05T01:45:56.590+0000] {logging_mixin.py:188} INFO - [2024-03-05T01:45:56.590+0000] {dagbag.py:540} INFO - Filling up the DagBag from /home/airflow/.local/lib/python3.11/site-packages/airflow/example_dags/tutorial_dag.py
[2024-03-05T01:45:56.595+0000] {processor.py:840} INFO - DAG(s) 'tutorial_dag' retrieved from /home/airflow/.local/lib/python3.11/site-packages/airflow/example_dags/tutorial_dag.py
[2024-03-05T01:45:56.611+0000] {logging_mixin.py:188} INFO - [2024-03-05T01:45:56.611+0000] {dag.py:3047} INFO - Sync 1 DAGs
[2024-03-05T01:45:56.620+0000] {logging_mixin.py:188} INFO - [2024-03-05T01:45:56.620+0000] {dag.py:3834} INFO - Setting next_dagrun for tutorial_dag to None, run_after=None
[2024-03-05T01:45:56.636+0000] {processor.py:183} INFO - Processing /home/airflow/.local/lib/python3.11/site-packages/airflow/example_dags/tutorial_dag.py took 0.052 seconds
[2024-03-05T01:46:26.780+0000] {processor.py:161} INFO - Started process (PID=445) to work on /home/airflow/.local/lib/python3.11/site-packages/airflow/example_dags/tutorial_dag.py
[2024-03-05T01:46:26.781+0000] {processor.py:830} INFO - Processing file /home/airflow/.local/lib/python3.11/site-packages/airflow/example_dags/tutorial_dag.py for tasks to queue
[2024-03-05T01:46:26.783+0000] {logging_mixin.py:188} INFO - [2024-03-05T01:46:26.783+0000] {dagbag.py:540} INFO - Filling up the DagBag from /home/airflow/.local/lib/python3.11/site-packages/airflow/example_dags/tutorial_dag.py
[2024-03-05T01:46:26.788+0000] {processor.py:840} INFO - DAG(s) 'tutorial_dag' retrieved from /home/airflow/.local/lib/python3.11/site-packages/airflow/example_dags/tutorial_dag.py
[2024-03-05T01:46:26.804+0000] {logging_mixin.py:188} INFO - [2024-03-05T01:46:26.804+0000] {dag.py:3047} INFO - Sync 1 DAGs
[2024-03-05T01:46:26.813+0000] {logging_mixin.py:188} INFO - [2024-03-05T01:46:26.813+0000] {dag.py:3834} INFO - Setting next_dagrun for tutorial_dag to None, run_after=None
[2024-03-05T01:46:26.832+0000] {processor.py:183} INFO - Processing /home/airflow/.local/lib/python3.11/site-packages/airflow/example_dags/tutorial_dag.py took 0.054 seconds
