[2024-03-05T01:42:52.805+0000] {processor.py:161} INFO - Started process (PID=80) to work on /home/airflow/.local/lib/python3.11/site-packages/airflow/example_dags/tutorial.py
[2024-03-05T01:42:52.807+0000] {processor.py:830} INFO - Processing file /home/airflow/.local/lib/python3.11/site-packages/airflow/example_dags/tutorial.py for tasks to queue
[2024-03-05T01:42:52.817+0000] {logging_mixin.py:188} INFO - [2024-03-05T01:42:52.816+0000] {dagbag.py:540} INFO - Filling up the DagBag from /home/airflow/.local/lib/python3.11/site-packages/airflow/example_dags/tutorial.py
[2024-03-05T01:42:52.826+0000] {processor.py:840} INFO - DAG(s) 'tutorial' retrieved from /home/airflow/.local/lib/python3.11/site-packages/airflow/example_dags/tutorial.py
[2024-03-05T01:42:52.836+0000] {logging_mixin.py:188} INFO - [2024-03-05T01:42:52.835+0000] {dag.py:3047} INFO - Sync 1 DAGs
[2024-03-05T01:42:52.853+0000] {logging_mixin.py:188} INFO - [2024-03-05T01:42:52.853+0000] {dag.py:3834} INFO - Setting next_dagrun for tutorial to 2024-03-04 00:00:00+00:00, run_after=2024-03-05 00:00:00+00:00
[2024-03-05T01:42:52.871+0000] {processor.py:183} INFO - Processing /home/airflow/.local/lib/python3.11/site-packages/airflow/example_dags/tutorial.py took 0.079 seconds
[2024-03-05T01:43:24.687+0000] {processor.py:161} INFO - Started process (PID=135) to work on /home/airflow/.local/lib/python3.11/site-packages/airflow/example_dags/tutorial.py
[2024-03-05T01:43:24.688+0000] {processor.py:830} INFO - Processing file /home/airflow/.local/lib/python3.11/site-packages/airflow/example_dags/tutorial.py for tasks to queue
[2024-03-05T01:43:24.690+0000] {logging_mixin.py:188} INFO - [2024-03-05T01:43:24.689+0000] {dagbag.py:540} INFO - Filling up the DagBag from /home/airflow/.local/lib/python3.11/site-packages/airflow/example_dags/tutorial.py
[2024-03-05T01:43:24.695+0000] {processor.py:840} INFO - DAG(s) 'tutorial' retrieved from /home/airflow/.local/lib/python3.11/site-packages/airflow/example_dags/tutorial.py
[2024-03-05T01:43:24.765+0000] {logging_mixin.py:188} INFO - [2024-03-05T01:43:24.765+0000] {dag.py:3047} INFO - Sync 1 DAGs
[2024-03-05T01:43:24.781+0000] {logging_mixin.py:188} INFO - [2024-03-05T01:43:24.781+0000] {dag.py:3834} INFO - Setting next_dagrun for tutorial to 2024-03-04 00:00:00+00:00, run_after=2024-03-05 00:00:00+00:00
[2024-03-05T01:43:24.795+0000] {processor.py:183} INFO - Processing /home/airflow/.local/lib/python3.11/site-packages/airflow/example_dags/tutorial.py took 0.110 seconds
[2024-03-05T01:43:55.819+0000] {processor.py:161} INFO - Started process (PID=190) to work on /home/airflow/.local/lib/python3.11/site-packages/airflow/example_dags/tutorial.py
[2024-03-05T01:43:55.821+0000] {processor.py:830} INFO - Processing file /home/airflow/.local/lib/python3.11/site-packages/airflow/example_dags/tutorial.py for tasks to queue
[2024-03-05T01:43:55.823+0000] {logging_mixin.py:188} INFO - [2024-03-05T01:43:55.823+0000] {dagbag.py:540} INFO - Filling up the DagBag from /home/airflow/.local/lib/python3.11/site-packages/airflow/example_dags/tutorial.py
[2024-03-05T01:43:55.828+0000] {processor.py:840} INFO - DAG(s) 'tutorial' retrieved from /home/airflow/.local/lib/python3.11/site-packages/airflow/example_dags/tutorial.py
[2024-03-05T01:43:55.844+0000] {logging_mixin.py:188} INFO - [2024-03-05T01:43:55.843+0000] {dag.py:3047} INFO - Sync 1 DAGs
[2024-03-05T01:43:55.858+0000] {logging_mixin.py:188} INFO - [2024-03-05T01:43:55.858+0000] {dag.py:3834} INFO - Setting next_dagrun for tutorial to 2024-03-04 00:00:00+00:00, run_after=2024-03-05 00:00:00+00:00
[2024-03-05T01:43:55.874+0000] {processor.py:183} INFO - Processing /home/airflow/.local/lib/python3.11/site-packages/airflow/example_dags/tutorial.py took 0.059 seconds
[2024-03-05T01:44:26.597+0000] {processor.py:161} INFO - Started process (PID=245) to work on /home/airflow/.local/lib/python3.11/site-packages/airflow/example_dags/tutorial.py
[2024-03-05T01:44:26.599+0000] {processor.py:830} INFO - Processing file /home/airflow/.local/lib/python3.11/site-packages/airflow/example_dags/tutorial.py for tasks to queue
[2024-03-05T01:44:26.601+0000] {logging_mixin.py:188} INFO - [2024-03-05T01:44:26.601+0000] {dagbag.py:540} INFO - Filling up the DagBag from /home/airflow/.local/lib/python3.11/site-packages/airflow/example_dags/tutorial.py
[2024-03-05T01:44:26.606+0000] {processor.py:840} INFO - DAG(s) 'tutorial' retrieved from /home/airflow/.local/lib/python3.11/site-packages/airflow/example_dags/tutorial.py
[2024-03-05T01:44:26.623+0000] {logging_mixin.py:188} INFO - [2024-03-05T01:44:26.623+0000] {dag.py:3047} INFO - Sync 1 DAGs
[2024-03-05T01:44:26.638+0000] {logging_mixin.py:188} INFO - [2024-03-05T01:44:26.637+0000] {dag.py:3834} INFO - Setting next_dagrun for tutorial to 2024-03-04 00:00:00+00:00, run_after=2024-03-05 00:00:00+00:00
[2024-03-05T01:44:26.652+0000] {processor.py:183} INFO - Processing /home/airflow/.local/lib/python3.11/site-packages/airflow/example_dags/tutorial.py took 0.058 seconds
[2024-03-05T01:44:57.147+0000] {processor.py:161} INFO - Started process (PID=300) to work on /home/airflow/.local/lib/python3.11/site-packages/airflow/example_dags/tutorial.py
[2024-03-05T01:44:57.148+0000] {processor.py:830} INFO - Processing file /home/airflow/.local/lib/python3.11/site-packages/airflow/example_dags/tutorial.py for tasks to queue
[2024-03-05T01:44:57.151+0000] {logging_mixin.py:188} INFO - [2024-03-05T01:44:57.150+0000] {dagbag.py:540} INFO - Filling up the DagBag from /home/airflow/.local/lib/python3.11/site-packages/airflow/example_dags/tutorial.py
[2024-03-05T01:44:57.155+0000] {processor.py:840} INFO - DAG(s) 'tutorial' retrieved from /home/airflow/.local/lib/python3.11/site-packages/airflow/example_dags/tutorial.py
[2024-03-05T01:44:57.172+0000] {logging_mixin.py:188} INFO - [2024-03-05T01:44:57.171+0000] {dag.py:3047} INFO - Sync 1 DAGs
[2024-03-05T01:44:57.186+0000] {logging_mixin.py:188} INFO - [2024-03-05T01:44:57.186+0000] {dag.py:3834} INFO - Setting next_dagrun for tutorial to 2024-03-04 00:00:00+00:00, run_after=2024-03-05 00:00:00+00:00
[2024-03-05T01:44:57.205+0000] {processor.py:183} INFO - Processing /home/airflow/.local/lib/python3.11/site-packages/airflow/example_dags/tutorial.py took 0.060 seconds
[2024-03-05T01:45:27.708+0000] {processor.py:161} INFO - Started process (PID=355) to work on /home/airflow/.local/lib/python3.11/site-packages/airflow/example_dags/tutorial.py
[2024-03-05T01:45:27.709+0000] {processor.py:830} INFO - Processing file /home/airflow/.local/lib/python3.11/site-packages/airflow/example_dags/tutorial.py for tasks to queue
[2024-03-05T01:45:27.711+0000] {logging_mixin.py:188} INFO - [2024-03-05T01:45:27.711+0000] {dagbag.py:540} INFO - Filling up the DagBag from /home/airflow/.local/lib/python3.11/site-packages/airflow/example_dags/tutorial.py
[2024-03-05T01:45:27.716+0000] {processor.py:840} INFO - DAG(s) 'tutorial' retrieved from /home/airflow/.local/lib/python3.11/site-packages/airflow/example_dags/tutorial.py
[2024-03-05T01:45:27.732+0000] {logging_mixin.py:188} INFO - [2024-03-05T01:45:27.732+0000] {dag.py:3047} INFO - Sync 1 DAGs
[2024-03-05T01:45:27.746+0000] {logging_mixin.py:188} INFO - [2024-03-05T01:45:27.745+0000] {dag.py:3834} INFO - Setting next_dagrun for tutorial to 2024-03-04 00:00:00+00:00, run_after=2024-03-05 00:00:00+00:00
[2024-03-05T01:45:27.761+0000] {processor.py:183} INFO - Processing /home/airflow/.local/lib/python3.11/site-packages/airflow/example_dags/tutorial.py took 0.055 seconds
[2024-03-05T01:45:58.749+0000] {processor.py:161} INFO - Started process (PID=410) to work on /home/airflow/.local/lib/python3.11/site-packages/airflow/example_dags/tutorial.py
[2024-03-05T01:45:58.750+0000] {processor.py:830} INFO - Processing file /home/airflow/.local/lib/python3.11/site-packages/airflow/example_dags/tutorial.py for tasks to queue
[2024-03-05T01:45:58.752+0000] {logging_mixin.py:188} INFO - [2024-03-05T01:45:58.752+0000] {dagbag.py:540} INFO - Filling up the DagBag from /home/airflow/.local/lib/python3.11/site-packages/airflow/example_dags/tutorial.py
[2024-03-05T01:45:58.757+0000] {processor.py:840} INFO - DAG(s) 'tutorial' retrieved from /home/airflow/.local/lib/python3.11/site-packages/airflow/example_dags/tutorial.py
[2024-03-05T01:45:58.772+0000] {logging_mixin.py:188} INFO - [2024-03-05T01:45:58.772+0000] {dag.py:3047} INFO - Sync 1 DAGs
[2024-03-05T01:45:58.789+0000] {logging_mixin.py:188} INFO - [2024-03-05T01:45:58.788+0000] {dag.py:3834} INFO - Setting next_dagrun for tutorial to 2024-03-04 00:00:00+00:00, run_after=2024-03-05 00:00:00+00:00
[2024-03-05T01:45:58.803+0000] {processor.py:183} INFO - Processing /home/airflow/.local/lib/python3.11/site-packages/airflow/example_dags/tutorial.py took 0.056 seconds
[2024-03-05T01:46:29.013+0000] {processor.py:161} INFO - Started process (PID=465) to work on /home/airflow/.local/lib/python3.11/site-packages/airflow/example_dags/tutorial.py
[2024-03-05T01:46:29.014+0000] {processor.py:830} INFO - Processing file /home/airflow/.local/lib/python3.11/site-packages/airflow/example_dags/tutorial.py for tasks to queue
[2024-03-05T01:46:29.016+0000] {logging_mixin.py:188} INFO - [2024-03-05T01:46:29.016+0000] {dagbag.py:540} INFO - Filling up the DagBag from /home/airflow/.local/lib/python3.11/site-packages/airflow/example_dags/tutorial.py
[2024-03-05T01:46:29.021+0000] {processor.py:840} INFO - DAG(s) 'tutorial' retrieved from /home/airflow/.local/lib/python3.11/site-packages/airflow/example_dags/tutorial.py
[2024-03-05T01:46:29.036+0000] {logging_mixin.py:188} INFO - [2024-03-05T01:46:29.036+0000] {dag.py:3047} INFO - Sync 1 DAGs
[2024-03-05T01:46:29.051+0000] {logging_mixin.py:188} INFO - [2024-03-05T01:46:29.051+0000] {dag.py:3834} INFO - Setting next_dagrun for tutorial to 2024-03-04 00:00:00+00:00, run_after=2024-03-05 00:00:00+00:00
[2024-03-05T01:46:29.065+0000] {processor.py:183} INFO - Processing /home/airflow/.local/lib/python3.11/site-packages/airflow/example_dags/tutorial.py took 0.054 seconds
