[2024-03-05T01:42:52.997+0000] {processor.py:161} INFO - Started process (PID=82) to work on /home/airflow/.local/lib/python3.11/site-packages/airflow/example_dags/tutorial_objectstorage.py
[2024-03-05T01:42:52.998+0000] {processor.py:830} INFO - Processing file /home/airflow/.local/lib/python3.11/site-packages/airflow/example_dags/tutorial_objectstorage.py for tasks to queue
[2024-03-05T01:42:53.001+0000] {logging_mixin.py:188} INFO - [2024-03-05T01:42:53.000+0000] {dagbag.py:540} INFO - Filling up the DagBag from /home/airflow/.local/lib/python3.11/site-packages/airflow/example_dags/tutorial_objectstorage.py
[2024-03-05T01:42:53.008+0000] {processor.py:840} INFO - DAG(s) 'tutorial_objectstorage' retrieved from /home/airflow/.local/lib/python3.11/site-packages/airflow/example_dags/tutorial_objectstorage.py
[2024-03-05T01:42:53.020+0000] {logging_mixin.py:188} INFO - [2024-03-05T01:42:53.019+0000] {dag.py:3047} INFO - Sync 1 DAGs
[2024-03-05T01:42:53.030+0000] {logging_mixin.py:188} INFO - [2024-03-05T01:42:53.030+0000] {dag.py:3834} INFO - Setting next_dagrun for tutorial_objectstorage to None, run_after=None
[2024-03-05T01:42:53.049+0000] {processor.py:183} INFO - Processing /home/airflow/.local/lib/python3.11/site-packages/airflow/example_dags/tutorial_objectstorage.py took 0.056 seconds
[2024-03-05T01:43:25.030+0000] {processor.py:161} INFO - Started process (PID=137) to work on /home/airflow/.local/lib/python3.11/site-packages/airflow/example_dags/tutorial_objectstorage.py
[2024-03-05T01:43:25.031+0000] {processor.py:830} INFO - Processing file /home/airflow/.local/lib/python3.11/site-packages/airflow/example_dags/tutorial_objectstorage.py for tasks to queue
[2024-03-05T01:43:25.033+0000] {logging_mixin.py:188} INFO - [2024-03-05T01:43:25.033+0000] {dagbag.py:540} INFO - Filling up the DagBag from /home/airflow/.local/lib/python3.11/site-packages/airflow/example_dags/tutorial_objectstorage.py
[2024-03-05T01:43:25.038+0000] {processor.py:840} INFO - DAG(s) 'tutorial_objectstorage' retrieved from /home/airflow/.local/lib/python3.11/site-packages/airflow/example_dags/tutorial_objectstorage.py
[2024-03-05T01:43:25.118+0000] {logging_mixin.py:188} INFO - [2024-03-05T01:43:25.118+0000] {dag.py:3047} INFO - Sync 1 DAGs
[2024-03-05T01:43:25.127+0000] {logging_mixin.py:188} INFO - [2024-03-05T01:43:25.127+0000] {dag.py:3834} INFO - Setting next_dagrun for tutorial_objectstorage to None, run_after=None
[2024-03-05T01:43:25.141+0000] {processor.py:183} INFO - Processing /home/airflow/.local/lib/python3.11/site-packages/airflow/example_dags/tutorial_objectstorage.py took 0.114 seconds
[2024-03-05T01:43:55.918+0000] {processor.py:161} INFO - Started process (PID=192) to work on /home/airflow/.local/lib/python3.11/site-packages/airflow/example_dags/tutorial_objectstorage.py
[2024-03-05T01:43:55.920+0000] {processor.py:830} INFO - Processing file /home/airflow/.local/lib/python3.11/site-packages/airflow/example_dags/tutorial_objectstorage.py for tasks to queue
[2024-03-05T01:43:55.921+0000] {logging_mixin.py:188} INFO - [2024-03-05T01:43:55.921+0000] {dagbag.py:540} INFO - Filling up the DagBag from /home/airflow/.local/lib/python3.11/site-packages/airflow/example_dags/tutorial_objectstorage.py
[2024-03-05T01:43:55.927+0000] {processor.py:840} INFO - DAG(s) 'tutorial_objectstorage' retrieved from /home/airflow/.local/lib/python3.11/site-packages/airflow/example_dags/tutorial_objectstorage.py
[2024-03-05T01:43:55.942+0000] {logging_mixin.py:188} INFO - [2024-03-05T01:43:55.942+0000] {dag.py:3047} INFO - Sync 1 DAGs
[2024-03-05T01:43:55.951+0000] {logging_mixin.py:188} INFO - [2024-03-05T01:43:55.951+0000] {dag.py:3834} INFO - Setting next_dagrun for tutorial_objectstorage to None, run_after=None
[2024-03-05T01:43:55.966+0000] {processor.py:183} INFO - Processing /home/airflow/.local/lib/python3.11/site-packages/airflow/example_dags/tutorial_objectstorage.py took 0.050 seconds
[2024-03-05T01:44:26.813+0000] {processor.py:161} INFO - Started process (PID=247) to work on /home/airflow/.local/lib/python3.11/site-packages/airflow/example_dags/tutorial_objectstorage.py
[2024-03-05T01:44:26.815+0000] {processor.py:830} INFO - Processing file /home/airflow/.local/lib/python3.11/site-packages/airflow/example_dags/tutorial_objectstorage.py for tasks to queue
[2024-03-05T01:44:26.817+0000] {logging_mixin.py:188} INFO - [2024-03-05T01:44:26.816+0000] {dagbag.py:540} INFO - Filling up the DagBag from /home/airflow/.local/lib/python3.11/site-packages/airflow/example_dags/tutorial_objectstorage.py
[2024-03-05T01:44:26.822+0000] {processor.py:840} INFO - DAG(s) 'tutorial_objectstorage' retrieved from /home/airflow/.local/lib/python3.11/site-packages/airflow/example_dags/tutorial_objectstorage.py
[2024-03-05T01:44:26.838+0000] {logging_mixin.py:188} INFO - [2024-03-05T01:44:26.838+0000] {dag.py:3047} INFO - Sync 1 DAGs
[2024-03-05T01:44:26.847+0000] {logging_mixin.py:188} INFO - [2024-03-05T01:44:26.846+0000] {dag.py:3834} INFO - Setting next_dagrun for tutorial_objectstorage to None, run_after=None
[2024-03-05T01:44:26.862+0000] {processor.py:183} INFO - Processing /home/airflow/.local/lib/python3.11/site-packages/airflow/example_dags/tutorial_objectstorage.py took 0.051 seconds
[2024-03-05T01:44:57.339+0000] {processor.py:161} INFO - Started process (PID=302) to work on /home/airflow/.local/lib/python3.11/site-packages/airflow/example_dags/tutorial_objectstorage.py
[2024-03-05T01:44:57.340+0000] {processor.py:830} INFO - Processing file /home/airflow/.local/lib/python3.11/site-packages/airflow/example_dags/tutorial_objectstorage.py for tasks to queue
[2024-03-05T01:44:57.342+0000] {logging_mixin.py:188} INFO - [2024-03-05T01:44:57.342+0000] {dagbag.py:540} INFO - Filling up the DagBag from /home/airflow/.local/lib/python3.11/site-packages/airflow/example_dags/tutorial_objectstorage.py
[2024-03-05T01:44:57.347+0000] {processor.py:840} INFO - DAG(s) 'tutorial_objectstorage' retrieved from /home/airflow/.local/lib/python3.11/site-packages/airflow/example_dags/tutorial_objectstorage.py
[2024-03-05T01:44:57.361+0000] {logging_mixin.py:188} INFO - [2024-03-05T01:44:57.361+0000] {dag.py:3047} INFO - Sync 1 DAGs
[2024-03-05T01:44:57.371+0000] {logging_mixin.py:188} INFO - [2024-03-05T01:44:57.371+0000] {dag.py:3834} INFO - Setting next_dagrun for tutorial_objectstorage to None, run_after=None
[2024-03-05T01:44:57.386+0000] {processor.py:183} INFO - Processing /home/airflow/.local/lib/python3.11/site-packages/airflow/example_dags/tutorial_objectstorage.py took 0.050 seconds
[2024-03-05T01:45:27.916+0000] {processor.py:161} INFO - Started process (PID=357) to work on /home/airflow/.local/lib/python3.11/site-packages/airflow/example_dags/tutorial_objectstorage.py
[2024-03-05T01:45:27.917+0000] {processor.py:830} INFO - Processing file /home/airflow/.local/lib/python3.11/site-packages/airflow/example_dags/tutorial_objectstorage.py for tasks to queue
[2024-03-05T01:45:27.919+0000] {logging_mixin.py:188} INFO - [2024-03-05T01:45:27.919+0000] {dagbag.py:540} INFO - Filling up the DagBag from /home/airflow/.local/lib/python3.11/site-packages/airflow/example_dags/tutorial_objectstorage.py
[2024-03-05T01:45:27.925+0000] {processor.py:840} INFO - DAG(s) 'tutorial_objectstorage' retrieved from /home/airflow/.local/lib/python3.11/site-packages/airflow/example_dags/tutorial_objectstorage.py
[2024-03-05T01:45:27.940+0000] {logging_mixin.py:188} INFO - [2024-03-05T01:45:27.940+0000] {dag.py:3047} INFO - Sync 1 DAGs
[2024-03-05T01:45:27.951+0000] {logging_mixin.py:188} INFO - [2024-03-05T01:45:27.951+0000] {dag.py:3834} INFO - Setting next_dagrun for tutorial_objectstorage to None, run_after=None
[2024-03-05T01:45:27.964+0000] {processor.py:183} INFO - Processing /home/airflow/.local/lib/python3.11/site-packages/airflow/example_dags/tutorial_objectstorage.py took 0.051 seconds
[2024-03-05T01:45:58.947+0000] {processor.py:161} INFO - Started process (PID=412) to work on /home/airflow/.local/lib/python3.11/site-packages/airflow/example_dags/tutorial_objectstorage.py
[2024-03-05T01:45:58.948+0000] {processor.py:830} INFO - Processing file /home/airflow/.local/lib/python3.11/site-packages/airflow/example_dags/tutorial_objectstorage.py for tasks to queue
[2024-03-05T01:45:58.950+0000] {logging_mixin.py:188} INFO - [2024-03-05T01:45:58.950+0000] {dagbag.py:540} INFO - Filling up the DagBag from /home/airflow/.local/lib/python3.11/site-packages/airflow/example_dags/tutorial_objectstorage.py
[2024-03-05T01:45:58.955+0000] {processor.py:840} INFO - DAG(s) 'tutorial_objectstorage' retrieved from /home/airflow/.local/lib/python3.11/site-packages/airflow/example_dags/tutorial_objectstorage.py
[2024-03-05T01:45:58.970+0000] {logging_mixin.py:188} INFO - [2024-03-05T01:45:58.970+0000] {dag.py:3047} INFO - Sync 1 DAGs
[2024-03-05T01:45:58.979+0000] {logging_mixin.py:188} INFO - [2024-03-05T01:45:58.979+0000] {dag.py:3834} INFO - Setting next_dagrun for tutorial_objectstorage to None, run_after=None
[2024-03-05T01:45:58.996+0000] {processor.py:183} INFO - Processing /home/airflow/.local/lib/python3.11/site-packages/airflow/example_dags/tutorial_objectstorage.py took 0.051 seconds
[2024-03-05T01:46:29.204+0000] {processor.py:161} INFO - Started process (PID=467) to work on /home/airflow/.local/lib/python3.11/site-packages/airflow/example_dags/tutorial_objectstorage.py
[2024-03-05T01:46:29.205+0000] {processor.py:830} INFO - Processing file /home/airflow/.local/lib/python3.11/site-packages/airflow/example_dags/tutorial_objectstorage.py for tasks to queue
[2024-03-05T01:46:29.207+0000] {logging_mixin.py:188} INFO - [2024-03-05T01:46:29.206+0000] {dagbag.py:540} INFO - Filling up the DagBag from /home/airflow/.local/lib/python3.11/site-packages/airflow/example_dags/tutorial_objectstorage.py
[2024-03-05T01:46:29.212+0000] {processor.py:840} INFO - DAG(s) 'tutorial_objectstorage' retrieved from /home/airflow/.local/lib/python3.11/site-packages/airflow/example_dags/tutorial_objectstorage.py
[2024-03-05T01:46:29.228+0000] {logging_mixin.py:188} INFO - [2024-03-05T01:46:29.228+0000] {dag.py:3047} INFO - Sync 1 DAGs
[2024-03-05T01:46:29.237+0000] {logging_mixin.py:188} INFO - [2024-03-05T01:46:29.236+0000] {dag.py:3834} INFO - Setting next_dagrun for tutorial_objectstorage to None, run_after=None
[2024-03-05T01:46:29.253+0000] {processor.py:183} INFO - Processing /home/airflow/.local/lib/python3.11/site-packages/airflow/example_dags/tutorial_objectstorage.py took 0.052 seconds
