[2024-03-05T01:42:50.819+0000] {processor.py:161} INFO - Started process (PID=43) to work on /home/airflow/.local/lib/python3.11/site-packages/airflow/example_dags/tutorial_taskflow_api.py
[2024-03-05T01:42:50.820+0000] {processor.py:830} INFO - Processing file /home/airflow/.local/lib/python3.11/site-packages/airflow/example_dags/tutorial_taskflow_api.py for tasks to queue
[2024-03-05T01:42:50.822+0000] {logging_mixin.py:188} INFO - [2024-03-05T01:42:50.822+0000] {dagbag.py:540} INFO - Filling up the DagBag from /home/airflow/.local/lib/python3.11/site-packages/airflow/example_dags/tutorial_taskflow_api.py
[2024-03-05T01:42:50.833+0000] {processor.py:840} INFO - DAG(s) 'tutorial_taskflow_api' retrieved from /home/airflow/.local/lib/python3.11/site-packages/airflow/example_dags/tutorial_taskflow_api.py
[2024-03-05T01:42:50.853+0000] {logging_mixin.py:188} INFO - [2024-03-05T01:42:50.853+0000] {dag.py:3047} INFO - Sync 1 DAGs
[2024-03-05T01:42:50.867+0000] {logging_mixin.py:188} INFO - [2024-03-05T01:42:50.867+0000] {dag.py:3834} INFO - Setting next_dagrun for tutorial_taskflow_api to None, run_after=None
[2024-03-05T01:42:50.884+0000] {processor.py:183} INFO - Processing /home/airflow/.local/lib/python3.11/site-packages/airflow/example_dags/tutorial_taskflow_api.py took 0.070 seconds
[2024-03-05T01:43:21.296+0000] {processor.py:161} INFO - Started process (PID=98) to work on /home/airflow/.local/lib/python3.11/site-packages/airflow/example_dags/tutorial_taskflow_api.py
[2024-03-05T01:43:21.297+0000] {processor.py:830} INFO - Processing file /home/airflow/.local/lib/python3.11/site-packages/airflow/example_dags/tutorial_taskflow_api.py for tasks to queue
[2024-03-05T01:43:21.300+0000] {logging_mixin.py:188} INFO - [2024-03-05T01:43:21.300+0000] {dagbag.py:540} INFO - Filling up the DagBag from /home/airflow/.local/lib/python3.11/site-packages/airflow/example_dags/tutorial_taskflow_api.py
[2024-03-05T01:43:21.307+0000] {processor.py:840} INFO - DAG(s) 'tutorial_taskflow_api' retrieved from /home/airflow/.local/lib/python3.11/site-packages/airflow/example_dags/tutorial_taskflow_api.py
[2024-03-05T01:43:21.439+0000] {logging_mixin.py:188} INFO - [2024-03-05T01:43:21.439+0000] {dag.py:3047} INFO - Sync 1 DAGs
[2024-03-05T01:43:21.448+0000] {logging_mixin.py:188} INFO - [2024-03-05T01:43:21.448+0000] {dag.py:3834} INFO - Setting next_dagrun for tutorial_taskflow_api to None, run_after=None
[2024-03-05T01:43:21.465+0000] {processor.py:183} INFO - Processing /home/airflow/.local/lib/python3.11/site-packages/airflow/example_dags/tutorial_taskflow_api.py took 0.172 seconds
[2024-03-05T01:43:51.651+0000] {processor.py:161} INFO - Started process (PID=153) to work on /home/airflow/.local/lib/python3.11/site-packages/airflow/example_dags/tutorial_taskflow_api.py
[2024-03-05T01:43:51.655+0000] {processor.py:830} INFO - Processing file /home/airflow/.local/lib/python3.11/site-packages/airflow/example_dags/tutorial_taskflow_api.py for tasks to queue
[2024-03-05T01:43:51.657+0000] {logging_mixin.py:188} INFO - [2024-03-05T01:43:51.657+0000] {dagbag.py:540} INFO - Filling up the DagBag from /home/airflow/.local/lib/python3.11/site-packages/airflow/example_dags/tutorial_taskflow_api.py
[2024-03-05T01:43:51.662+0000] {processor.py:840} INFO - DAG(s) 'tutorial_taskflow_api' retrieved from /home/airflow/.local/lib/python3.11/site-packages/airflow/example_dags/tutorial_taskflow_api.py
[2024-03-05T01:43:51.678+0000] {logging_mixin.py:188} INFO - [2024-03-05T01:43:51.678+0000] {dag.py:3047} INFO - Sync 1 DAGs
[2024-03-05T01:43:51.687+0000] {logging_mixin.py:188} INFO - [2024-03-05T01:43:51.687+0000] {dag.py:3834} INFO - Setting next_dagrun for tutorial_taskflow_api to None, run_after=None
[2024-03-05T01:43:51.702+0000] {processor.py:183} INFO - Processing /home/airflow/.local/lib/python3.11/site-packages/airflow/example_dags/tutorial_taskflow_api.py took 0.054 seconds
[2024-03-05T01:44:22.490+0000] {processor.py:161} INFO - Started process (PID=208) to work on /home/airflow/.local/lib/python3.11/site-packages/airflow/example_dags/tutorial_taskflow_api.py
[2024-03-05T01:44:22.491+0000] {processor.py:830} INFO - Processing file /home/airflow/.local/lib/python3.11/site-packages/airflow/example_dags/tutorial_taskflow_api.py for tasks to queue
[2024-03-05T01:44:22.493+0000] {logging_mixin.py:188} INFO - [2024-03-05T01:44:22.493+0000] {dagbag.py:540} INFO - Filling up the DagBag from /home/airflow/.local/lib/python3.11/site-packages/airflow/example_dags/tutorial_taskflow_api.py
[2024-03-05T01:44:22.499+0000] {processor.py:840} INFO - DAG(s) 'tutorial_taskflow_api' retrieved from /home/airflow/.local/lib/python3.11/site-packages/airflow/example_dags/tutorial_taskflow_api.py
[2024-03-05T01:44:22.515+0000] {logging_mixin.py:188} INFO - [2024-03-05T01:44:22.515+0000] {dag.py:3047} INFO - Sync 1 DAGs
[2024-03-05T01:44:22.525+0000] {logging_mixin.py:188} INFO - [2024-03-05T01:44:22.525+0000] {dag.py:3834} INFO - Setting next_dagrun for tutorial_taskflow_api to None, run_after=None
[2024-03-05T01:44:22.542+0000] {processor.py:183} INFO - Processing /home/airflow/.local/lib/python3.11/site-packages/airflow/example_dags/tutorial_taskflow_api.py took 0.053 seconds
[2024-03-05T01:44:53.285+0000] {processor.py:161} INFO - Started process (PID=263) to work on /home/airflow/.local/lib/python3.11/site-packages/airflow/example_dags/tutorial_taskflow_api.py
[2024-03-05T01:44:53.286+0000] {processor.py:830} INFO - Processing file /home/airflow/.local/lib/python3.11/site-packages/airflow/example_dags/tutorial_taskflow_api.py for tasks to queue
[2024-03-05T01:44:53.288+0000] {logging_mixin.py:188} INFO - [2024-03-05T01:44:53.287+0000] {dagbag.py:540} INFO - Filling up the DagBag from /home/airflow/.local/lib/python3.11/site-packages/airflow/example_dags/tutorial_taskflow_api.py
[2024-03-05T01:44:53.293+0000] {processor.py:840} INFO - DAG(s) 'tutorial_taskflow_api' retrieved from /home/airflow/.local/lib/python3.11/site-packages/airflow/example_dags/tutorial_taskflow_api.py
[2024-03-05T01:44:53.312+0000] {logging_mixin.py:188} INFO - [2024-03-05T01:44:53.312+0000] {dag.py:3047} INFO - Sync 1 DAGs
[2024-03-05T01:44:53.322+0000] {logging_mixin.py:188} INFO - [2024-03-05T01:44:53.321+0000] {dag.py:3834} INFO - Setting next_dagrun for tutorial_taskflow_api to None, run_after=None
[2024-03-05T01:44:53.338+0000] {processor.py:183} INFO - Processing /home/airflow/.local/lib/python3.11/site-packages/airflow/example_dags/tutorial_taskflow_api.py took 0.056 seconds
[2024-03-05T01:45:23.752+0000] {processor.py:161} INFO - Started process (PID=318) to work on /home/airflow/.local/lib/python3.11/site-packages/airflow/example_dags/tutorial_taskflow_api.py
[2024-03-05T01:45:23.753+0000] {processor.py:830} INFO - Processing file /home/airflow/.local/lib/python3.11/site-packages/airflow/example_dags/tutorial_taskflow_api.py for tasks to queue
[2024-03-05T01:45:23.755+0000] {logging_mixin.py:188} INFO - [2024-03-05T01:45:23.754+0000] {dagbag.py:540} INFO - Filling up the DagBag from /home/airflow/.local/lib/python3.11/site-packages/airflow/example_dags/tutorial_taskflow_api.py
[2024-03-05T01:45:23.760+0000] {processor.py:840} INFO - DAG(s) 'tutorial_taskflow_api' retrieved from /home/airflow/.local/lib/python3.11/site-packages/airflow/example_dags/tutorial_taskflow_api.py
[2024-03-05T01:45:23.778+0000] {logging_mixin.py:188} INFO - [2024-03-05T01:45:23.778+0000] {dag.py:3047} INFO - Sync 1 DAGs
[2024-03-05T01:45:23.786+0000] {logging_mixin.py:188} INFO - [2024-03-05T01:45:23.786+0000] {dag.py:3834} INFO - Setting next_dagrun for tutorial_taskflow_api to None, run_after=None
[2024-03-05T01:45:23.801+0000] {processor.py:183} INFO - Processing /home/airflow/.local/lib/python3.11/site-packages/airflow/example_dags/tutorial_taskflow_api.py took 0.052 seconds
[2024-03-05T01:45:54.326+0000] {processor.py:161} INFO - Started process (PID=373) to work on /home/airflow/.local/lib/python3.11/site-packages/airflow/example_dags/tutorial_taskflow_api.py
[2024-03-05T01:45:54.327+0000] {processor.py:830} INFO - Processing file /home/airflow/.local/lib/python3.11/site-packages/airflow/example_dags/tutorial_taskflow_api.py for tasks to queue
[2024-03-05T01:45:54.329+0000] {logging_mixin.py:188} INFO - [2024-03-05T01:45:54.328+0000] {dagbag.py:540} INFO - Filling up the DagBag from /home/airflow/.local/lib/python3.11/site-packages/airflow/example_dags/tutorial_taskflow_api.py
[2024-03-05T01:45:54.333+0000] {processor.py:840} INFO - DAG(s) 'tutorial_taskflow_api' retrieved from /home/airflow/.local/lib/python3.11/site-packages/airflow/example_dags/tutorial_taskflow_api.py
[2024-03-05T01:45:54.355+0000] {logging_mixin.py:188} INFO - [2024-03-05T01:45:54.355+0000] {dag.py:3047} INFO - Sync 1 DAGs
[2024-03-05T01:45:54.365+0000] {logging_mixin.py:188} INFO - [2024-03-05T01:45:54.365+0000] {dag.py:3834} INFO - Setting next_dagrun for tutorial_taskflow_api to None, run_after=None
[2024-03-05T01:45:54.380+0000] {processor.py:183} INFO - Processing /home/airflow/.local/lib/python3.11/site-packages/airflow/example_dags/tutorial_taskflow_api.py took 0.056 seconds
[2024-03-05T01:46:24.490+0000] {processor.py:161} INFO - Started process (PID=428) to work on /home/airflow/.local/lib/python3.11/site-packages/airflow/example_dags/tutorial_taskflow_api.py
[2024-03-05T01:46:24.492+0000] {processor.py:830} INFO - Processing file /home/airflow/.local/lib/python3.11/site-packages/airflow/example_dags/tutorial_taskflow_api.py for tasks to queue
[2024-03-05T01:46:24.494+0000] {logging_mixin.py:188} INFO - [2024-03-05T01:46:24.494+0000] {dagbag.py:540} INFO - Filling up the DagBag from /home/airflow/.local/lib/python3.11/site-packages/airflow/example_dags/tutorial_taskflow_api.py
[2024-03-05T01:46:24.501+0000] {processor.py:840} INFO - DAG(s) 'tutorial_taskflow_api' retrieved from /home/airflow/.local/lib/python3.11/site-packages/airflow/example_dags/tutorial_taskflow_api.py
[2024-03-05T01:46:24.519+0000] {logging_mixin.py:188} INFO - [2024-03-05T01:46:24.519+0000] {dag.py:3047} INFO - Sync 1 DAGs
[2024-03-05T01:46:24.529+0000] {logging_mixin.py:188} INFO - [2024-03-05T01:46:24.529+0000] {dag.py:3834} INFO - Setting next_dagrun for tutorial_taskflow_api to None, run_after=None
[2024-03-05T01:46:24.544+0000] {processor.py:183} INFO - Processing /home/airflow/.local/lib/python3.11/site-packages/airflow/example_dags/tutorial_taskflow_api.py took 0.058 seconds
